number of genes: 16598
number of nodes: 536
Overlap: 485
5, -5.0 - S: 128, N: 357
5, -4.0 - S: 141, N: 344
5, -3.0 - S: 158, N: 327
5, -2.0 - S: 171, N: 314
5, -1.0 - S: 176, N: 309
5, 0.0 - S: 177, N: 308
5, 1.0 - S: 191, N: 294
5, 2.0 - S: 189, N: 296
5, 3.0 - S: 193, N: 292
5, 4.0 - S: 198, N: 287
5, 5.0 - S: 201, N: 284
6, -5.0 - S: 123, N: 362
6, -4.0 - S: 136, N: 349
6, -3.0 - S: 153, N: 332
6, -2.0 - S: 168, N: 317
6, -1.0 - S: 172, N: 313
6, 0.0 - S: 174, N: 311
6, 1.0 - S: 188, N: 297
6, 2.0 - S: 187, N: 298
6, 3.0 - S: 191, N: 294
6, 4.0 - S: 197, N: 288
6, 5.0 - S: 200, N: 285
7, -5.0 - S: 114, N: 371
7, -4.0 - S: 126, N: 359
7, -3.0 - S: 143, N: 342
7, -2.0 - S: 162, N: 323
7, -1.0 - S: 168, N: 317
7, 0.0 - S: 172, N: 313
7, 1.0 - S: 186, N: 299
7, 2.0 - S: 185, N: 300
7, 3.0 - S: 188, N: 297
7, 4.0 - S: 190, N: 295
7, 5.0 - S: 189, N: 296
8, -5.0 - S: 106, N: 379
8, -4.0 - S: 118, N: 367
8, -3.0 - S: 135, N: 350
8, -2.0 - S: 153, N: 332
8, -1.0 - S: 161, N: 324
8, 0.0 - S: 168, N: 317
8, 1.0 - S: 182, N: 303
8, 2.0 - S: 181, N: 304
8, 3.0 - S: 181, N: 304
8, 4.0 - S: 181, N: 304
8, 5.0 - S: 177, N: 308
9, -5.0 - S: 102, N: 383
9, -4.0 - S: 114, N: 371
9, -3.0 - S: 130, N: 355
9, -2.0 - S: 148, N: 337
9, -1.0 - S: 157, N: 328
9, 0.0 - S: 167, N: 318
9, 1.0 - S: 179, N: 306
9, 2.0 - S: 176, N: 309
9, 3.0 - S: 174, N: 311
9, 4.0 - S: 173, N: 312
9, 5.0 - S: 167, N: 318
10, -5.0 - S: 94, N: 391
10, -4.0 - S: 105, N: 380
10, -3.0 - S: 120, N: 365
10, -2.0 - S: 137, N: 348
10, -1.0 - S: 146, N: 339
10, 0.0 - S: 156, N: 329
10, 1.0 - S: 166, N: 319
10, 2.0 - S: 165, N: 320
10, 3.0 - S: 164, N: 321
10, 4.0 - S: 163, N: 322
10, 5.0 - S: 156, N: 329
