number of genes: 16598
number of nodes: 536
Overlap: 485
10, 5, -5.0 - EC: 76, O: 409
10, 5, -4.0 - EC: 86, O: 399
10, 5, -3.0 - EC: 97, O: 388
10, 5, -2.0 - EC: 105, O: 380
10, 5, -1.0 - EC: 108, O: 377
10, 5, 0.0 - EC: 108, O: 377
10, 5, 1.0 - EC: 116, O: 369
10, 5, 2.0 - EC: 115, O: 370
10, 5, 3.0 - EC: 114, O: 371
10, 5, 4.0 - EC: 120, O: 365
10, 5, 5.0 - EC: 123, O: 362
10, 6, -5.0 - EC: 75, O: 410
10, 6, -4.0 - EC: 85, O: 400
10, 6, -3.0 - EC: 95, O: 390
10, 6, -2.0 - EC: 103, O: 382
10, 6, -1.0 - EC: 106, O: 379
10, 6, 0.0 - EC: 106, O: 379
10, 6, 1.0 - EC: 114, O: 371
10, 6, 2.0 - EC: 114, O: 371
10, 6, 3.0 - EC: 113, O: 372
10, 6, 4.0 - EC: 119, O: 366
10, 6, 5.0 - EC: 122, O: 363
10, 7, -5.0 - EC: 71, O: 414
10, 7, -4.0 - EC: 80, O: 405
10, 7, -3.0 - EC: 90, O: 395
10, 7, -2.0 - EC: 101, O: 384
10, 7, -1.0 - EC: 104, O: 381
10, 7, 0.0 - EC: 105, O: 380
10, 7, 1.0 - EC: 113, O: 372
10, 7, 2.0 - EC: 113, O: 372
10, 7, 3.0 - EC: 111, O: 374
10, 7, 4.0 - EC: 114, O: 371
10, 7, 5.0 - EC: 114, O: 371
10, 8, -5.0 - EC: 66, O: 419
10, 8, -4.0 - EC: 75, O: 410
10, 8, -3.0 - EC: 85, O: 400
10, 8, -2.0 - EC: 96, O: 389
10, 8, -1.0 - EC: 101, O: 384
10, 8, 0.0 - EC: 103, O: 382
10, 8, 1.0 - EC: 111, O: 374
10, 8, 2.0 - EC: 111, O: 374
10, 8, 3.0 - EC: 108, O: 377
10, 8, 4.0 - EC: 110, O: 375
10, 8, 5.0 - EC: 108, O: 377
10, 9, -5.0 - EC: 63, O: 422
10, 9, -4.0 - EC: 72, O: 413
10, 9, -3.0 - EC: 82, O: 403
10, 9, -2.0 - EC: 93, O: 392
10, 9, -1.0 - EC: 99, O: 386
10, 9, 0.0 - EC: 103, O: 382
10, 9, 1.0 - EC: 110, O: 375
10, 9, 2.0 - EC: 109, O: 376
10, 9, 3.0 - EC: 106, O: 379
10, 9, 4.0 - EC: 108, O: 377
10, 9, 5.0 - EC: 105, O: 380
10, 10, -5.0 - EC: 57, O: 428
10, 10, -4.0 - EC: 65, O: 420
10, 10, -3.0 - EC: 74, O: 411
10, 10, -2.0 - EC: 85, O: 400
10, 10, -1.0 - EC: 91, O: 394
10, 10, 0.0 - EC: 96, O: 389
10, 10, 1.0 - EC: 100, O: 385
10, 10, 2.0 - EC: 100, O: 385
10, 10, 3.0 - EC: 98, O: 387
10, 10, 4.0 - EC: 99, O: 386
10, 10, 5.0 - EC: 95, O: 390
20, 5, -5.0 - EC: 71, O: 414
20, 5, -4.0 - EC: 80, O: 405
20, 5, -3.0 - EC: 92, O: 393
20, 5, -2.0 - EC: 99, O: 386
20, 5, -1.0 - EC: 104, O: 381
20, 5, 0.0 - EC: 103, O: 382
20, 5, 1.0 - EC: 110, O: 375
20, 5, 2.0 - EC: 110, O: 375
20, 5, 3.0 - EC: 109, O: 376
20, 5, 4.0 - EC: 115, O: 370
20, 5, 5.0 - EC: 118, O: 367
20, 6, -5.0 - EC: 70, O: 415
20, 6, -4.0 - EC: 79, O: 406
20, 6, -3.0 - EC: 90, O: 395
20, 6, -2.0 - EC: 97, O: 388
20, 6, -1.0 - EC: 102, O: 383
20, 6, 0.0 - EC: 101, O: 384
20, 6, 1.0 - EC: 108, O: 377
20, 6, 2.0 - EC: 109, O: 376
20, 6, 3.0 - EC: 108, O: 377
20, 6, 4.0 - EC: 114, O: 371
20, 6, 5.0 - EC: 117, O: 368
20, 7, -5.0 - EC: 66, O: 419
20, 7, -4.0 - EC: 75, O: 410
20, 7, -3.0 - EC: 86, O: 399
20, 7, -2.0 - EC: 96, O: 389
20, 7, -1.0 - EC: 100, O: 385
20, 7, 0.0 - EC: 100, O: 385
20, 7, 1.0 - EC: 107, O: 378
20, 7, 2.0 - EC: 108, O: 377
20, 7, 3.0 - EC: 106, O: 379
20, 7, 4.0 - EC: 109, O: 376
20, 7, 5.0 - EC: 109, O: 376
20, 8, -5.0 - EC: 62, O: 423
20, 8, -4.0 - EC: 71, O: 414
20, 8, -3.0 - EC: 82, O: 403
20, 8, -2.0 - EC: 91, O: 394
20, 8, -1.0 - EC: 97, O: 388
20, 8, 0.0 - EC: 98, O: 387
20, 8, 1.0 - EC: 105, O: 380
20, 8, 2.0 - EC: 106, O: 379
20, 8, 3.0 - EC: 103, O: 382
20, 8, 4.0 - EC: 105, O: 380
20, 8, 5.0 - EC: 103, O: 382
20, 9, -5.0 - EC: 59, O: 426
20, 9, -4.0 - EC: 68, O: 417
20, 9, -3.0 - EC: 79, O: 406
20, 9, -2.0 - EC: 88, O: 397
20, 9, -1.0 - EC: 95, O: 390
20, 9, 0.0 - EC: 98, O: 387
20, 9, 1.0 - EC: 104, O: 381
20, 9, 2.0 - EC: 104, O: 381
20, 9, 3.0 - EC: 101, O: 384
20, 9, 4.0 - EC: 103, O: 382
20, 9, 5.0 - EC: 101, O: 384
20, 10, -5.0 - EC: 54, O: 431
20, 10, -4.0 - EC: 62, O: 423
20, 10, -3.0 - EC: 71, O: 414
20, 10, -2.0 - EC: 80, O: 405
20, 10, -1.0 - EC: 87, O: 398
20, 10, 0.0 - EC: 91, O: 394
20, 10, 1.0 - EC: 94, O: 391
20, 10, 2.0 - EC: 95, O: 390
20, 10, 3.0 - EC: 93, O: 392
20, 10, 4.0 - EC: 94, O: 391
20, 10, 5.0 - EC: 92, O: 393
30, 5, -5.0 - EC: 60, O: 425
30, 5, -4.0 - EC: 71, O: 414
30, 5, -3.0 - EC: 83, O: 402
30, 5, -2.0 - EC: 92, O: 393
30, 5, -1.0 - EC: 99, O: 386
30, 5, 0.0 - EC: 98, O: 387
30, 5, 1.0 - EC: 104, O: 381
30, 5, 2.0 - EC: 105, O: 380
30, 5, 3.0 - EC: 105, O: 380
30, 5, 4.0 - EC: 110, O: 375
30, 5, 5.0 - EC: 111, O: 374
30, 6, -5.0 - EC: 59, O: 426
30, 6, -4.0 - EC: 70, O: 415
30, 6, -3.0 - EC: 81, O: 404
30, 6, -2.0 - EC: 90, O: 395
30, 6, -1.0 - EC: 97, O: 388
30, 6, 0.0 - EC: 96, O: 389
30, 6, 1.0 - EC: 102, O: 383
30, 6, 2.0 - EC: 104, O: 381
30, 6, 3.0 - EC: 104, O: 381
30, 6, 4.0 - EC: 109, O: 376
30, 6, 5.0 - EC: 110, O: 375
30, 7, -5.0 - EC: 55, O: 430
30, 7, -4.0 - EC: 66, O: 419
30, 7, -3.0 - EC: 77, O: 408
30, 7, -2.0 - EC: 89, O: 396
30, 7, -1.0 - EC: 95, O: 390
30, 7, 0.0 - EC: 95, O: 390
30, 7, 1.0 - EC: 101, O: 384
30, 7, 2.0 - EC: 103, O: 382
30, 7, 3.0 - EC: 102, O: 383
30, 7, 4.0 - EC: 104, O: 381
30, 7, 5.0 - EC: 102, O: 383
30, 8, -5.0 - EC: 52, O: 433
30, 8, -4.0 - EC: 62, O: 423
30, 8, -3.0 - EC: 73, O: 412
30, 8, -2.0 - EC: 84, O: 401
30, 8, -1.0 - EC: 92, O: 393
30, 8, 0.0 - EC: 93, O: 392
30, 8, 1.0 - EC: 99, O: 386
30, 8, 2.0 - EC: 101, O: 384
30, 8, 3.0 - EC: 99, O: 386
30, 8, 4.0 - EC: 100, O: 385
30, 8, 5.0 - EC: 97, O: 388
30, 9, -5.0 - EC: 49, O: 436
30, 9, -4.0 - EC: 59, O: 426
30, 9, -3.0 - EC: 70, O: 415
30, 9, -2.0 - EC: 81, O: 404
30, 9, -1.0 - EC: 90, O: 395
30, 9, 0.0 - EC: 93, O: 392
30, 9, 1.0 - EC: 98, O: 387
30, 9, 2.0 - EC: 99, O: 386
30, 9, 3.0 - EC: 97, O: 388
30, 9, 4.0 - EC: 98, O: 387
30, 9, 5.0 - EC: 95, O: 390
30, 10, -5.0 - EC: 45, O: 440
30, 10, -4.0 - EC: 54, O: 431
30, 10, -3.0 - EC: 63, O: 422
30, 10, -2.0 - EC: 74, O: 411
30, 10, -1.0 - EC: 83, O: 402
30, 10, 0.0 - EC: 86, O: 399
30, 10, 1.0 - EC: 88, O: 397
30, 10, 2.0 - EC: 90, O: 395
30, 10, 3.0 - EC: 89, O: 396
30, 10, 4.0 - EC: 89, O: 396
30, 10, 5.0 - EC: 86, O: 399
40, 5, -5.0 - EC: 57, O: 428
40, 5, -4.0 - EC: 67, O: 418
40, 5, -3.0 - EC: 78, O: 407
40, 5, -2.0 - EC: 87, O: 398
40, 5, -1.0 - EC: 94, O: 391
40, 5, 0.0 - EC: 95, O: 390
40, 5, 1.0 - EC: 102, O: 383
40, 5, 2.0 - EC: 104, O: 381
40, 5, 3.0 - EC: 105, O: 380
40, 5, 4.0 - EC: 110, O: 375
40, 5, 5.0 - EC: 109, O: 376
40, 6, -5.0 - EC: 56, O: 429
40, 6, -4.0 - EC: 66, O: 419
40, 6, -3.0 - EC: 76, O: 409
40, 6, -2.0 - EC: 85, O: 400
40, 6, -1.0 - EC: 92, O: 393
40, 6, 0.0 - EC: 93, O: 392
40, 6, 1.0 - EC: 100, O: 385
40, 6, 2.0 - EC: 103, O: 382
40, 6, 3.0 - EC: 104, O: 381
40, 6, 4.0 - EC: 109, O: 376
40, 6, 5.0 - EC: 109, O: 376
40, 7, -5.0 - EC: 52, O: 433
40, 7, -4.0 - EC: 62, O: 423
40, 7, -3.0 - EC: 72, O: 413
40, 7, -2.0 - EC: 84, O: 401
40, 7, -1.0 - EC: 90, O: 395
40, 7, 0.0 - EC: 92, O: 393
40, 7, 1.0 - EC: 99, O: 386
40, 7, 2.0 - EC: 102, O: 383
40, 7, 3.0 - EC: 102, O: 383
40, 7, 4.0 - EC: 104, O: 381
40, 7, 5.0 - EC: 101, O: 384
40, 8, -5.0 - EC: 49, O: 436
40, 8, -4.0 - EC: 59, O: 426
40, 8, -3.0 - EC: 69, O: 416
40, 8, -2.0 - EC: 80, O: 405
40, 8, -1.0 - EC: 87, O: 398
40, 8, 0.0 - EC: 90, O: 395
40, 8, 1.0 - EC: 97, O: 388
40, 8, 2.0 - EC: 100, O: 385
40, 8, 3.0 - EC: 99, O: 386
40, 8, 4.0 - EC: 100, O: 385
40, 8, 5.0 - EC: 96, O: 389
40, 9, -5.0 - EC: 46, O: 439
40, 9, -4.0 - EC: 56, O: 429
40, 9, -3.0 - EC: 66, O: 419
40, 9, -2.0 - EC: 77, O: 408
40, 9, -1.0 - EC: 85, O: 400
40, 9, 0.0 - EC: 90, O: 395
40, 9, 1.0 - EC: 96, O: 389
40, 9, 2.0 - EC: 98, O: 387
40, 9, 3.0 - EC: 97, O: 388
40, 9, 4.0 - EC: 98, O: 387
40, 9, 5.0 - EC: 94, O: 391
40, 10, -5.0 - EC: 43, O: 442
40, 10, -4.0 - EC: 51, O: 434
40, 10, -3.0 - EC: 59, O: 426
40, 10, -2.0 - EC: 70, O: 415
40, 10, -1.0 - EC: 78, O: 407
40, 10, 0.0 - EC: 83, O: 402
40, 10, 1.0 - EC: 86, O: 399
40, 10, 2.0 - EC: 89, O: 396
40, 10, 3.0 - EC: 89, O: 396
40, 10, 4.0 - EC: 89, O: 396
40, 10, 5.0 - EC: 85, O: 400
50, 5, -5.0 - EC: 54, O: 431
50, 5, -4.0 - EC: 65, O: 420
50, 5, -3.0 - EC: 76, O: 409
50, 5, -2.0 - EC: 85, O: 400
50, 5, -1.0 - EC: 91, O: 394
50, 5, 0.0 - EC: 93, O: 392
50, 5, 1.0 - EC: 101, O: 384
50, 5, 2.0 - EC: 102, O: 383
50, 5, 3.0 - EC: 103, O: 382
50, 5, 4.0 - EC: 109, O: 376
50, 5, 5.0 - EC: 107, O: 378
50, 6, -5.0 - EC: 53, O: 432
50, 6, -4.0 - EC: 64, O: 421
50, 6, -3.0 - EC: 74, O: 411
50, 6, -2.0 - EC: 83, O: 402
50, 6, -1.0 - EC: 89, O: 396
50, 6, 0.0 - EC: 91, O: 394
50, 6, 1.0 - EC: 99, O: 386
50, 6, 2.0 - EC: 101, O: 384
50, 6, 3.0 - EC: 102, O: 383
50, 6, 4.0 - EC: 108, O: 377
50, 6, 5.0 - EC: 107, O: 378
50, 7, -5.0 - EC: 49, O: 436
50, 7, -4.0 - EC: 60, O: 425
50, 7, -3.0 - EC: 70, O: 415
50, 7, -2.0 - EC: 82, O: 403
50, 7, -1.0 - EC: 87, O: 398
50, 7, 0.0 - EC: 90, O: 395
50, 7, 1.0 - EC: 98, O: 387
50, 7, 2.0 - EC: 100, O: 385
50, 7, 3.0 - EC: 100, O: 385
50, 7, 4.0 - EC: 103, O: 382
50, 7, 5.0 - EC: 100, O: 385
50, 8, -5.0 - EC: 46, O: 439
50, 8, -4.0 - EC: 57, O: 428
50, 8, -3.0 - EC: 67, O: 418
50, 8, -2.0 - EC: 78, O: 407
50, 8, -1.0 - EC: 84, O: 401
50, 8, 0.0 - EC: 88, O: 397
50, 8, 1.0 - EC: 96, O: 389
50, 8, 2.0 - EC: 98, O: 387
50, 8, 3.0 - EC: 97, O: 388
50, 8, 4.0 - EC: 99, O: 386
50, 8, 5.0 - EC: 95, O: 390
50, 9, -5.0 - EC: 43, O: 442
50, 9, -4.0 - EC: 54, O: 431
50, 9, -3.0 - EC: 64, O: 421
50, 9, -2.0 - EC: 75, O: 410
50, 9, -1.0 - EC: 82, O: 403
50, 9, 0.0 - EC: 88, O: 397
50, 9, 1.0 - EC: 95, O: 390
50, 9, 2.0 - EC: 96, O: 389
50, 9, 3.0 - EC: 95, O: 390
50, 9, 4.0 - EC: 97, O: 388
50, 9, 5.0 - EC: 93, O: 392
50, 10, -5.0 - EC: 40, O: 445
50, 10, -4.0 - EC: 49, O: 436
50, 10, -3.0 - EC: 57, O: 428
50, 10, -2.0 - EC: 68, O: 417
50, 10, -1.0 - EC: 75, O: 410
50, 10, 0.0 - EC: 81, O: 404
50, 10, 1.0 - EC: 85, O: 400
50, 10, 2.0 - EC: 87, O: 398
50, 10, 3.0 - EC: 87, O: 398
50, 10, 4.0 - EC: 88, O: 397
50, 10, 5.0 - EC: 84, O: 401
