number of genes: 16598
number of nodes: 536
Overlap: 485
10, 5, -5.0 - C: 35, E: 41, O: 409
10, 5, -4.0 - C: 46, E: 40, O: 399
10, 5, -3.0 - C: 58, E: 39, O: 388
10, 5, -2.0 - C: 68, E: 37, O: 380
10, 5, -1.0 - C: 77, E: 31, O: 377
10, 5, 0.0 - C: 77, E: 31, O: 377
10, 5, 1.0 - C: 87, E: 29, O: 369
10, 5, 2.0 - C: 90, E: 25, O: 370
10, 5, 3.0 - C: 89, E: 25, O: 371
10, 5, 4.0 - C: 95, E: 25, O: 365
10, 5, 5.0 - C: 96, E: 27, O: 362
10, 6, -5.0 - C: 34, E: 41, O: 410
10, 6, -4.0 - C: 45, E: 40, O: 400
10, 6, -3.0 - C: 56, E: 39, O: 390
10, 6, -2.0 - C: 66, E: 37, O: 382
10, 6, -1.0 - C: 75, E: 31, O: 379
10, 6, 0.0 - C: 75, E: 31, O: 379
10, 6, 1.0 - C: 85, E: 29, O: 371
10, 6, 2.0 - C: 89, E: 25, O: 371
10, 6, 3.0 - C: 88, E: 25, O: 372
10, 6, 4.0 - C: 94, E: 25, O: 366
10, 6, 5.0 - C: 96, E: 26, O: 363
10, 7, -5.0 - C: 31, E: 40, O: 414
10, 7, -4.0 - C: 42, E: 38, O: 405
10, 7, -3.0 - C: 52, E: 38, O: 395
10, 7, -2.0 - C: 65, E: 36, O: 384
10, 7, -1.0 - C: 73, E: 31, O: 381
10, 7, 0.0 - C: 74, E: 31, O: 380
10, 7, 1.0 - C: 84, E: 29, O: 372
10, 7, 2.0 - C: 88, E: 25, O: 372
10, 7, 3.0 - C: 86, E: 25, O: 374
10, 7, 4.0 - C: 89, E: 25, O: 371
10, 7, 5.0 - C: 89, E: 25, O: 371
10, 8, -5.0 - C: 28, E: 38, O: 419
10, 8, -4.0 - C: 39, E: 36, O: 410
10, 8, -3.0 - C: 49, E: 36, O: 400
10, 8, -2.0 - C: 61, E: 35, O: 389
10, 8, -1.0 - C: 70, E: 31, O: 384
10, 8, 0.0 - C: 72, E: 31, O: 382
10, 8, 1.0 - C: 82, E: 29, O: 374
10, 8, 2.0 - C: 86, E: 25, O: 374
10, 8, 3.0 - C: 84, E: 24, O: 377
10, 8, 4.0 - C: 86, E: 24, O: 375
10, 8, 5.0 - C: 85, E: 23, O: 377
10, 9, -5.0 - C: 25, E: 38, O: 422
10, 9, -4.0 - C: 36, E: 36, O: 413
10, 9, -3.0 - C: 46, E: 36, O: 403
10, 9, -2.0 - C: 58, E: 35, O: 392
10, 9, -1.0 - C: 68, E: 31, O: 386
10, 9, 0.0 - C: 72, E: 31, O: 382
10, 9, 1.0 - C: 82, E: 28, O: 375
10, 9, 2.0 - C: 84, E: 25, O: 376
10, 9, 3.0 - C: 82, E: 24, O: 379
10, 9, 4.0 - C: 84, E: 24, O: 377
10, 9, 5.0 - C: 83, E: 22, O: 380
10, 10, -5.0 - C: 24, E: 33, O: 428
10, 10, -4.0 - C: 33, E: 32, O: 420
10, 10, -3.0 - C: 41, E: 33, O: 411
10, 10, -2.0 - C: 53, E: 32, O: 400
10, 10, -1.0 - C: 63, E: 28, O: 394
10, 10, 0.0 - C: 67, E: 29, O: 389
10, 10, 1.0 - C: 75, E: 25, O: 385
10, 10, 2.0 - C: 76, E: 24, O: 385
10, 10, 3.0 - C: 74, E: 24, O: 387
10, 10, 4.0 - C: 75, E: 24, O: 386
10, 10, 5.0 - C: 74, E: 21, O: 390
20, 5, -5.0 - C: 35, E: 36, O: 414
20, 5, -4.0 - C: 46, E: 34, O: 405
20, 5, -3.0 - C: 58, E: 34, O: 393
20, 5, -2.0 - C: 68, E: 31, O: 386
20, 5, -1.0 - C: 77, E: 27, O: 381
20, 5, 0.0 - C: 77, E: 26, O: 382
20, 5, 1.0 - C: 87, E: 23, O: 375
20, 5, 2.0 - C: 90, E: 20, O: 375
20, 5, 3.0 - C: 89, E: 20, O: 376
20, 5, 4.0 - C: 95, E: 20, O: 370
20, 5, 5.0 - C: 96, E: 22, O: 367
20, 6, -5.0 - C: 34, E: 36, O: 415
20, 6, -4.0 - C: 45, E: 34, O: 406
20, 6, -3.0 - C: 56, E: 34, O: 395
20, 6, -2.0 - C: 66, E: 31, O: 388
20, 6, -1.0 - C: 75, E: 27, O: 383
20, 6, 0.0 - C: 75, E: 26, O: 384
20, 6, 1.0 - C: 85, E: 23, O: 377
20, 6, 2.0 - C: 89, E: 20, O: 376
20, 6, 3.0 - C: 88, E: 20, O: 377
20, 6, 4.0 - C: 94, E: 20, O: 371
20, 6, 5.0 - C: 96, E: 21, O: 368
20, 7, -5.0 - C: 31, E: 35, O: 419
20, 7, -4.0 - C: 42, E: 33, O: 410
20, 7, -3.0 - C: 52, E: 34, O: 399
20, 7, -2.0 - C: 65, E: 31, O: 389
20, 7, -1.0 - C: 73, E: 27, O: 385
20, 7, 0.0 - C: 74, E: 26, O: 385
20, 7, 1.0 - C: 84, E: 23, O: 378
20, 7, 2.0 - C: 88, E: 20, O: 377
20, 7, 3.0 - C: 86, E: 20, O: 379
20, 7, 4.0 - C: 89, E: 20, O: 376
20, 7, 5.0 - C: 89, E: 20, O: 376
20, 8, -5.0 - C: 28, E: 34, O: 423
20, 8, -4.0 - C: 39, E: 32, O: 414
20, 8, -3.0 - C: 49, E: 33, O: 403
20, 8, -2.0 - C: 61, E: 30, O: 394
20, 8, -1.0 - C: 70, E: 27, O: 388
20, 8, 0.0 - C: 72, E: 26, O: 387
20, 8, 1.0 - C: 82, E: 23, O: 380
20, 8, 2.0 - C: 86, E: 20, O: 379
20, 8, 3.0 - C: 84, E: 19, O: 382
20, 8, 4.0 - C: 86, E: 19, O: 380
20, 8, 5.0 - C: 85, E: 18, O: 382
20, 9, -5.0 - C: 25, E: 34, O: 426
20, 9, -4.0 - C: 36, E: 32, O: 417
20, 9, -3.0 - C: 46, E: 33, O: 406
20, 9, -2.0 - C: 58, E: 30, O: 397
20, 9, -1.0 - C: 68, E: 27, O: 390
20, 9, 0.0 - C: 72, E: 26, O: 387
20, 9, 1.0 - C: 82, E: 22, O: 381
20, 9, 2.0 - C: 84, E: 20, O: 381
20, 9, 3.0 - C: 82, E: 19, O: 384
20, 9, 4.0 - C: 84, E: 19, O: 382
20, 9, 5.0 - C: 83, E: 18, O: 384
20, 10, -5.0 - C: 24, E: 30, O: 431
20, 10, -4.0 - C: 33, E: 29, O: 423
20, 10, -3.0 - C: 41, E: 30, O: 414
20, 10, -2.0 - C: 53, E: 27, O: 405
20, 10, -1.0 - C: 63, E: 24, O: 398
20, 10, 0.0 - C: 67, E: 24, O: 394
20, 10, 1.0 - C: 75, E: 19, O: 391
20, 10, 2.0 - C: 76, E: 19, O: 390
20, 10, 3.0 - C: 74, E: 19, O: 392
20, 10, 4.0 - C: 75, E: 19, O: 391
20, 10, 5.0 - C: 74, E: 18, O: 393
30, 5, -5.0 - C: 35, E: 25, O: 425
30, 5, -4.0 - C: 46, E: 25, O: 414
30, 5, -3.0 - C: 58, E: 25, O: 402
30, 5, -2.0 - C: 68, E: 24, O: 393
30, 5, -1.0 - C: 77, E: 22, O: 386
30, 5, 0.0 - C: 77, E: 21, O: 387
30, 5, 1.0 - C: 87, E: 17, O: 381
30, 5, 2.0 - C: 90, E: 15, O: 380
30, 5, 3.0 - C: 89, E: 16, O: 380
30, 5, 4.0 - C: 95, E: 15, O: 375
30, 5, 5.0 - C: 96, E: 15, O: 374
30, 6, -5.0 - C: 34, E: 25, O: 426
30, 6, -4.0 - C: 45, E: 25, O: 415
30, 6, -3.0 - C: 56, E: 25, O: 404
30, 6, -2.0 - C: 66, E: 24, O: 395
30, 6, -1.0 - C: 75, E: 22, O: 388
30, 6, 0.0 - C: 75, E: 21, O: 389
30, 6, 1.0 - C: 85, E: 17, O: 383
30, 6, 2.0 - C: 89, E: 15, O: 381
30, 6, 3.0 - C: 88, E: 16, O: 381
30, 6, 4.0 - C: 94, E: 15, O: 376
30, 6, 5.0 - C: 96, E: 14, O: 375
30, 7, -5.0 - C: 31, E: 24, O: 430
30, 7, -4.0 - C: 42, E: 24, O: 419
30, 7, -3.0 - C: 52, E: 25, O: 408
30, 7, -2.0 - C: 65, E: 24, O: 396
30, 7, -1.0 - C: 73, E: 22, O: 390
30, 7, 0.0 - C: 74, E: 21, O: 390
30, 7, 1.0 - C: 84, E: 17, O: 384
30, 7, 2.0 - C: 88, E: 15, O: 382
30, 7, 3.0 - C: 86, E: 16, O: 383
30, 7, 4.0 - C: 89, E: 15, O: 381
30, 7, 5.0 - C: 89, E: 13, O: 383
30, 8, -5.0 - C: 28, E: 24, O: 433
30, 8, -4.0 - C: 39, E: 23, O: 423
30, 8, -3.0 - C: 49, E: 24, O: 412
30, 8, -2.0 - C: 61, E: 23, O: 401
30, 8, -1.0 - C: 70, E: 22, O: 393
30, 8, 0.0 - C: 72, E: 21, O: 392
30, 8, 1.0 - C: 82, E: 17, O: 386
30, 8, 2.0 - C: 86, E: 15, O: 384
30, 8, 3.0 - C: 84, E: 15, O: 386
30, 8, 4.0 - C: 86, E: 14, O: 385
30, 8, 5.0 - C: 85, E: 12, O: 388
30, 9, -5.0 - C: 25, E: 24, O: 436
30, 9, -4.0 - C: 36, E: 23, O: 426
30, 9, -3.0 - C: 46, E: 24, O: 415
30, 9, -2.0 - C: 58, E: 23, O: 404
30, 9, -1.0 - C: 68, E: 22, O: 395
30, 9, 0.0 - C: 72, E: 21, O: 392
30, 9, 1.0 - C: 82, E: 16, O: 387
30, 9, 2.0 - C: 84, E: 15, O: 386
30, 9, 3.0 - C: 82, E: 15, O: 388
30, 9, 4.0 - C: 84, E: 14, O: 387
30, 9, 5.0 - C: 83, E: 12, O: 390
30, 10, -5.0 - C: 24, E: 21, O: 440
30, 10, -4.0 - C: 33, E: 21, O: 431
30, 10, -3.0 - C: 41, E: 22, O: 422
30, 10, -2.0 - C: 53, E: 21, O: 411
30, 10, -1.0 - C: 63, E: 20, O: 402
30, 10, 0.0 - C: 67, E: 19, O: 399
30, 10, 1.0 - C: 75, E: 13, O: 397
30, 10, 2.0 - C: 76, E: 14, O: 395
30, 10, 3.0 - C: 74, E: 15, O: 396
30, 10, 4.0 - C: 75, E: 14, O: 396
30, 10, 5.0 - C: 74, E: 12, O: 399
40, 5, -5.0 - C: 35, E: 22, O: 428
40, 5, -4.0 - C: 46, E: 21, O: 418
40, 5, -3.0 - C: 58, E: 20, O: 407
40, 5, -2.0 - C: 68, E: 19, O: 398
40, 5, -1.0 - C: 77, E: 17, O: 391
40, 5, 0.0 - C: 77, E: 18, O: 390
40, 5, 1.0 - C: 87, E: 15, O: 383
40, 5, 2.0 - C: 90, E: 14, O: 381
40, 5, 3.0 - C: 89, E: 16, O: 380
40, 5, 4.0 - C: 95, E: 15, O: 375
40, 5, 5.0 - C: 96, E: 13, O: 376
40, 6, -5.0 - C: 34, E: 22, O: 429
40, 6, -4.0 - C: 45, E: 21, O: 419
40, 6, -3.0 - C: 56, E: 20, O: 409
40, 6, -2.0 - C: 66, E: 19, O: 400
40, 6, -1.0 - C: 75, E: 17, O: 393
40, 6, 0.0 - C: 75, E: 18, O: 392
40, 6, 1.0 - C: 85, E: 15, O: 385
40, 6, 2.0 - C: 89, E: 14, O: 382
40, 6, 3.0 - C: 88, E: 16, O: 381
40, 6, 4.0 - C: 94, E: 15, O: 376
40, 6, 5.0 - C: 96, E: 13, O: 376
40, 7, -5.0 - C: 31, E: 21, O: 433
40, 7, -4.0 - C: 42, E: 20, O: 423
40, 7, -3.0 - C: 52, E: 20, O: 413
40, 7, -2.0 - C: 65, E: 19, O: 401
40, 7, -1.0 - C: 73, E: 17, O: 395
40, 7, 0.0 - C: 74, E: 18, O: 393
40, 7, 1.0 - C: 84, E: 15, O: 386
40, 7, 2.0 - C: 88, E: 14, O: 383
40, 7, 3.0 - C: 86, E: 16, O: 383
40, 7, 4.0 - C: 89, E: 15, O: 381
40, 7, 5.0 - C: 89, E: 12, O: 384
40, 8, -5.0 - C: 28, E: 21, O: 436
40, 8, -4.0 - C: 39, E: 20, O: 426
40, 8, -3.0 - C: 49, E: 20, O: 416
40, 8, -2.0 - C: 61, E: 19, O: 405
40, 8, -1.0 - C: 70, E: 17, O: 398
40, 8, 0.0 - C: 72, E: 18, O: 395
40, 8, 1.0 - C: 82, E: 15, O: 388
40, 8, 2.0 - C: 86, E: 14, O: 385
40, 8, 3.0 - C: 84, E: 15, O: 386
40, 8, 4.0 - C: 86, E: 14, O: 385
40, 8, 5.0 - C: 85, E: 11, O: 389
40, 9, -5.0 - C: 25, E: 21, O: 439
40, 9, -4.0 - C: 36, E: 20, O: 429
40, 9, -3.0 - C: 46, E: 20, O: 419
40, 9, -2.0 - C: 58, E: 19, O: 408
40, 9, -1.0 - C: 68, E: 17, O: 400
40, 9, 0.0 - C: 72, E: 18, O: 395
40, 9, 1.0 - C: 82, E: 14, O: 389
40, 9, 2.0 - C: 84, E: 14, O: 387
40, 9, 3.0 - C: 82, E: 15, O: 388
40, 9, 4.0 - C: 84, E: 14, O: 387
40, 9, 5.0 - C: 83, E: 11, O: 391
40, 10, -5.0 - C: 24, E: 19, O: 442
40, 10, -4.0 - C: 33, E: 18, O: 434
40, 10, -3.0 - C: 41, E: 18, O: 426
40, 10, -2.0 - C: 53, E: 17, O: 415
40, 10, -1.0 - C: 63, E: 15, O: 407
40, 10, 0.0 - C: 67, E: 16, O: 402
40, 10, 1.0 - C: 75, E: 11, O: 399
40, 10, 2.0 - C: 76, E: 13, O: 396
40, 10, 3.0 - C: 74, E: 15, O: 396
40, 10, 4.0 - C: 75, E: 14, O: 396
40, 10, 5.0 - C: 74, E: 11, O: 400
50, 5, -5.0 - C: 35, E: 19, O: 431
50, 5, -4.0 - C: 46, E: 19, O: 420
50, 5, -3.0 - C: 58, E: 18, O: 409
50, 5, -2.0 - C: 68, E: 17, O: 400
50, 5, -1.0 - C: 77, E: 14, O: 394
50, 5, 0.0 - C: 77, E: 16, O: 392
50, 5, 1.0 - C: 87, E: 14, O: 384
50, 5, 2.0 - C: 90, E: 12, O: 383
50, 5, 3.0 - C: 89, E: 14, O: 382
50, 5, 4.0 - C: 95, E: 14, O: 376
50, 5, 5.0 - C: 96, E: 11, O: 378
50, 6, -5.0 - C: 34, E: 19, O: 432
50, 6, -4.0 - C: 45, E: 19, O: 421
50, 6, -3.0 - C: 56, E: 18, O: 411
50, 6, -2.0 - C: 66, E: 17, O: 402
50, 6, -1.0 - C: 75, E: 14, O: 396
50, 6, 0.0 - C: 75, E: 16, O: 394
50, 6, 1.0 - C: 85, E: 14, O: 386
50, 6, 2.0 - C: 89, E: 12, O: 384
50, 6, 3.0 - C: 88, E: 14, O: 383
50, 6, 4.0 - C: 94, E: 14, O: 377
50, 6, 5.0 - C: 96, E: 11, O: 378
50, 7, -5.0 - C: 31, E: 18, O: 436
50, 7, -4.0 - C: 42, E: 18, O: 425
50, 7, -3.0 - C: 52, E: 18, O: 415
50, 7, -2.0 - C: 65, E: 17, O: 403
50, 7, -1.0 - C: 73, E: 14, O: 398
50, 7, 0.0 - C: 74, E: 16, O: 395
50, 7, 1.0 - C: 84, E: 14, O: 387
50, 7, 2.0 - C: 88, E: 12, O: 385
50, 7, 3.0 - C: 86, E: 14, O: 385
50, 7, 4.0 - C: 89, E: 14, O: 382
50, 7, 5.0 - C: 89, E: 11, O: 385
50, 8, -5.0 - C: 28, E: 18, O: 439
50, 8, -4.0 - C: 39, E: 18, O: 428
50, 8, -3.0 - C: 49, E: 18, O: 418
50, 8, -2.0 - C: 61, E: 17, O: 407
50, 8, -1.0 - C: 70, E: 14, O: 401
50, 8, 0.0 - C: 72, E: 16, O: 397
50, 8, 1.0 - C: 82, E: 14, O: 389
50, 8, 2.0 - C: 86, E: 12, O: 387
50, 8, 3.0 - C: 84, E: 13, O: 388
50, 8, 4.0 - C: 86, E: 13, O: 386
50, 8, 5.0 - C: 85, E: 10, O: 390
50, 9, -5.0 - C: 25, E: 18, O: 442
50, 9, -4.0 - C: 36, E: 18, O: 431
50, 9, -3.0 - C: 46, E: 18, O: 421
50, 9, -2.0 - C: 58, E: 17, O: 410
50, 9, -1.0 - C: 68, E: 14, O: 403
50, 9, 0.0 - C: 72, E: 16, O: 397
50, 9, 1.0 - C: 82, E: 13, O: 390
50, 9, 2.0 - C: 84, E: 12, O: 389
50, 9, 3.0 - C: 82, E: 13, O: 390
50, 9, 4.0 - C: 84, E: 13, O: 388
50, 9, 5.0 - C: 83, E: 10, O: 392
50, 10, -5.0 - C: 24, E: 16, O: 445
50, 10, -4.0 - C: 33, E: 16, O: 436
50, 10, -3.0 - C: 41, E: 16, O: 428
50, 10, -2.0 - C: 53, E: 15, O: 417
50, 10, -1.0 - C: 63, E: 12, O: 410
50, 10, 0.0 - C: 67, E: 14, O: 404
50, 10, 1.0 - C: 75, E: 10, O: 400
50, 10, 2.0 - C: 76, E: 11, O: 398
50, 10, 3.0 - C: 74, E: 13, O: 398
50, 10, 4.0 - C: 75, E: 13, O: 397
50, 10, 5.0 - C: 74, E: 10, O: 401
