number of genes: 16598
number of nodes: 534
Overlap: 483
5, -5.0 - S: 120, N: 363
5, -4.0 - S: 135, N: 348
5, -3.0 - S: 147, N: 336
5, -2.0 - S: 171, N: 312
5, -1.0 - S: 180, N: 303
5, 0.0 - S: 190, N: 293
5, 1.0 - S: 195, N: 288
5, 2.0 - S: 205, N: 278
5, 3.0 - S: 217, N: 266
5, 4.0 - S: 222, N: 261
5, 5.0 - S: 225, N: 258
6, -5.0 - S: 117, N: 366
6, -4.0 - S: 131, N: 352
6, -3.0 - S: 144, N: 339
6, -2.0 - S: 167, N: 316
6, -1.0 - S: 178, N: 305
6, 0.0 - S: 187, N: 296
6, 1.0 - S: 192, N: 291
6, 2.0 - S: 202, N: 281
6, 3.0 - S: 214, N: 269
6, 4.0 - S: 220, N: 263
6, 5.0 - S: 222, N: 261
7, -5.0 - S: 108, N: 375
7, -4.0 - S: 121, N: 362
7, -3.0 - S: 134, N: 349
7, -2.0 - S: 157, N: 326
7, -1.0 - S: 171, N: 312
7, 0.0 - S: 183, N: 300
7, 1.0 - S: 188, N: 295
7, 2.0 - S: 199, N: 284
7, 3.0 - S: 210, N: 273
7, 4.0 - S: 216, N: 267
7, 5.0 - S: 215, N: 268
8, -5.0 - S: 105, N: 378
8, -4.0 - S: 118, N: 365
8, -3.0 - S: 131, N: 352
8, -2.0 - S: 154, N: 329
8, -1.0 - S: 165, N: 318
8, 0.0 - S: 177, N: 306
8, 1.0 - S: 182, N: 301
8, 2.0 - S: 193, N: 290
8, 3.0 - S: 201, N: 282
8, 4.0 - S: 206, N: 277
8, 5.0 - S: 203, N: 280
9, -5.0 - S: 98, N: 385
9, -4.0 - S: 111, N: 372
9, -3.0 - S: 123, N: 360
9, -2.0 - S: 146, N: 337
9, -1.0 - S: 156, N: 327
9, 0.0 - S: 170, N: 313
9, 1.0 - S: 177, N: 306
9, 2.0 - S: 187, N: 296
9, 3.0 - S: 193, N: 290
9, 4.0 - S: 195, N: 288
9, 5.0 - S: 189, N: 294
10, -5.0 - S: 92, N: 391
10, -4.0 - S: 104, N: 379
10, -3.0 - S: 115, N: 368
10, -2.0 - S: 138, N: 345
10, -1.0 - S: 147, N: 336
10, 0.0 - S: 161, N: 322
10, 1.0 - S: 168, N: 315
10, 2.0 - S: 177, N: 306
10, 3.0 - S: 180, N: 303
10, 4.0 - S: 180, N: 303
10, 5.0 - S: 173, N: 310
