number of genes: 16598
number of nodes: 536
Overlap: 485
5, -5.0 - S: 84, N: 401
5, -4.0 - S: 105, N: 380
5, -3.0 - S: 127, N: 358
5, -2.0 - S: 134, N: 351
5, -1.0 - S: 147, N: 338
5, 0.0 - S: 157, N: 328
5, 1.0 - S: 160, N: 325
5, 2.0 - S: 175, N: 310
5, 3.0 - S: 194, N: 291
5, 4.0 - S: 207, N: 278
5, 5.0 - S: 228, N: 257
6, -5.0 - S: 78, N: 407
6, -4.0 - S: 100, N: 385
6, -3.0 - S: 121, N: 364
6, -2.0 - S: 131, N: 354
6, -1.0 - S: 144, N: 341
6, 0.0 - S: 155, N: 330
6, 1.0 - S: 158, N: 327
6, 2.0 - S: 173, N: 312
6, 3.0 - S: 192, N: 293
6, 4.0 - S: 204, N: 281
6, 5.0 - S: 220, N: 265
7, -5.0 - S: 72, N: 413
7, -4.0 - S: 93, N: 392
7, -3.0 - S: 114, N: 371
7, -2.0 - S: 124, N: 361
7, -1.0 - S: 138, N: 347
7, 0.0 - S: 149, N: 336
7, 1.0 - S: 152, N: 333
7, 2.0 - S: 166, N: 319
7, 3.0 - S: 185, N: 300
7, 4.0 - S: 194, N: 291
7, 5.0 - S: 205, N: 280
8, -5.0 - S: 61, N: 424
8, -4.0 - S: 80, N: 405
8, -3.0 - S: 100, N: 385
8, -2.0 - S: 110, N: 375
8, -1.0 - S: 124, N: 361
8, 0.0 - S: 137, N: 348
8, 1.0 - S: 140, N: 345
8, 2.0 - S: 156, N: 329
8, 3.0 - S: 171, N: 314
8, 4.0 - S: 175, N: 310
8, 5.0 - S: 176, N: 309
9, -5.0 - S: 54, N: 431
9, -4.0 - S: 72, N: 413
9, -3.0 - S: 90, N: 395
9, -2.0 - S: 100, N: 385
9, -1.0 - S: 112, N: 373
9, 0.0 - S: 125, N: 360
9, 1.0 - S: 129, N: 356
9, 2.0 - S: 140, N: 345
9, 3.0 - S: 145, N: 340
9, 4.0 - S: 144, N: 341
9, 5.0 - S: 142, N: 343
10, -5.0 - S: 44, N: 441
10, -4.0 - S: 61, N: 424
10, -3.0 - S: 75, N: 410
10, -2.0 - S: 82, N: 403
10, -1.0 - S: 91, N: 394
10, 0.0 - S: 102, N: 383
10, 1.0 - S: 105, N: 380
10, 2.0 - S: 114, N: 371
10, 3.0 - S: 115, N: 370
10, 4.0 - S: 111, N: 374
10, 5.0 - S: 109, N: 376
