number of genes: 16598
number of nodes: 533
Overlap: 482
10, 0, -6.0 - C: 31, E: 34, O: 417
10, 0, -5.0 - C: 40, E: 42, O: 400
10, 0, -4.0 - C: 48, E: 41, O: 393
10, 0, -3.8 - C: 55, E: 40, O: 387
10, 0, -3.6 - C: 58, E: 39, O: 385
10, 0, -3.4 - C: 57, E: 40, O: 385
10, 0, -3.2 - C: 60, E: 39, O: 383
10, 0, -3.0 - C: 60, E: 39, O: 383
10, 0, -2.0 - C: 69, E: 37, O: 376
10, 0, -1.0 - C: 77, E: 31, O: 374
10, 0, 0.0 - C: 77, E: 31, O: 374
10, 1, -6.0 - C: 31, E: 34, O: 417
10, 1, -5.0 - C: 40, E: 42, O: 400
10, 1, -4.0 - C: 48, E: 41, O: 393
10, 1, -3.8 - C: 55, E: 40, O: 387
10, 1, -3.6 - C: 58, E: 39, O: 385
10, 1, -3.4 - C: 57, E: 40, O: 385
10, 1, -3.2 - C: 60, E: 39, O: 383
10, 1, -3.0 - C: 60, E: 39, O: 383
10, 1, -2.0 - C: 69, E: 37, O: 376
10, 1, -1.0 - C: 77, E: 31, O: 374
10, 1, 0.0 - C: 77, E: 31, O: 374
10, 2, -6.0 - C: 31, E: 34, O: 417
10, 2, -5.0 - C: 40, E: 42, O: 400
10, 2, -4.0 - C: 48, E: 41, O: 393
10, 2, -3.8 - C: 55, E: 40, O: 387
10, 2, -3.6 - C: 58, E: 39, O: 385
10, 2, -3.4 - C: 57, E: 40, O: 385
10, 2, -3.2 - C: 60, E: 39, O: 383
10, 2, -3.0 - C: 60, E: 39, O: 383
10, 2, -2.0 - C: 69, E: 37, O: 376
10, 2, -1.0 - C: 77, E: 31, O: 374
10, 2, 0.0 - C: 77, E: 31, O: 374
10, 3, -6.0 - C: 31, E: 34, O: 417
10, 3, -5.0 - C: 40, E: 42, O: 400
10, 3, -4.0 - C: 48, E: 41, O: 393
10, 3, -3.8 - C: 55, E: 40, O: 387
10, 3, -3.6 - C: 58, E: 39, O: 385
10, 3, -3.4 - C: 57, E: 40, O: 385
10, 3, -3.2 - C: 60, E: 39, O: 383
10, 3, -3.0 - C: 60, E: 39, O: 383
10, 3, -2.0 - C: 69, E: 37, O: 376
10, 3, -1.0 - C: 77, E: 31, O: 374
10, 3, 0.0 - C: 77, E: 31, O: 374
10, 4, -6.0 - C: 29, E: 34, O: 419
10, 4, -5.0 - C: 38, E: 42, O: 402
10, 4, -4.0 - C: 48, E: 41, O: 393
10, 4, -3.8 - C: 55, E: 40, O: 387
10, 4, -3.6 - C: 58, E: 39, O: 385
10, 4, -3.4 - C: 57, E: 40, O: 385
10, 4, -3.2 - C: 60, E: 39, O: 383
10, 4, -3.0 - C: 60, E: 39, O: 383
10, 4, -2.0 - C: 69, E: 37, O: 376
10, 4, -1.0 - C: 77, E: 31, O: 374
10, 4, 0.0 - C: 77, E: 31, O: 374
10, 5, -6.0 - C: 27, E: 32, O: 423
10, 5, -5.0 - C: 35, E: 41, O: 406
10, 5, -4.0 - C: 46, E: 40, O: 396
10, 5, -3.8 - C: 52, E: 40, O: 390
10, 5, -3.6 - C: 55, E: 39, O: 388
10, 5, -3.4 - C: 55, E: 40, O: 387
10, 5, -3.2 - C: 58, E: 39, O: 385
10, 5, -3.0 - C: 58, E: 39, O: 385
10, 5, -2.0 - C: 68, E: 37, O: 377
10, 5, -1.0 - C: 77, E: 31, O: 374
10, 5, 0.0 - C: 77, E: 31, O: 374
10, 6, -6.0 - C: 26, E: 32, O: 424
10, 6, -5.0 - C: 34, E: 41, O: 407
10, 6, -4.0 - C: 45, E: 40, O: 397
10, 6, -3.8 - C: 50, E: 40, O: 392
10, 6, -3.6 - C: 53, E: 39, O: 390
10, 6, -3.4 - C: 53, E: 40, O: 389
10, 6, -3.2 - C: 56, E: 39, O: 387
10, 6, -3.0 - C: 56, E: 39, O: 387
10, 6, -2.0 - C: 66, E: 37, O: 379
10, 6, -1.0 - C: 75, E: 31, O: 376
10, 6, 0.0 - C: 75, E: 31, O: 376
10, 7, -6.0 - C: 23, E: 31, O: 428
10, 7, -5.0 - C: 31, E: 40, O: 411
10, 7, -4.0 - C: 42, E: 38, O: 402
10, 7, -3.8 - C: 47, E: 38, O: 397
10, 7, -3.6 - C: 50, E: 37, O: 395
10, 7, -3.4 - C: 50, E: 38, O: 394
10, 7, -3.2 - C: 52, E: 38, O: 392
10, 7, -3.0 - C: 52, E: 38, O: 392
10, 7, -2.0 - C: 65, E: 36, O: 381
10, 7, -1.0 - C: 73, E: 31, O: 378
10, 7, 0.0 - C: 74, E: 31, O: 377
10, 8, -6.0 - C: 20, E: 30, O: 432
10, 8, -5.0 - C: 28, E: 38, O: 416
10, 8, -4.0 - C: 39, E: 36, O: 407
10, 8, -3.8 - C: 44, E: 36, O: 402
10, 8, -3.6 - C: 47, E: 35, O: 400
10, 8, -3.4 - C: 47, E: 36, O: 399
10, 8, -3.2 - C: 49, E: 36, O: 397
10, 8, -3.0 - C: 49, E: 36, O: 397
10, 8, -2.0 - C: 61, E: 35, O: 386
10, 8, -1.0 - C: 70, E: 31, O: 381
10, 8, 0.0 - C: 72, E: 31, O: 379
10, 9, -6.0 - C: 17, E: 30, O: 435
10, 9, -5.0 - C: 25, E: 38, O: 419
10, 9, -4.0 - C: 36, E: 36, O: 410
10, 9, -3.8 - C: 41, E: 36, O: 405
10, 9, -3.6 - C: 44, E: 35, O: 403
10, 9, -3.4 - C: 44, E: 36, O: 402
10, 9, -3.2 - C: 46, E: 36, O: 400
10, 9, -3.0 - C: 46, E: 36, O: 400
10, 9, -2.0 - C: 58, E: 35, O: 389
10, 9, -1.0 - C: 68, E: 31, O: 383
10, 9, 0.0 - C: 72, E: 31, O: 379
10, 10, -6.0 - C: 16, E: 25, O: 441
10, 10, -5.0 - C: 24, E: 33, O: 425
10, 10, -4.0 - C: 33, E: 32, O: 417
10, 10, -3.8 - C: 37, E: 33, O: 412
10, 10, -3.6 - C: 39, E: 32, O: 411
10, 10, -3.4 - C: 39, E: 33, O: 410
10, 10, -3.2 - C: 41, E: 33, O: 408
10, 10, -3.0 - C: 41, E: 33, O: 408
10, 10, -2.0 - C: 53, E: 32, O: 397
10, 10, -1.0 - C: 63, E: 28, O: 391
10, 10, 0.0 - C: 67, E: 29, O: 386
20, 0, -6.0 - C: 31, E: 31, O: 420
20, 0, -5.0 - C: 40, E: 37, O: 405
20, 0, -4.0 - C: 48, E: 35, O: 399
20, 0, -3.8 - C: 55, E: 34, O: 393
20, 0, -3.6 - C: 58, E: 33, O: 391
20, 0, -3.4 - C: 57, E: 34, O: 391
20, 0, -3.2 - C: 60, E: 33, O: 389
20, 0, -3.0 - C: 60, E: 34, O: 388
20, 0, -2.0 - C: 69, E: 31, O: 382
20, 0, -1.0 - C: 77, E: 27, O: 378
20, 0, 0.0 - C: 77, E: 26, O: 379
20, 1, -6.0 - C: 31, E: 31, O: 420
20, 1, -5.0 - C: 40, E: 37, O: 405
20, 1, -4.0 - C: 48, E: 35, O: 399
20, 1, -3.8 - C: 55, E: 34, O: 393
20, 1, -3.6 - C: 58, E: 33, O: 391
20, 1, -3.4 - C: 57, E: 34, O: 391
20, 1, -3.2 - C: 60, E: 33, O: 389
20, 1, -3.0 - C: 60, E: 34, O: 388
20, 1, -2.0 - C: 69, E: 31, O: 382
20, 1, -1.0 - C: 77, E: 27, O: 378
20, 1, 0.0 - C: 77, E: 26, O: 379
20, 2, -6.0 - C: 31, E: 31, O: 420
20, 2, -5.0 - C: 40, E: 37, O: 405
20, 2, -4.0 - C: 48, E: 35, O: 399
20, 2, -3.8 - C: 55, E: 34, O: 393
20, 2, -3.6 - C: 58, E: 33, O: 391
20, 2, -3.4 - C: 57, E: 34, O: 391
20, 2, -3.2 - C: 60, E: 33, O: 389
20, 2, -3.0 - C: 60, E: 34, O: 388
20, 2, -2.0 - C: 69, E: 31, O: 382
20, 2, -1.0 - C: 77, E: 27, O: 378
20, 2, 0.0 - C: 77, E: 26, O: 379
20, 3, -6.0 - C: 31, E: 31, O: 420
20, 3, -5.0 - C: 40, E: 37, O: 405
20, 3, -4.0 - C: 48, E: 35, O: 399
20, 3, -3.8 - C: 55, E: 34, O: 393
20, 3, -3.6 - C: 58, E: 33, O: 391
20, 3, -3.4 - C: 57, E: 34, O: 391
20, 3, -3.2 - C: 60, E: 33, O: 389
20, 3, -3.0 - C: 60, E: 34, O: 388
20, 3, -2.0 - C: 69, E: 31, O: 382
20, 3, -1.0 - C: 77, E: 27, O: 378
20, 3, 0.0 - C: 77, E: 26, O: 379
20, 4, -6.0 - C: 29, E: 31, O: 422
20, 4, -5.0 - C: 38, E: 37, O: 407
20, 4, -4.0 - C: 48, E: 35, O: 399
20, 4, -3.8 - C: 55, E: 34, O: 393
20, 4, -3.6 - C: 58, E: 33, O: 391
20, 4, -3.4 - C: 57, E: 34, O: 391
20, 4, -3.2 - C: 60, E: 33, O: 389
20, 4, -3.0 - C: 60, E: 34, O: 388
20, 4, -2.0 - C: 69, E: 31, O: 382
20, 4, -1.0 - C: 77, E: 27, O: 378
20, 4, 0.0 - C: 77, E: 26, O: 379
20, 5, -6.0 - C: 27, E: 29, O: 426
20, 5, -5.0 - C: 35, E: 36, O: 411
20, 5, -4.0 - C: 46, E: 34, O: 402
20, 5, -3.8 - C: 52, E: 34, O: 396
20, 5, -3.6 - C: 55, E: 33, O: 394
20, 5, -3.4 - C: 55, E: 34, O: 393
20, 5, -3.2 - C: 58, E: 33, O: 391
20, 5, -3.0 - C: 58, E: 34, O: 390
20, 5, -2.0 - C: 68, E: 31, O: 383
20, 5, -1.0 - C: 77, E: 27, O: 378
20, 5, 0.0 - C: 77, E: 26, O: 379
20, 6, -6.0 - C: 26, E: 29, O: 427
20, 6, -5.0 - C: 34, E: 36, O: 412
20, 6, -4.0 - C: 45, E: 34, O: 403
20, 6, -3.8 - C: 50, E: 34, O: 398
20, 6, -3.6 - C: 53, E: 33, O: 396
20, 6, -3.4 - C: 53, E: 34, O: 395
20, 6, -3.2 - C: 56, E: 33, O: 393
20, 6, -3.0 - C: 56, E: 34, O: 392
20, 6, -2.0 - C: 66, E: 31, O: 385
20, 6, -1.0 - C: 75, E: 27, O: 380
20, 6, 0.0 - C: 75, E: 26, O: 381
20, 7, -6.0 - C: 23, E: 28, O: 431
20, 7, -5.0 - C: 31, E: 35, O: 416
20, 7, -4.0 - C: 42, E: 33, O: 407
20, 7, -3.8 - C: 47, E: 33, O: 402
20, 7, -3.6 - C: 50, E: 32, O: 400
20, 7, -3.4 - C: 50, E: 33, O: 399
20, 7, -3.2 - C: 52, E: 33, O: 397
20, 7, -3.0 - C: 52, E: 34, O: 396
20, 7, -2.0 - C: 65, E: 31, O: 386
20, 7, -1.0 - C: 73, E: 27, O: 382
20, 7, 0.0 - C: 74, E: 26, O: 382
20, 8, -6.0 - C: 20, E: 27, O: 435
20, 8, -5.0 - C: 28, E: 34, O: 420
20, 8, -4.0 - C: 39, E: 32, O: 411
20, 8, -3.8 - C: 44, E: 32, O: 406
20, 8, -3.6 - C: 47, E: 31, O: 404
20, 8, -3.4 - C: 47, E: 32, O: 403
20, 8, -3.2 - C: 49, E: 32, O: 401
20, 8, -3.0 - C: 49, E: 33, O: 400
20, 8, -2.0 - C: 61, E: 30, O: 391
20, 8, -1.0 - C: 70, E: 27, O: 385
20, 8, 0.0 - C: 72, E: 26, O: 384
20, 9, -6.0 - C: 17, E: 27, O: 438
20, 9, -5.0 - C: 25, E: 34, O: 423
20, 9, -4.0 - C: 36, E: 32, O: 414
20, 9, -3.8 - C: 41, E: 32, O: 409
20, 9, -3.6 - C: 44, E: 31, O: 407
20, 9, -3.4 - C: 44, E: 32, O: 406
20, 9, -3.2 - C: 46, E: 32, O: 404
20, 9, -3.0 - C: 46, E: 33, O: 403
20, 9, -2.0 - C: 58, E: 30, O: 394
20, 9, -1.0 - C: 68, E: 27, O: 387
20, 9, 0.0 - C: 72, E: 26, O: 384
20, 10, -6.0 - C: 16, E: 23, O: 443
20, 10, -5.0 - C: 24, E: 30, O: 428
20, 10, -4.0 - C: 33, E: 29, O: 420
20, 10, -3.8 - C: 37, E: 30, O: 415
20, 10, -3.6 - C: 39, E: 29, O: 414
20, 10, -3.4 - C: 39, E: 30, O: 413
20, 10, -3.2 - C: 41, E: 30, O: 411
20, 10, -3.0 - C: 41, E: 30, O: 411
20, 10, -2.0 - C: 53, E: 27, O: 402
20, 10, -1.0 - C: 63, E: 24, O: 395
20, 10, 0.0 - C: 67, E: 24, O: 391
30, 0, -6.0 - C: 31, E: 22, O: 429
30, 0, -5.0 - C: 40, E: 26, O: 416
30, 0, -4.0 - C: 48, E: 26, O: 408
30, 0, -3.8 - C: 55, E: 25, O: 402
30, 0, -3.6 - C: 58, E: 26, O: 398
30, 0, -3.4 - C: 57, E: 26, O: 399
30, 0, -3.2 - C: 60, E: 25, O: 397
30, 0, -3.0 - C: 60, E: 25, O: 397
30, 0, -2.0 - C: 69, E: 24, O: 389
30, 0, -1.0 - C: 77, E: 22, O: 383
30, 0, 0.0 - C: 77, E: 21, O: 384
30, 1, -6.0 - C: 31, E: 22, O: 429
30, 1, -5.0 - C: 40, E: 26, O: 416
30, 1, -4.0 - C: 48, E: 26, O: 408
30, 1, -3.8 - C: 55, E: 25, O: 402
30, 1, -3.6 - C: 58, E: 26, O: 398
30, 1, -3.4 - C: 57, E: 26, O: 399
30, 1, -3.2 - C: 60, E: 25, O: 397
30, 1, -3.0 - C: 60, E: 25, O: 397
30, 1, -2.0 - C: 69, E: 24, O: 389
30, 1, -1.0 - C: 77, E: 22, O: 383
30, 1, 0.0 - C: 77, E: 21, O: 384
30, 2, -6.0 - C: 31, E: 22, O: 429
30, 2, -5.0 - C: 40, E: 26, O: 416
30, 2, -4.0 - C: 48, E: 26, O: 408
30, 2, -3.8 - C: 55, E: 25, O: 402
30, 2, -3.6 - C: 58, E: 26, O: 398
30, 2, -3.4 - C: 57, E: 26, O: 399
30, 2, -3.2 - C: 60, E: 25, O: 397
30, 2, -3.0 - C: 60, E: 25, O: 397
30, 2, -2.0 - C: 69, E: 24, O: 389
30, 2, -1.0 - C: 77, E: 22, O: 383
30, 2, 0.0 - C: 77, E: 21, O: 384
30, 3, -6.0 - C: 31, E: 22, O: 429
30, 3, -5.0 - C: 40, E: 26, O: 416
30, 3, -4.0 - C: 48, E: 26, O: 408
30, 3, -3.8 - C: 55, E: 25, O: 402
30, 3, -3.6 - C: 58, E: 26, O: 398
30, 3, -3.4 - C: 57, E: 26, O: 399
30, 3, -3.2 - C: 60, E: 25, O: 397
30, 3, -3.0 - C: 60, E: 25, O: 397
30, 3, -2.0 - C: 69, E: 24, O: 389
30, 3, -1.0 - C: 77, E: 22, O: 383
30, 3, 0.0 - C: 77, E: 21, O: 384
30, 4, -6.0 - C: 29, E: 22, O: 431
30, 4, -5.0 - C: 38, E: 26, O: 418
30, 4, -4.0 - C: 48, E: 26, O: 408
30, 4, -3.8 - C: 55, E: 25, O: 402
30, 4, -3.6 - C: 58, E: 26, O: 398
30, 4, -3.4 - C: 57, E: 26, O: 399
30, 4, -3.2 - C: 60, E: 25, O: 397
30, 4, -3.0 - C: 60, E: 25, O: 397
30, 4, -2.0 - C: 69, E: 24, O: 389
30, 4, -1.0 - C: 77, E: 22, O: 383
30, 4, 0.0 - C: 77, E: 21, O: 384
30, 5, -6.0 - C: 27, E: 20, O: 435
30, 5, -5.0 - C: 35, E: 25, O: 422
30, 5, -4.0 - C: 46, E: 25, O: 411
30, 5, -3.8 - C: 52, E: 25, O: 405
30, 5, -3.6 - C: 55, E: 26, O: 401
30, 5, -3.4 - C: 55, E: 26, O: 401
30, 5, -3.2 - C: 58, E: 25, O: 399
30, 5, -3.0 - C: 58, E: 25, O: 399
30, 5, -2.0 - C: 68, E: 24, O: 390
30, 5, -1.0 - C: 77, E: 22, O: 383
30, 5, 0.0 - C: 77, E: 21, O: 384
30, 6, -6.0 - C: 26, E: 20, O: 436
30, 6, -5.0 - C: 34, E: 25, O: 423
30, 6, -4.0 - C: 45, E: 25, O: 412
30, 6, -3.8 - C: 50, E: 25, O: 407
30, 6, -3.6 - C: 53, E: 26, O: 403
30, 6, -3.4 - C: 53, E: 26, O: 403
30, 6, -3.2 - C: 56, E: 25, O: 401
30, 6, -3.0 - C: 56, E: 25, O: 401
30, 6, -2.0 - C: 66, E: 24, O: 392
30, 6, -1.0 - C: 75, E: 22, O: 385
30, 6, 0.0 - C: 75, E: 21, O: 386
30, 7, -6.0 - C: 23, E: 19, O: 440
30, 7, -5.0 - C: 31, E: 24, O: 427
30, 7, -4.0 - C: 42, E: 24, O: 416
30, 7, -3.8 - C: 47, E: 24, O: 411
30, 7, -3.6 - C: 50, E: 25, O: 407
30, 7, -3.4 - C: 50, E: 25, O: 407
30, 7, -3.2 - C: 52, E: 25, O: 405
30, 7, -3.0 - C: 52, E: 25, O: 405
30, 7, -2.0 - C: 65, E: 24, O: 393
30, 7, -1.0 - C: 73, E: 22, O: 387
30, 7, 0.0 - C: 74, E: 21, O: 387
30, 8, -6.0 - C: 20, E: 19, O: 443
30, 8, -5.0 - C: 28, E: 24, O: 430
30, 8, -4.0 - C: 39, E: 23, O: 420
30, 8, -3.8 - C: 44, E: 23, O: 415
30, 8, -3.6 - C: 47, E: 24, O: 411
30, 8, -3.4 - C: 47, E: 24, O: 411
30, 8, -3.2 - C: 49, E: 24, O: 409
30, 8, -3.0 - C: 49, E: 24, O: 409
30, 8, -2.0 - C: 61, E: 23, O: 398
30, 8, -1.0 - C: 70, E: 22, O: 390
30, 8, 0.0 - C: 72, E: 21, O: 389
30, 9, -6.0 - C: 17, E: 19, O: 446
30, 9, -5.0 - C: 25, E: 24, O: 433
30, 9, -4.0 - C: 36, E: 23, O: 423
30, 9, -3.8 - C: 41, E: 23, O: 418
30, 9, -3.6 - C: 44, E: 24, O: 414
30, 9, -3.4 - C: 44, E: 24, O: 414
30, 9, -3.2 - C: 46, E: 24, O: 412
30, 9, -3.0 - C: 46, E: 24, O: 412
30, 9, -2.0 - C: 58, E: 23, O: 401
30, 9, -1.0 - C: 68, E: 22, O: 392
30, 9, 0.0 - C: 72, E: 21, O: 389
30, 10, -6.0 - C: 16, E: 17, O: 449
30, 10, -5.0 - C: 24, E: 21, O: 437
30, 10, -4.0 - C: 33, E: 21, O: 428
30, 10, -3.8 - C: 37, E: 22, O: 423
30, 10, -3.6 - C: 39, E: 22, O: 421
30, 10, -3.4 - C: 39, E: 22, O: 421
30, 10, -3.2 - C: 41, E: 22, O: 419
30, 10, -3.0 - C: 41, E: 22, O: 419
30, 10, -2.0 - C: 53, E: 21, O: 408
30, 10, -1.0 - C: 63, E: 20, O: 399
30, 10, 0.0 - C: 67, E: 19, O: 396
40, 0, -6.0 - C: 31, E: 19, O: 432
40, 0, -5.0 - C: 40, E: 22, O: 420
40, 0, -4.0 - C: 48, E: 21, O: 413
40, 0, -3.8 - C: 55, E: 20, O: 407
40, 0, -3.6 - C: 58, E: 19, O: 405
40, 0, -3.4 - C: 57, E: 20, O: 405
40, 0, -3.2 - C: 60, E: 20, O: 402
40, 0, -3.0 - C: 60, E: 20, O: 402
40, 0, -2.0 - C: 69, E: 19, O: 394
40, 0, -1.0 - C: 77, E: 17, O: 388
40, 0, 0.0 - C: 77, E: 18, O: 387
40, 1, -6.0 - C: 31, E: 19, O: 432
40, 1, -5.0 - C: 40, E: 22, O: 420
40, 1, -4.0 - C: 48, E: 21, O: 413
40, 1, -3.8 - C: 55, E: 20, O: 407
40, 1, -3.6 - C: 58, E: 19, O: 405
40, 1, -3.4 - C: 57, E: 20, O: 405
40, 1, -3.2 - C: 60, E: 20, O: 402
40, 1, -3.0 - C: 60, E: 20, O: 402
40, 1, -2.0 - C: 69, E: 19, O: 394
40, 1, -1.0 - C: 77, E: 17, O: 388
40, 1, 0.0 - C: 77, E: 18, O: 387
40, 2, -6.0 - C: 31, E: 19, O: 432
40, 2, -5.0 - C: 40, E: 22, O: 420
40, 2, -4.0 - C: 48, E: 21, O: 413
40, 2, -3.8 - C: 55, E: 20, O: 407
40, 2, -3.6 - C: 58, E: 19, O: 405
40, 2, -3.4 - C: 57, E: 20, O: 405
40, 2, -3.2 - C: 60, E: 20, O: 402
40, 2, -3.0 - C: 60, E: 20, O: 402
40, 2, -2.0 - C: 69, E: 19, O: 394
40, 2, -1.0 - C: 77, E: 17, O: 388
40, 2, 0.0 - C: 77, E: 18, O: 387
40, 3, -6.0 - C: 31, E: 19, O: 432
40, 3, -5.0 - C: 40, E: 22, O: 420
40, 3, -4.0 - C: 48, E: 21, O: 413
40, 3, -3.8 - C: 55, E: 20, O: 407
40, 3, -3.6 - C: 58, E: 19, O: 405
40, 3, -3.4 - C: 57, E: 20, O: 405
40, 3, -3.2 - C: 60, E: 20, O: 402
40, 3, -3.0 - C: 60, E: 20, O: 402
40, 3, -2.0 - C: 69, E: 19, O: 394
40, 3, -1.0 - C: 77, E: 17, O: 388
40, 3, 0.0 - C: 77, E: 18, O: 387
40, 4, -6.0 - C: 29, E: 19, O: 434
40, 4, -5.0 - C: 38, E: 22, O: 422
40, 4, -4.0 - C: 48, E: 21, O: 413
40, 4, -3.8 - C: 55, E: 20, O: 407
40, 4, -3.6 - C: 58, E: 19, O: 405
40, 4, -3.4 - C: 57, E: 20, O: 405
40, 4, -3.2 - C: 60, E: 20, O: 402
40, 4, -3.0 - C: 60, E: 20, O: 402
40, 4, -2.0 - C: 69, E: 19, O: 394
40, 4, -1.0 - C: 77, E: 17, O: 388
40, 4, 0.0 - C: 77, E: 18, O: 387
40, 5, -6.0 - C: 27, E: 18, O: 437
40, 5, -5.0 - C: 35, E: 22, O: 425
40, 5, -4.0 - C: 46, E: 21, O: 415
40, 5, -3.8 - C: 52, E: 20, O: 410
40, 5, -3.6 - C: 55, E: 19, O: 408
40, 5, -3.4 - C: 55, E: 20, O: 407
40, 5, -3.2 - C: 58, E: 20, O: 404
40, 5, -3.0 - C: 58, E: 20, O: 404
40, 5, -2.0 - C: 68, E: 19, O: 395
40, 5, -1.0 - C: 77, E: 17, O: 388
40, 5, 0.0 - C: 77, E: 18, O: 387
40, 6, -6.0 - C: 26, E: 18, O: 438
40, 6, -5.0 - C: 34, E: 22, O: 426
40, 6, -4.0 - C: 45, E: 21, O: 416
40, 6, -3.8 - C: 50, E: 20, O: 412
40, 6, -3.6 - C: 53, E: 19, O: 410
40, 6, -3.4 - C: 53, E: 20, O: 409
40, 6, -3.2 - C: 56, E: 20, O: 406
40, 6, -3.0 - C: 56, E: 20, O: 406
40, 6, -2.0 - C: 66, E: 19, O: 397
40, 6, -1.0 - C: 75, E: 17, O: 390
40, 6, 0.0 - C: 75, E: 18, O: 389
40, 7, -6.0 - C: 23, E: 17, O: 442
40, 7, -5.0 - C: 31, E: 21, O: 430
40, 7, -4.0 - C: 42, E: 20, O: 420
40, 7, -3.8 - C: 47, E: 19, O: 416
40, 7, -3.6 - C: 50, E: 18, O: 414
40, 7, -3.4 - C: 50, E: 19, O: 413
40, 7, -3.2 - C: 52, E: 20, O: 410
40, 7, -3.0 - C: 52, E: 20, O: 410
40, 7, -2.0 - C: 65, E: 19, O: 398
40, 7, -1.0 - C: 73, E: 17, O: 392
40, 7, 0.0 - C: 74, E: 18, O: 390
40, 8, -6.0 - C: 20, E: 17, O: 445
40, 8, -5.0 - C: 28, E: 21, O: 433
40, 8, -4.0 - C: 39, E: 20, O: 423
40, 8, -3.8 - C: 44, E: 19, O: 419
40, 8, -3.6 - C: 47, E: 18, O: 417
40, 8, -3.4 - C: 47, E: 19, O: 416
40, 8, -3.2 - C: 49, E: 20, O: 413
40, 8, -3.0 - C: 49, E: 20, O: 413
40, 8, -2.0 - C: 61, E: 19, O: 402
40, 8, -1.0 - C: 70, E: 17, O: 395
40, 8, 0.0 - C: 72, E: 18, O: 392
40, 9, -6.0 - C: 17, E: 17, O: 448
40, 9, -5.0 - C: 25, E: 21, O: 436
40, 9, -4.0 - C: 36, E: 20, O: 426
40, 9, -3.8 - C: 41, E: 19, O: 422
40, 9, -3.6 - C: 44, E: 18, O: 420
40, 9, -3.4 - C: 44, E: 19, O: 419
40, 9, -3.2 - C: 46, E: 20, O: 416
40, 9, -3.0 - C: 46, E: 20, O: 416
40, 9, -2.0 - C: 58, E: 19, O: 405
40, 9, -1.0 - C: 68, E: 17, O: 397
40, 9, 0.0 - C: 72, E: 18, O: 392
40, 10, -6.0 - C: 16, E: 15, O: 451
40, 10, -5.0 - C: 24, E: 19, O: 439
40, 10, -4.0 - C: 33, E: 18, O: 431
40, 10, -3.8 - C: 37, E: 18, O: 427
40, 10, -3.6 - C: 39, E: 17, O: 426
40, 10, -3.4 - C: 39, E: 18, O: 425
40, 10, -3.2 - C: 41, E: 18, O: 423
40, 10, -3.0 - C: 41, E: 18, O: 423
40, 10, -2.0 - C: 53, E: 17, O: 412
40, 10, -1.0 - C: 63, E: 15, O: 404
40, 10, 0.0 - C: 67, E: 16, O: 399
50, 0, -6.0 - C: 31, E: 17, O: 434
50, 0, -5.0 - C: 40, E: 19, O: 423
50, 0, -4.0 - C: 48, E: 19, O: 415
50, 0, -3.8 - C: 55, E: 18, O: 409
50, 0, -3.6 - C: 58, E: 17, O: 407
50, 0, -3.4 - C: 57, E: 17, O: 408
50, 0, -3.2 - C: 60, E: 17, O: 405
50, 0, -3.0 - C: 60, E: 18, O: 404
50, 0, -2.0 - C: 69, E: 17, O: 396
50, 0, -1.0 - C: 77, E: 14, O: 391
50, 0, 0.0 - C: 77, E: 16, O: 389
50, 1, -6.0 - C: 31, E: 17, O: 434
50, 1, -5.0 - C: 40, E: 19, O: 423
50, 1, -4.0 - C: 48, E: 19, O: 415
50, 1, -3.8 - C: 55, E: 18, O: 409
50, 1, -3.6 - C: 58, E: 17, O: 407
50, 1, -3.4 - C: 57, E: 17, O: 408
50, 1, -3.2 - C: 60, E: 17, O: 405
50, 1, -3.0 - C: 60, E: 18, O: 404
50, 1, -2.0 - C: 69, E: 17, O: 396
50, 1, -1.0 - C: 77, E: 14, O: 391
50, 1, 0.0 - C: 77, E: 16, O: 389
50, 2, -6.0 - C: 31, E: 17, O: 434
50, 2, -5.0 - C: 40, E: 19, O: 423
50, 2, -4.0 - C: 48, E: 19, O: 415
50, 2, -3.8 - C: 55, E: 18, O: 409
50, 2, -3.6 - C: 58, E: 17, O: 407
50, 2, -3.4 - C: 57, E: 17, O: 408
50, 2, -3.2 - C: 60, E: 17, O: 405
50, 2, -3.0 - C: 60, E: 18, O: 404
50, 2, -2.0 - C: 69, E: 17, O: 396
50, 2, -1.0 - C: 77, E: 14, O: 391
50, 2, 0.0 - C: 77, E: 16, O: 389
50, 3, -6.0 - C: 31, E: 17, O: 434
50, 3, -5.0 - C: 40, E: 19, O: 423
50, 3, -4.0 - C: 48, E: 19, O: 415
50, 3, -3.8 - C: 55, E: 18, O: 409
50, 3, -3.6 - C: 58, E: 17, O: 407
50, 3, -3.4 - C: 57, E: 17, O: 408
50, 3, -3.2 - C: 60, E: 17, O: 405
50, 3, -3.0 - C: 60, E: 18, O: 404
50, 3, -2.0 - C: 69, E: 17, O: 396
50, 3, -1.0 - C: 77, E: 14, O: 391
50, 3, 0.0 - C: 77, E: 16, O: 389
50, 4, -6.0 - C: 29, E: 17, O: 436
50, 4, -5.0 - C: 38, E: 19, O: 425
50, 4, -4.0 - C: 48, E: 19, O: 415
50, 4, -3.8 - C: 55, E: 18, O: 409
50, 4, -3.6 - C: 58, E: 17, O: 407
50, 4, -3.4 - C: 57, E: 17, O: 408
50, 4, -3.2 - C: 60, E: 17, O: 405
50, 4, -3.0 - C: 60, E: 18, O: 404
50, 4, -2.0 - C: 69, E: 17, O: 396
50, 4, -1.0 - C: 77, E: 14, O: 391
50, 4, 0.0 - C: 77, E: 16, O: 389
50, 5, -6.0 - C: 27, E: 17, O: 438
50, 5, -5.0 - C: 35, E: 19, O: 428
50, 5, -4.0 - C: 46, E: 19, O: 417
50, 5, -3.8 - C: 52, E: 18, O: 412
50, 5, -3.6 - C: 55, E: 17, O: 410
50, 5, -3.4 - C: 55, E: 17, O: 410
50, 5, -3.2 - C: 58, E: 17, O: 407
50, 5, -3.0 - C: 58, E: 18, O: 406
50, 5, -2.0 - C: 68, E: 17, O: 397
50, 5, -1.0 - C: 77, E: 14, O: 391
50, 5, 0.0 - C: 77, E: 16, O: 389
50, 6, -6.0 - C: 26, E: 17, O: 439
50, 6, -5.0 - C: 34, E: 19, O: 429
50, 6, -4.0 - C: 45, E: 19, O: 418
50, 6, -3.8 - C: 50, E: 18, O: 414
50, 6, -3.6 - C: 53, E: 17, O: 412
50, 6, -3.4 - C: 53, E: 17, O: 412
50, 6, -3.2 - C: 56, E: 17, O: 409
50, 6, -3.0 - C: 56, E: 18, O: 408
50, 6, -2.0 - C: 66, E: 17, O: 399
50, 6, -1.0 - C: 75, E: 14, O: 393
50, 6, 0.0 - C: 75, E: 16, O: 391
50, 7, -6.0 - C: 23, E: 16, O: 443
50, 7, -5.0 - C: 31, E: 18, O: 433
50, 7, -4.0 - C: 42, E: 18, O: 422
50, 7, -3.8 - C: 47, E: 17, O: 418
50, 7, -3.6 - C: 50, E: 16, O: 416
50, 7, -3.4 - C: 50, E: 16, O: 416
50, 7, -3.2 - C: 52, E: 17, O: 413
50, 7, -3.0 - C: 52, E: 18, O: 412
50, 7, -2.0 - C: 65, E: 17, O: 400
50, 7, -1.0 - C: 73, E: 14, O: 395
50, 7, 0.0 - C: 74, E: 16, O: 392
50, 8, -6.0 - C: 20, E: 16, O: 446
50, 8, -5.0 - C: 28, E: 18, O: 436
50, 8, -4.0 - C: 39, E: 18, O: 425
50, 8, -3.8 - C: 44, E: 17, O: 421
50, 8, -3.6 - C: 47, E: 16, O: 419
50, 8, -3.4 - C: 47, E: 16, O: 419
50, 8, -3.2 - C: 49, E: 17, O: 416
50, 8, -3.0 - C: 49, E: 18, O: 415
50, 8, -2.0 - C: 61, E: 17, O: 404
50, 8, -1.0 - C: 70, E: 14, O: 398
50, 8, 0.0 - C: 72, E: 16, O: 394
50, 9, -6.0 - C: 17, E: 16, O: 449
50, 9, -5.0 - C: 25, E: 18, O: 439
50, 9, -4.0 - C: 36, E: 18, O: 428
50, 9, -3.8 - C: 41, E: 17, O: 424
50, 9, -3.6 - C: 44, E: 16, O: 422
50, 9, -3.4 - C: 44, E: 16, O: 422
50, 9, -3.2 - C: 46, E: 17, O: 419
50, 9, -3.0 - C: 46, E: 18, O: 418
50, 9, -2.0 - C: 58, E: 17, O: 407
50, 9, -1.0 - C: 68, E: 14, O: 400
50, 9, 0.0 - C: 72, E: 16, O: 394
50, 10, -6.0 - C: 16, E: 14, O: 452
50, 10, -5.0 - C: 24, E: 16, O: 442
50, 10, -4.0 - C: 33, E: 16, O: 433
50, 10, -3.8 - C: 37, E: 16, O: 429
50, 10, -3.6 - C: 39, E: 15, O: 428
50, 10, -3.4 - C: 39, E: 15, O: 428
50, 10, -3.2 - C: 41, E: 15, O: 426
50, 10, -3.0 - C: 41, E: 16, O: 425
50, 10, -2.0 - C: 53, E: 15, O: 414
50, 10, -1.0 - C: 63, E: 12, O: 407
50, 10, 0.0 - C: 67, E: 14, O: 401
