number of genes: 16598
number of nodes: 536
Overlap: 485
10, 5, -5.0 - EC: 49, O: 436
10, 5, -4.0 - EC: 59, O: 426
10, 5, -3.0 - EC: 68, O: 417
10, 5, -2.0 - EC: 73, O: 412
10, 5, -1.0 - EC: 82, O: 403
10, 5, 0.0 - EC: 92, O: 393
10, 5, 1.0 - EC: 92, O: 393
10, 5, 2.0 - EC: 102, O: 383
10, 5, 3.0 - EC: 112, O: 373
10, 5, 4.0 - EC: 118, O: 367
10, 5, 5.0 - EC: 132, O: 353
10, 6, -5.0 - EC: 46, O: 439
10, 6, -4.0 - EC: 56, O: 429
10, 6, -3.0 - EC: 65, O: 420
10, 6, -2.0 - EC: 72, O: 413
10, 6, -1.0 - EC: 80, O: 405
10, 6, 0.0 - EC: 90, O: 395
10, 6, 1.0 - EC: 90, O: 395
10, 6, 2.0 - EC: 100, O: 385
10, 6, 3.0 - EC: 110, O: 375
10, 6, 4.0 - EC: 115, O: 370
10, 6, 5.0 - EC: 125, O: 360
10, 7, -5.0 - EC: 43, O: 442
10, 7, -4.0 - EC: 53, O: 432
10, 7, -3.0 - EC: 62, O: 423
10, 7, -2.0 - EC: 69, O: 416
10, 7, -1.0 - EC: 78, O: 407
10, 7, 0.0 - EC: 88, O: 397
10, 7, 1.0 - EC: 88, O: 397
10, 7, 2.0 - EC: 96, O: 389
10, 7, 3.0 - EC: 106, O: 379
10, 7, 4.0 - EC: 110, O: 375
10, 7, 5.0 - EC: 118, O: 367
10, 8, -5.0 - EC: 35, O: 450
10, 8, -4.0 - EC: 45, O: 440
10, 8, -3.0 - EC: 54, O: 431
10, 8, -2.0 - EC: 60, O: 425
10, 8, -1.0 - EC: 68, O: 417
10, 8, 0.0 - EC: 80, O: 405
10, 8, 1.0 - EC: 81, O: 404
10, 8, 2.0 - EC: 89, O: 396
10, 8, 3.0 - EC: 96, O: 389
10, 8, 4.0 - EC: 98, O: 387
10, 8, 5.0 - EC: 98, O: 387
10, 9, -5.0 - EC: 32, O: 453
10, 9, -4.0 - EC: 41, O: 444
10, 9, -3.0 - EC: 49, O: 436
10, 9, -2.0 - EC: 55, O: 430
10, 9, -1.0 - EC: 61, O: 424
10, 9, 0.0 - EC: 73, O: 412
10, 9, 1.0 - EC: 75, O: 410
10, 9, 2.0 - EC: 81, O: 404
10, 9, 3.0 - EC: 87, O: 398
10, 9, 4.0 - EC: 88, O: 397
10, 9, 5.0 - EC: 87, O: 398
10, 10, -5.0 - EC: 24, O: 461
10, 10, -4.0 - EC: 32, O: 453
10, 10, -3.0 - EC: 37, O: 448
10, 10, -2.0 - EC: 42, O: 443
10, 10, -1.0 - EC: 46, O: 439
10, 10, 0.0 - EC: 57, O: 428
10, 10, 1.0 - EC: 59, O: 426
10, 10, 2.0 - EC: 64, O: 421
10, 10, 3.0 - EC: 66, O: 419
10, 10, 4.0 - EC: 65, O: 420
10, 10, 5.0 - EC: 65, O: 420
20, 5, -5.0 - EC: 43, O: 442
20, 5, -4.0 - EC: 53, O: 432
20, 5, -3.0 - EC: 62, O: 423
20, 5, -2.0 - EC: 66, O: 419
20, 5, -1.0 - EC: 76, O: 409
20, 5, 0.0 - EC: 88, O: 397
20, 5, 1.0 - EC: 88, O: 397
20, 5, 2.0 - EC: 97, O: 388
20, 5, 3.0 - EC: 106, O: 379
20, 5, 4.0 - EC: 114, O: 371
20, 5, 5.0 - EC: 131, O: 354
20, 6, -5.0 - EC: 41, O: 444
20, 6, -4.0 - EC: 50, O: 435
20, 6, -3.0 - EC: 59, O: 426
20, 6, -2.0 - EC: 65, O: 420
20, 6, -1.0 - EC: 74, O: 411
20, 6, 0.0 - EC: 86, O: 399
20, 6, 1.0 - EC: 86, O: 399
20, 6, 2.0 - EC: 95, O: 390
20, 6, 3.0 - EC: 104, O: 381
20, 6, 4.0 - EC: 111, O: 374
20, 6, 5.0 - EC: 124, O: 361
20, 7, -5.0 - EC: 38, O: 447
20, 7, -4.0 - EC: 47, O: 438
20, 7, -3.0 - EC: 56, O: 429
20, 7, -2.0 - EC: 62, O: 423
20, 7, -1.0 - EC: 72, O: 413
20, 7, 0.0 - EC: 84, O: 401
20, 7, 1.0 - EC: 84, O: 401
20, 7, 2.0 - EC: 92, O: 393
20, 7, 3.0 - EC: 101, O: 384
20, 7, 4.0 - EC: 106, O: 379
20, 7, 5.0 - EC: 117, O: 368
20, 8, -5.0 - EC: 31, O: 454
20, 8, -4.0 - EC: 40, O: 445
20, 8, -3.0 - EC: 49, O: 436
20, 8, -2.0 - EC: 54, O: 431
20, 8, -1.0 - EC: 62, O: 423
20, 8, 0.0 - EC: 76, O: 409
20, 8, 1.0 - EC: 77, O: 408
20, 8, 2.0 - EC: 85, O: 400
20, 8, 3.0 - EC: 92, O: 393
20, 8, 4.0 - EC: 95, O: 390
20, 8, 5.0 - EC: 97, O: 388
20, 9, -5.0 - EC: 28, O: 457
20, 9, -4.0 - EC: 36, O: 449
20, 9, -3.0 - EC: 44, O: 441
20, 9, -2.0 - EC: 49, O: 436
20, 9, -1.0 - EC: 55, O: 430
20, 9, 0.0 - EC: 69, O: 416
20, 9, 1.0 - EC: 71, O: 414
20, 9, 2.0 - EC: 77, O: 408
20, 9, 3.0 - EC: 83, O: 402
20, 9, 4.0 - EC: 85, O: 400
20, 9, 5.0 - EC: 86, O: 399
20, 10, -5.0 - EC: 21, O: 464
20, 10, -4.0 - EC: 28, O: 457
20, 10, -3.0 - EC: 33, O: 452
20, 10, -2.0 - EC: 37, O: 448
20, 10, -1.0 - EC: 41, O: 444
20, 10, 0.0 - EC: 53, O: 432
20, 10, 1.0 - EC: 55, O: 430
20, 10, 2.0 - EC: 60, O: 425
20, 10, 3.0 - EC: 62, O: 423
20, 10, 4.0 - EC: 62, O: 423
20, 10, 5.0 - EC: 64, O: 421
30, 5, -5.0 - EC: 37, O: 448
30, 5, -4.0 - EC: 48, O: 437
30, 5, -3.0 - EC: 60, O: 425
30, 5, -2.0 - EC: 65, O: 420
30, 5, -1.0 - EC: 74, O: 411
30, 5, 0.0 - EC: 83, O: 402
30, 5, 1.0 - EC: 82, O: 403
30, 5, 2.0 - EC: 90, O: 395
30, 5, 3.0 - EC: 101, O: 384
30, 5, 4.0 - EC: 107, O: 378
30, 5, 5.0 - EC: 122, O: 363
30, 6, -5.0 - EC: 36, O: 449
30, 6, -4.0 - EC: 47, O: 438
30, 6, -3.0 - EC: 58, O: 427
30, 6, -2.0 - EC: 64, O: 421
30, 6, -1.0 - EC: 72, O: 413
30, 6, 0.0 - EC: 81, O: 404
30, 6, 1.0 - EC: 80, O: 405
30, 6, 2.0 - EC: 88, O: 397
30, 6, 3.0 - EC: 99, O: 386
30, 6, 4.0 - EC: 104, O: 381
30, 6, 5.0 - EC: 115, O: 370
30, 7, -5.0 - EC: 33, O: 452
30, 7, -4.0 - EC: 44, O: 441
30, 7, -3.0 - EC: 55, O: 430
30, 7, -2.0 - EC: 61, O: 424
30, 7, -1.0 - EC: 70, O: 415
30, 7, 0.0 - EC: 79, O: 406
30, 7, 1.0 - EC: 78, O: 407
30, 7, 2.0 - EC: 85, O: 400
30, 7, 3.0 - EC: 96, O: 389
30, 7, 4.0 - EC: 100, O: 385
30, 7, 5.0 - EC: 109, O: 376
30, 8, -5.0 - EC: 29, O: 456
30, 8, -4.0 - EC: 38, O: 447
30, 8, -3.0 - EC: 48, O: 437
30, 8, -2.0 - EC: 53, O: 432
30, 8, -1.0 - EC: 61, O: 424
30, 8, 0.0 - EC: 72, O: 413
30, 8, 1.0 - EC: 71, O: 414
30, 8, 2.0 - EC: 78, O: 407
30, 8, 3.0 - EC: 87, O: 398
30, 8, 4.0 - EC: 89, O: 396
30, 8, 5.0 - EC: 90, O: 395
30, 9, -5.0 - EC: 26, O: 459
30, 9, -4.0 - EC: 34, O: 451
30, 9, -3.0 - EC: 43, O: 442
30, 9, -2.0 - EC: 48, O: 437
30, 9, -1.0 - EC: 54, O: 431
30, 9, 0.0 - EC: 65, O: 420
30, 9, 1.0 - EC: 65, O: 420
30, 9, 2.0 - EC: 70, O: 415
30, 9, 3.0 - EC: 78, O: 407
30, 9, 4.0 - EC: 79, O: 406
30, 9, 5.0 - EC: 79, O: 406
30, 10, -5.0 - EC: 19, O: 466
30, 10, -4.0 - EC: 26, O: 459
30, 10, -3.0 - EC: 32, O: 453
30, 10, -2.0 - EC: 36, O: 449
30, 10, -1.0 - EC: 40, O: 445
30, 10, 0.0 - EC: 50, O: 435
30, 10, 1.0 - EC: 50, O: 435
30, 10, 2.0 - EC: 54, O: 431
30, 10, 3.0 - EC: 59, O: 426
30, 10, 4.0 - EC: 59, O: 426
30, 10, 5.0 - EC: 60, O: 425
40, 5, -5.0 - EC: 34, O: 451
40, 5, -4.0 - EC: 44, O: 441
40, 5, -3.0 - EC: 55, O: 430
40, 5, -2.0 - EC: 64, O: 421
40, 5, -1.0 - EC: 71, O: 414
40, 5, 0.0 - EC: 82, O: 403
40, 5, 1.0 - EC: 82, O: 403
40, 5, 2.0 - EC: 88, O: 397
40, 5, 3.0 - EC: 97, O: 388
40, 5, 4.0 - EC: 105, O: 380
40, 5, 5.0 - EC: 119, O: 366
40, 6, -5.0 - EC: 33, O: 452
40, 6, -4.0 - EC: 43, O: 442
40, 6, -3.0 - EC: 53, O: 432
40, 6, -2.0 - EC: 63, O: 422
40, 6, -1.0 - EC: 69, O: 416
40, 6, 0.0 - EC: 80, O: 405
40, 6, 1.0 - EC: 80, O: 405
40, 6, 2.0 - EC: 86, O: 399
40, 6, 3.0 - EC: 95, O: 390
40, 6, 4.0 - EC: 102, O: 383
40, 6, 5.0 - EC: 113, O: 372
40, 7, -5.0 - EC: 31, O: 454
40, 7, -4.0 - EC: 41, O: 444
40, 7, -3.0 - EC: 51, O: 434
40, 7, -2.0 - EC: 60, O: 425
40, 7, -1.0 - EC: 68, O: 417
40, 7, 0.0 - EC: 78, O: 407
40, 7, 1.0 - EC: 78, O: 407
40, 7, 2.0 - EC: 83, O: 402
40, 7, 3.0 - EC: 92, O: 393
40, 7, 4.0 - EC: 98, O: 387
40, 7, 5.0 - EC: 107, O: 378
40, 8, -5.0 - EC: 27, O: 458
40, 8, -4.0 - EC: 36, O: 449
40, 8, -3.0 - EC: 45, O: 440
40, 8, -2.0 - EC: 52, O: 433
40, 8, -1.0 - EC: 60, O: 425
40, 8, 0.0 - EC: 71, O: 414
40, 8, 1.0 - EC: 71, O: 414
40, 8, 2.0 - EC: 76, O: 409
40, 8, 3.0 - EC: 83, O: 402
40, 8, 4.0 - EC: 87, O: 398
40, 8, 5.0 - EC: 88, O: 397
40, 9, -5.0 - EC: 24, O: 461
40, 9, -4.0 - EC: 32, O: 453
40, 9, -3.0 - EC: 40, O: 445
40, 9, -2.0 - EC: 47, O: 438
40, 9, -1.0 - EC: 53, O: 432
40, 9, 0.0 - EC: 64, O: 421
40, 9, 1.0 - EC: 65, O: 420
40, 9, 2.0 - EC: 68, O: 417
40, 9, 3.0 - EC: 74, O: 411
40, 9, 4.0 - EC: 77, O: 408
40, 9, 5.0 - EC: 77, O: 408
40, 10, -5.0 - EC: 17, O: 468
40, 10, -4.0 - EC: 24, O: 461
40, 10, -3.0 - EC: 29, O: 456
40, 10, -2.0 - EC: 35, O: 450
40, 10, -1.0 - EC: 40, O: 445
40, 10, 0.0 - EC: 49, O: 436
40, 10, 1.0 - EC: 50, O: 435
40, 10, 2.0 - EC: 53, O: 432
40, 10, 3.0 - EC: 55, O: 430
40, 10, 4.0 - EC: 58, O: 427
40, 10, 5.0 - EC: 58, O: 427
50, 5, -5.0 - EC: 33, O: 452
50, 5, -4.0 - EC: 43, O: 442
50, 5, -3.0 - EC: 55, O: 430
50, 5, -2.0 - EC: 62, O: 423
50, 5, -1.0 - EC: 69, O: 416
50, 5, 0.0 - EC: 78, O: 407
50, 5, 1.0 - EC: 79, O: 406
50, 5, 2.0 - EC: 86, O: 399
50, 5, 3.0 - EC: 94, O: 391
50, 5, 4.0 - EC: 101, O: 384
50, 5, 5.0 - EC: 112, O: 373
50, 6, -5.0 - EC: 32, O: 453
50, 6, -4.0 - EC: 42, O: 443
50, 6, -3.0 - EC: 53, O: 432
50, 6, -2.0 - EC: 61, O: 424
50, 6, -1.0 - EC: 67, O: 418
50, 6, 0.0 - EC: 76, O: 409
50, 6, 1.0 - EC: 77, O: 408
50, 6, 2.0 - EC: 84, O: 401
50, 6, 3.0 - EC: 92, O: 393
50, 6, 4.0 - EC: 98, O: 387
50, 6, 5.0 - EC: 106, O: 379
50, 7, -5.0 - EC: 30, O: 455
50, 7, -4.0 - EC: 40, O: 445
50, 7, -3.0 - EC: 51, O: 434
50, 7, -2.0 - EC: 58, O: 427
50, 7, -1.0 - EC: 66, O: 419
50, 7, 0.0 - EC: 75, O: 410
50, 7, 1.0 - EC: 76, O: 409
50, 7, 2.0 - EC: 81, O: 404
50, 7, 3.0 - EC: 89, O: 396
50, 7, 4.0 - EC: 94, O: 391
50, 7, 5.0 - EC: 101, O: 384
50, 8, -5.0 - EC: 26, O: 459
50, 8, -4.0 - EC: 36, O: 449
50, 8, -3.0 - EC: 45, O: 440
50, 8, -2.0 - EC: 51, O: 434
50, 8, -1.0 - EC: 58, O: 427
50, 8, 0.0 - EC: 69, O: 416
50, 8, 1.0 - EC: 69, O: 416
50, 8, 2.0 - EC: 74, O: 411
50, 8, 3.0 - EC: 81, O: 404
50, 8, 4.0 - EC: 83, O: 402
50, 8, 5.0 - EC: 82, O: 403
50, 9, -5.0 - EC: 23, O: 462
50, 9, -4.0 - EC: 32, O: 453
50, 9, -3.0 - EC: 40, O: 445
50, 9, -2.0 - EC: 46, O: 439
50, 9, -1.0 - EC: 52, O: 433
50, 9, 0.0 - EC: 62, O: 423
50, 9, 1.0 - EC: 63, O: 422
50, 9, 2.0 - EC: 66, O: 419
50, 9, 3.0 - EC: 72, O: 413
50, 9, 4.0 - EC: 74, O: 411
50, 9, 5.0 - EC: 74, O: 411
50, 10, -5.0 - EC: 16, O: 469
50, 10, -4.0 - EC: 24, O: 461
50, 10, -3.0 - EC: 29, O: 456
50, 10, -2.0 - EC: 34, O: 451
50, 10, -1.0 - EC: 39, O: 446
50, 10, 0.0 - EC: 47, O: 438
50, 10, 1.0 - EC: 48, O: 437
50, 10, 2.0 - EC: 52, O: 433
50, 10, 3.0 - EC: 54, O: 431
50, 10, 4.0 - EC: 55, O: 430
50, 10, 5.0 - EC: 56, O: 429
