number of genes: 16598
number of nodes: 536
Overlap: 485
10, 5, -5.0 - C: 19, E: 30, O: 436
10, 5, -4.0 - C: 25, E: 34, O: 426
10, 5, -3.0 - C: 38, E: 30, O: 417
10, 5, -2.0 - C: 47, E: 26, O: 412
10, 5, -1.0 - C: 52, E: 30, O: 403
10, 5, 0.0 - C: 61, E: 31, O: 393
10, 5, 1.0 - C: 62, E: 30, O: 393
10, 5, 2.0 - C: 68, E: 34, O: 383
10, 5, 3.0 - C: 74, E: 38, O: 373
10, 5, 4.0 - C: 82, E: 36, O: 367
10, 5, 5.0 - C: 95, E: 37, O: 353
10, 6, -5.0 - C: 18, E: 28, O: 439
10, 6, -4.0 - C: 24, E: 32, O: 429
10, 6, -3.0 - C: 36, E: 29, O: 420
10, 6, -2.0 - C: 46, E: 26, O: 413
10, 6, -1.0 - C: 50, E: 30, O: 405
10, 6, 0.0 - C: 59, E: 31, O: 395
10, 6, 1.0 - C: 60, E: 30, O: 395
10, 6, 2.0 - C: 66, E: 34, O: 385
10, 6, 3.0 - C: 72, E: 38, O: 375
10, 6, 4.0 - C: 79, E: 36, O: 370
10, 6, 5.0 - C: 90, E: 35, O: 360
10, 7, -5.0 - C: 16, E: 27, O: 442
10, 7, -4.0 - C: 22, E: 31, O: 432
10, 7, -3.0 - C: 34, E: 28, O: 423
10, 7, -2.0 - C: 44, E: 25, O: 416
10, 7, -1.0 - C: 49, E: 29, O: 407
10, 7, 0.0 - C: 59, E: 29, O: 397
10, 7, 1.0 - C: 60, E: 28, O: 397
10, 7, 2.0 - C: 63, E: 33, O: 389
10, 7, 3.0 - C: 69, E: 37, O: 379
10, 7, 4.0 - C: 75, E: 35, O: 375
10, 7, 5.0 - C: 85, E: 33, O: 367
10, 8, -5.0 - C: 13, E: 22, O: 450
10, 8, -4.0 - C: 19, E: 26, O: 440
10, 8, -3.0 - C: 30, E: 24, O: 431
10, 8, -2.0 - C: 38, E: 22, O: 425
10, 8, -1.0 - C: 42, E: 26, O: 417
10, 8, 0.0 - C: 54, E: 26, O: 405
10, 8, 1.0 - C: 54, E: 27, O: 404
10, 8, 2.0 - C: 57, E: 32, O: 396
10, 8, 3.0 - C: 62, E: 34, O: 389
10, 8, 4.0 - C: 66, E: 32, O: 387
10, 8, 5.0 - C: 67, E: 31, O: 387
10, 9, -5.0 - C: 11, E: 21, O: 453
10, 9, -4.0 - C: 17, E: 24, O: 444
10, 9, -3.0 - C: 26, E: 23, O: 436
10, 9, -2.0 - C: 34, E: 21, O: 430
10, 9, -1.0 - C: 37, E: 24, O: 424
10, 9, 0.0 - C: 49, E: 24, O: 412
10, 9, 1.0 - C: 50, E: 25, O: 410
10, 9, 2.0 - C: 51, E: 30, O: 404
10, 9, 3.0 - C: 55, E: 32, O: 398
10, 9, 4.0 - C: 58, E: 30, O: 397
10, 9, 5.0 - C: 59, E: 28, O: 398
10, 10, -5.0 - C: 4, E: 20, O: 461
10, 10, -4.0 - C: 9, E: 23, O: 453
10, 10, -3.0 - C: 15, E: 22, O: 448
10, 10, -2.0 - C: 22, E: 20, O: 443
10, 10, -1.0 - C: 25, E: 21, O: 439
10, 10, 0.0 - C: 35, E: 22, O: 428
10, 10, 1.0 - C: 36, E: 23, O: 426
10, 10, 2.0 - C: 38, E: 26, O: 421
10, 10, 3.0 - C: 40, E: 26, O: 419
10, 10, 4.0 - C: 41, E: 24, O: 420
10, 10, 5.0 - C: 43, E: 22, O: 420
20, 5, -5.0 - C: 19, E: 24, O: 442
20, 5, -4.0 - C: 25, E: 28, O: 432
20, 5, -3.0 - C: 38, E: 24, O: 423
20, 5, -2.0 - C: 47, E: 19, O: 419
20, 5, -1.0 - C: 52, E: 24, O: 409
20, 5, 0.0 - C: 61, E: 27, O: 397
20, 5, 1.0 - C: 62, E: 26, O: 397
20, 5, 2.0 - C: 68, E: 29, O: 388
20, 5, 3.0 - C: 74, E: 32, O: 379
20, 5, 4.0 - C: 82, E: 32, O: 371
20, 5, 5.0 - C: 95, E: 36, O: 354
20, 6, -5.0 - C: 18, E: 23, O: 444
20, 6, -4.0 - C: 24, E: 26, O: 435
20, 6, -3.0 - C: 36, E: 23, O: 426
20, 6, -2.0 - C: 46, E: 19, O: 420
20, 6, -1.0 - C: 50, E: 24, O: 411
20, 6, 0.0 - C: 59, E: 27, O: 399
20, 6, 1.0 - C: 60, E: 26, O: 399
20, 6, 2.0 - C: 66, E: 29, O: 390
20, 6, 3.0 - C: 72, E: 32, O: 381
20, 6, 4.0 - C: 79, E: 32, O: 374
20, 6, 5.0 - C: 90, E: 34, O: 361
20, 7, -5.0 - C: 16, E: 22, O: 447
20, 7, -4.0 - C: 22, E: 25, O: 438
20, 7, -3.0 - C: 34, E: 22, O: 429
20, 7, -2.0 - C: 44, E: 18, O: 423
20, 7, -1.0 - C: 49, E: 23, O: 413
20, 7, 0.0 - C: 59, E: 25, O: 401
20, 7, 1.0 - C: 60, E: 24, O: 401
20, 7, 2.0 - C: 63, E: 29, O: 393
20, 7, 3.0 - C: 69, E: 32, O: 384
20, 7, 4.0 - C: 75, E: 31, O: 379
20, 7, 5.0 - C: 85, E: 32, O: 368
20, 8, -5.0 - C: 13, E: 18, O: 454
20, 8, -4.0 - C: 19, E: 21, O: 445
20, 8, -3.0 - C: 30, E: 19, O: 436
20, 8, -2.0 - C: 38, E: 16, O: 431
20, 8, -1.0 - C: 42, E: 20, O: 423
20, 8, 0.0 - C: 54, E: 22, O: 409
20, 8, 1.0 - C: 54, E: 23, O: 408
20, 8, 2.0 - C: 57, E: 28, O: 400
20, 8, 3.0 - C: 62, E: 30, O: 393
20, 8, 4.0 - C: 66, E: 29, O: 390
20, 8, 5.0 - C: 67, E: 30, O: 388
20, 9, -5.0 - C: 11, E: 17, O: 457
20, 9, -4.0 - C: 17, E: 19, O: 449
20, 9, -3.0 - C: 26, E: 18, O: 441
20, 9, -2.0 - C: 34, E: 15, O: 436
20, 9, -1.0 - C: 37, E: 18, O: 430
20, 9, 0.0 - C: 49, E: 20, O: 416
20, 9, 1.0 - C: 50, E: 21, O: 414
20, 9, 2.0 - C: 51, E: 26, O: 408
20, 9, 3.0 - C: 55, E: 28, O: 402
20, 9, 4.0 - C: 58, E: 27, O: 400
20, 9, 5.0 - C: 59, E: 27, O: 399
20, 10, -5.0 - C: 4, E: 17, O: 464
20, 10, -4.0 - C: 9, E: 19, O: 457
20, 10, -3.0 - C: 15, E: 18, O: 452
20, 10, -2.0 - C: 22, E: 15, O: 448
20, 10, -1.0 - C: 25, E: 16, O: 444
20, 10, 0.0 - C: 35, E: 18, O: 432
20, 10, 1.0 - C: 36, E: 19, O: 430
20, 10, 2.0 - C: 38, E: 22, O: 425
20, 10, 3.0 - C: 40, E: 22, O: 423
20, 10, 4.0 - C: 41, E: 21, O: 423
20, 10, 5.0 - C: 43, E: 21, O: 421
30, 5, -5.0 - C: 19, E: 18, O: 448
30, 5, -4.0 - C: 25, E: 23, O: 437
30, 5, -3.0 - C: 38, E: 22, O: 425
30, 5, -2.0 - C: 47, E: 18, O: 420
30, 5, -1.0 - C: 52, E: 22, O: 411
30, 5, 0.0 - C: 61, E: 22, O: 402
30, 5, 1.0 - C: 62, E: 20, O: 403
30, 5, 2.0 - C: 68, E: 22, O: 395
30, 5, 3.0 - C: 74, E: 27, O: 384
30, 5, 4.0 - C: 82, E: 25, O: 378
30, 5, 5.0 - C: 95, E: 27, O: 363
30, 6, -5.0 - C: 18, E: 18, O: 449
30, 6, -4.0 - C: 24, E: 23, O: 438
30, 6, -3.0 - C: 36, E: 22, O: 427
30, 6, -2.0 - C: 46, E: 18, O: 421
30, 6, -1.0 - C: 50, E: 22, O: 413
30, 6, 0.0 - C: 59, E: 22, O: 404
30, 6, 1.0 - C: 60, E: 20, O: 405
30, 6, 2.0 - C: 66, E: 22, O: 397
30, 6, 3.0 - C: 72, E: 27, O: 386
30, 6, 4.0 - C: 79, E: 25, O: 381
30, 6, 5.0 - C: 90, E: 25, O: 370
30, 7, -5.0 - C: 16, E: 17, O: 452
30, 7, -4.0 - C: 22, E: 22, O: 441
30, 7, -3.0 - C: 34, E: 21, O: 430
30, 7, -2.0 - C: 44, E: 17, O: 424
30, 7, -1.0 - C: 49, E: 21, O: 415
30, 7, 0.0 - C: 59, E: 20, O: 406
30, 7, 1.0 - C: 60, E: 18, O: 407
30, 7, 2.0 - C: 63, E: 22, O: 400
30, 7, 3.0 - C: 69, E: 27, O: 389
30, 7, 4.0 - C: 75, E: 25, O: 385
30, 7, 5.0 - C: 85, E: 24, O: 376
30, 8, -5.0 - C: 13, E: 16, O: 456
30, 8, -4.0 - C: 19, E: 19, O: 447
30, 8, -3.0 - C: 30, E: 18, O: 437
30, 8, -2.0 - C: 38, E: 15, O: 432
30, 8, -1.0 - C: 42, E: 19, O: 424
30, 8, 0.0 - C: 54, E: 18, O: 413
30, 8, 1.0 - C: 54, E: 17, O: 414
30, 8, 2.0 - C: 57, E: 21, O: 407
30, 8, 3.0 - C: 62, E: 25, O: 398
30, 8, 4.0 - C: 66, E: 23, O: 396
30, 8, 5.0 - C: 67, E: 23, O: 395
30, 9, -5.0 - C: 11, E: 15, O: 459
30, 9, -4.0 - C: 17, E: 17, O: 451
30, 9, -3.0 - C: 26, E: 17, O: 442
30, 9, -2.0 - C: 34, E: 14, O: 437
30, 9, -1.0 - C: 37, E: 17, O: 431
30, 9, 0.0 - C: 49, E: 16, O: 420
30, 9, 1.0 - C: 50, E: 15, O: 420
30, 9, 2.0 - C: 51, E: 19, O: 415
30, 9, 3.0 - C: 55, E: 23, O: 407
30, 9, 4.0 - C: 58, E: 21, O: 406
30, 9, 5.0 - C: 59, E: 20, O: 406
30, 10, -5.0 - C: 4, E: 15, O: 466
30, 10, -4.0 - C: 9, E: 17, O: 459
30, 10, -3.0 - C: 15, E: 17, O: 453
30, 10, -2.0 - C: 22, E: 14, O: 449
30, 10, -1.0 - C: 25, E: 15, O: 445
30, 10, 0.0 - C: 35, E: 15, O: 435
30, 10, 1.0 - C: 36, E: 14, O: 435
30, 10, 2.0 - C: 38, E: 16, O: 431
30, 10, 3.0 - C: 40, E: 19, O: 426
30, 10, 4.0 - C: 41, E: 18, O: 426
30, 10, 5.0 - C: 43, E: 17, O: 425
40, 5, -5.0 - C: 19, E: 15, O: 451
40, 5, -4.0 - C: 25, E: 19, O: 441
40, 5, -3.0 - C: 38, E: 17, O: 430
40, 5, -2.0 - C: 47, E: 17, O: 421
40, 5, -1.0 - C: 52, E: 19, O: 414
40, 5, 0.0 - C: 61, E: 21, O: 403
40, 5, 1.0 - C: 62, E: 20, O: 403
40, 5, 2.0 - C: 68, E: 20, O: 397
40, 5, 3.0 - C: 74, E: 23, O: 388
40, 5, 4.0 - C: 82, E: 23, O: 380
40, 5, 5.0 - C: 95, E: 24, O: 366
40, 6, -5.0 - C: 18, E: 15, O: 452
40, 6, -4.0 - C: 24, E: 19, O: 442
40, 6, -3.0 - C: 36, E: 17, O: 432
40, 6, -2.0 - C: 46, E: 17, O: 422
40, 6, -1.0 - C: 50, E: 19, O: 416
40, 6, 0.0 - C: 59, E: 21, O: 405
40, 6, 1.0 - C: 60, E: 20, O: 405
40, 6, 2.0 - C: 66, E: 20, O: 399
40, 6, 3.0 - C: 72, E: 23, O: 390
40, 6, 4.0 - C: 79, E: 23, O: 383
40, 6, 5.0 - C: 90, E: 23, O: 372
40, 7, -5.0 - C: 16, E: 15, O: 454
40, 7, -4.0 - C: 22, E: 19, O: 444
40, 7, -3.0 - C: 34, E: 17, O: 434
40, 7, -2.0 - C: 44, E: 16, O: 425
40, 7, -1.0 - C: 49, E: 19, O: 417
40, 7, 0.0 - C: 59, E: 19, O: 407
40, 7, 1.0 - C: 60, E: 18, O: 407
40, 7, 2.0 - C: 63, E: 20, O: 402
40, 7, 3.0 - C: 69, E: 23, O: 393
40, 7, 4.0 - C: 75, E: 23, O: 387
40, 7, 5.0 - C: 85, E: 22, O: 378
40, 8, -5.0 - C: 13, E: 14, O: 458
40, 8, -4.0 - C: 19, E: 17, O: 449
40, 8, -3.0 - C: 30, E: 15, O: 440
40, 8, -2.0 - C: 38, E: 14, O: 433
40, 8, -1.0 - C: 42, E: 18, O: 425
40, 8, 0.0 - C: 54, E: 17, O: 414
40, 8, 1.0 - C: 54, E: 17, O: 414
40, 8, 2.0 - C: 57, E: 19, O: 409
40, 8, 3.0 - C: 62, E: 21, O: 402
40, 8, 4.0 - C: 66, E: 21, O: 398
40, 8, 5.0 - C: 67, E: 21, O: 397
40, 9, -5.0 - C: 11, E: 13, O: 461
40, 9, -4.0 - C: 17, E: 15, O: 453
40, 9, -3.0 - C: 26, E: 14, O: 445
40, 9, -2.0 - C: 34, E: 13, O: 438
40, 9, -1.0 - C: 37, E: 16, O: 432
40, 9, 0.0 - C: 49, E: 15, O: 421
40, 9, 1.0 - C: 50, E: 15, O: 420
40, 9, 2.0 - C: 51, E: 17, O: 417
40, 9, 3.0 - C: 55, E: 19, O: 411
40, 9, 4.0 - C: 58, E: 19, O: 408
40, 9, 5.0 - C: 59, E: 18, O: 408
40, 10, -5.0 - C: 4, E: 13, O: 468
40, 10, -4.0 - C: 9, E: 15, O: 461
40, 10, -3.0 - C: 15, E: 14, O: 456
40, 10, -2.0 - C: 22, E: 13, O: 450
40, 10, -1.0 - C: 25, E: 15, O: 445
40, 10, 0.0 - C: 35, E: 14, O: 436
40, 10, 1.0 - C: 36, E: 14, O: 435
40, 10, 2.0 - C: 38, E: 15, O: 432
40, 10, 3.0 - C: 40, E: 15, O: 430
40, 10, 4.0 - C: 41, E: 17, O: 427
40, 10, 5.0 - C: 43, E: 15, O: 427
50, 5, -5.0 - C: 19, E: 14, O: 452
50, 5, -4.0 - C: 25, E: 18, O: 442
50, 5, -3.0 - C: 38, E: 17, O: 430
50, 5, -2.0 - C: 47, E: 15, O: 423
50, 5, -1.0 - C: 52, E: 17, O: 416
50, 5, 0.0 - C: 61, E: 17, O: 407
50, 5, 1.0 - C: 62, E: 17, O: 406
50, 5, 2.0 - C: 68, E: 18, O: 399
50, 5, 3.0 - C: 74, E: 20, O: 391
50, 5, 4.0 - C: 82, E: 19, O: 384
50, 5, 5.0 - C: 95, E: 17, O: 373
50, 6, -5.0 - C: 18, E: 14, O: 453
50, 6, -4.0 - C: 24, E: 18, O: 443
50, 6, -3.0 - C: 36, E: 17, O: 432
50, 6, -2.0 - C: 46, E: 15, O: 424
50, 6, -1.0 - C: 50, E: 17, O: 418
50, 6, 0.0 - C: 59, E: 17, O: 409
50, 6, 1.0 - C: 60, E: 17, O: 408
50, 6, 2.0 - C: 66, E: 18, O: 401
50, 6, 3.0 - C: 72, E: 20, O: 393
50, 6, 4.0 - C: 79, E: 19, O: 387
50, 6, 5.0 - C: 90, E: 16, O: 379
50, 7, -5.0 - C: 16, E: 14, O: 455
50, 7, -4.0 - C: 22, E: 18, O: 445
50, 7, -3.0 - C: 34, E: 17, O: 434
50, 7, -2.0 - C: 44, E: 14, O: 427
50, 7, -1.0 - C: 49, E: 17, O: 419
50, 7, 0.0 - C: 59, E: 16, O: 410
50, 7, 1.0 - C: 60, E: 16, O: 409
50, 7, 2.0 - C: 63, E: 18, O: 404
50, 7, 3.0 - C: 69, E: 20, O: 396
50, 7, 4.0 - C: 75, E: 19, O: 391
50, 7, 5.0 - C: 85, E: 16, O: 384
50, 8, -5.0 - C: 13, E: 13, O: 459
50, 8, -4.0 - C: 19, E: 17, O: 449
50, 8, -3.0 - C: 30, E: 15, O: 440
50, 8, -2.0 - C: 38, E: 13, O: 434
50, 8, -1.0 - C: 42, E: 16, O: 427
50, 8, 0.0 - C: 54, E: 15, O: 416
50, 8, 1.0 - C: 54, E: 15, O: 416
50, 8, 2.0 - C: 57, E: 17, O: 411
50, 8, 3.0 - C: 62, E: 19, O: 404
50, 8, 4.0 - C: 66, E: 17, O: 402
50, 8, 5.0 - C: 67, E: 15, O: 403
50, 9, -5.0 - C: 11, E: 12, O: 462
50, 9, -4.0 - C: 17, E: 15, O: 453
50, 9, -3.0 - C: 26, E: 14, O: 445
50, 9, -2.0 - C: 34, E: 12, O: 439
50, 9, -1.0 - C: 37, E: 15, O: 433
50, 9, 0.0 - C: 49, E: 13, O: 423
50, 9, 1.0 - C: 50, E: 13, O: 422
50, 9, 2.0 - C: 51, E: 15, O: 419
50, 9, 3.0 - C: 55, E: 17, O: 413
50, 9, 4.0 - C: 58, E: 16, O: 411
50, 9, 5.0 - C: 59, E: 15, O: 411
50, 10, -5.0 - C: 4, E: 12, O: 469
50, 10, -4.0 - C: 9, E: 15, O: 461
50, 10, -3.0 - C: 15, E: 14, O: 456
50, 10, -2.0 - C: 22, E: 12, O: 451
50, 10, -1.0 - C: 25, E: 14, O: 446
50, 10, 0.0 - C: 35, E: 12, O: 438
50, 10, 1.0 - C: 36, E: 12, O: 437
50, 10, 2.0 - C: 38, E: 14, O: 433
50, 10, 3.0 - C: 40, E: 14, O: 431
50, 10, 4.0 - C: 41, E: 14, O: 430
50, 10, 5.0 - C: 43, E: 13, O: 429
