number of genes: 16598
number of nodes: 534
Overlap: 483
10, 5, -5.0 - EC: 82, O: 401
10, 5, -4.0 - EC: 91, O: 392
10, 5, -3.0 - EC: 95, O: 388
10, 5, -2.0 - EC: 109, O: 374
10, 5, -1.0 - EC: 113, O: 370
10, 5, 0.0 - EC: 120, O: 363
10, 5, 1.0 - EC: 122, O: 361
10, 5, 2.0 - EC: 131, O: 352
10, 5, 3.0 - EC: 135, O: 348
10, 5, 4.0 - EC: 140, O: 343
10, 5, 5.0 - EC: 140, O: 343
10, 6, -5.0 - EC: 81, O: 402
10, 6, -4.0 - EC: 90, O: 393
10, 6, -3.0 - EC: 94, O: 389
10, 6, -2.0 - EC: 107, O: 376
10, 6, -1.0 - EC: 112, O: 371
10, 6, 0.0 - EC: 118, O: 365
10, 6, 1.0 - EC: 120, O: 363
10, 6, 2.0 - EC: 129, O: 354
10, 6, 3.0 - EC: 133, O: 350
10, 6, 4.0 - EC: 139, O: 344
10, 6, 5.0 - EC: 139, O: 344
10, 7, -5.0 - EC: 74, O: 409
10, 7, -4.0 - EC: 82, O: 401
10, 7, -3.0 - EC: 88, O: 395
10, 7, -2.0 - EC: 101, O: 382
10, 7, -1.0 - EC: 107, O: 376
10, 7, 0.0 - EC: 114, O: 369
10, 7, 1.0 - EC: 117, O: 366
10, 7, 2.0 - EC: 127, O: 356
10, 7, 3.0 - EC: 131, O: 352
10, 7, 4.0 - EC: 137, O: 346
10, 7, 5.0 - EC: 135, O: 348
10, 8, -5.0 - EC: 72, O: 411
10, 8, -4.0 - EC: 80, O: 403
10, 8, -3.0 - EC: 86, O: 397
10, 8, -2.0 - EC: 99, O: 384
10, 8, -1.0 - EC: 104, O: 379
10, 8, 0.0 - EC: 110, O: 373
10, 8, 1.0 - EC: 113, O: 370
10, 8, 2.0 - EC: 123, O: 360
10, 8, 3.0 - EC: 125, O: 358
10, 8, 4.0 - EC: 131, O: 352
10, 8, 5.0 - EC: 128, O: 355
10, 9, -5.0 - EC: 70, O: 413
10, 9, -4.0 - EC: 78, O: 405
10, 9, -3.0 - EC: 84, O: 399
10, 9, -2.0 - EC: 97, O: 386
10, 9, -1.0 - EC: 101, O: 382
10, 9, 0.0 - EC: 108, O: 375
10, 9, 1.0 - EC: 111, O: 372
10, 9, 2.0 - EC: 120, O: 363
10, 9, 3.0 - EC: 121, O: 362
10, 9, 4.0 - EC: 125, O: 358
10, 9, 5.0 - EC: 118, O: 365
10, 10, -5.0 - EC: 66, O: 417
10, 10, -4.0 - EC: 74, O: 409
10, 10, -3.0 - EC: 80, O: 403
10, 10, -2.0 - EC: 93, O: 390
10, 10, -1.0 - EC: 98, O: 385
10, 10, 0.0 - EC: 105, O: 378
10, 10, 1.0 - EC: 109, O: 374
10, 10, 2.0 - EC: 116, O: 367
10, 10, 3.0 - EC: 115, O: 368
10, 10, 4.0 - EC: 116, O: 367
10, 10, 5.0 - EC: 108, O: 375
20, 5, -5.0 - EC: 82, O: 401
20, 5, -4.0 - EC: 91, O: 392
20, 5, -3.0 - EC: 95, O: 388
20, 5, -2.0 - EC: 109, O: 374
20, 5, -1.0 - EC: 113, O: 370
20, 5, 0.0 - EC: 120, O: 363
20, 5, 1.0 - EC: 122, O: 361
20, 5, 2.0 - EC: 131, O: 352
20, 5, 3.0 - EC: 135, O: 348
20, 5, 4.0 - EC: 140, O: 343
20, 5, 5.0 - EC: 140, O: 343
20, 6, -5.0 - EC: 81, O: 402
20, 6, -4.0 - EC: 90, O: 393
20, 6, -3.0 - EC: 94, O: 389
20, 6, -2.0 - EC: 107, O: 376
20, 6, -1.0 - EC: 112, O: 371
20, 6, 0.0 - EC: 118, O: 365
20, 6, 1.0 - EC: 120, O: 363
20, 6, 2.0 - EC: 129, O: 354
20, 6, 3.0 - EC: 133, O: 350
20, 6, 4.0 - EC: 139, O: 344
20, 6, 5.0 - EC: 139, O: 344
20, 7, -5.0 - EC: 74, O: 409
20, 7, -4.0 - EC: 82, O: 401
20, 7, -3.0 - EC: 88, O: 395
20, 7, -2.0 - EC: 101, O: 382
20, 7, -1.0 - EC: 107, O: 376
20, 7, 0.0 - EC: 114, O: 369
20, 7, 1.0 - EC: 117, O: 366
20, 7, 2.0 - EC: 127, O: 356
20, 7, 3.0 - EC: 131, O: 352
20, 7, 4.0 - EC: 137, O: 346
20, 7, 5.0 - EC: 135, O: 348
20, 8, -5.0 - EC: 72, O: 411
20, 8, -4.0 - EC: 80, O: 403
20, 8, -3.0 - EC: 86, O: 397
20, 8, -2.0 - EC: 99, O: 384
20, 8, -1.0 - EC: 104, O: 379
20, 8, 0.0 - EC: 110, O: 373
20, 8, 1.0 - EC: 113, O: 370
20, 8, 2.0 - EC: 123, O: 360
20, 8, 3.0 - EC: 125, O: 358
20, 8, 4.0 - EC: 131, O: 352
20, 8, 5.0 - EC: 128, O: 355
20, 9, -5.0 - EC: 70, O: 413
20, 9, -4.0 - EC: 78, O: 405
20, 9, -3.0 - EC: 84, O: 399
20, 9, -2.0 - EC: 97, O: 386
20, 9, -1.0 - EC: 101, O: 382
20, 9, 0.0 - EC: 108, O: 375
20, 9, 1.0 - EC: 111, O: 372
20, 9, 2.0 - EC: 120, O: 363
20, 9, 3.0 - EC: 121, O: 362
20, 9, 4.0 - EC: 125, O: 358
20, 9, 5.0 - EC: 118, O: 365
20, 10, -5.0 - EC: 66, O: 417
20, 10, -4.0 - EC: 74, O: 409
20, 10, -3.0 - EC: 80, O: 403
20, 10, -2.0 - EC: 93, O: 390
20, 10, -1.0 - EC: 98, O: 385
20, 10, 0.0 - EC: 105, O: 378
20, 10, 1.0 - EC: 109, O: 374
20, 10, 2.0 - EC: 116, O: 367
20, 10, 3.0 - EC: 115, O: 368
20, 10, 4.0 - EC: 116, O: 367
20, 10, 5.0 - EC: 108, O: 375
30, 5, -5.0 - EC: 68, O: 415
30, 5, -4.0 - EC: 75, O: 408
30, 5, -3.0 - EC: 81, O: 402
30, 5, -2.0 - EC: 94, O: 389
30, 5, -1.0 - EC: 99, O: 384
30, 5, 0.0 - EC: 104, O: 379
30, 5, 1.0 - EC: 108, O: 375
30, 5, 2.0 - EC: 115, O: 368
30, 5, 3.0 - EC: 120, O: 363
30, 5, 4.0 - EC: 126, O: 357
30, 5, 5.0 - EC: 125, O: 358
30, 6, -5.0 - EC: 67, O: 416
30, 6, -4.0 - EC: 74, O: 409
30, 6, -3.0 - EC: 80, O: 403
30, 6, -2.0 - EC: 92, O: 391
30, 6, -1.0 - EC: 98, O: 385
30, 6, 0.0 - EC: 102, O: 381
30, 6, 1.0 - EC: 106, O: 377
30, 6, 2.0 - EC: 113, O: 370
30, 6, 3.0 - EC: 118, O: 365
30, 6, 4.0 - EC: 125, O: 358
30, 6, 5.0 - EC: 124, O: 359
30, 7, -5.0 - EC: 61, O: 422
30, 7, -4.0 - EC: 67, O: 416
30, 7, -3.0 - EC: 75, O: 408
30, 7, -2.0 - EC: 86, O: 397
30, 7, -1.0 - EC: 93, O: 390
30, 7, 0.0 - EC: 98, O: 385
30, 7, 1.0 - EC: 103, O: 380
30, 7, 2.0 - EC: 111, O: 372
30, 7, 3.0 - EC: 116, O: 367
30, 7, 4.0 - EC: 123, O: 360
30, 7, 5.0 - EC: 121, O: 362
30, 8, -5.0 - EC: 59, O: 424
30, 8, -4.0 - EC: 65, O: 418
30, 8, -3.0 - EC: 73, O: 410
30, 8, -2.0 - EC: 84, O: 399
30, 8, -1.0 - EC: 90, O: 393
30, 8, 0.0 - EC: 94, O: 389
30, 8, 1.0 - EC: 99, O: 384
30, 8, 2.0 - EC: 107, O: 376
30, 8, 3.0 - EC: 110, O: 373
30, 8, 4.0 - EC: 117, O: 366
30, 8, 5.0 - EC: 115, O: 368
30, 9, -5.0 - EC: 58, O: 425
30, 9, -4.0 - EC: 64, O: 419
30, 9, -3.0 - EC: 72, O: 411
30, 9, -2.0 - EC: 82, O: 401
30, 9, -1.0 - EC: 87, O: 396
30, 9, 0.0 - EC: 92, O: 391
30, 9, 1.0 - EC: 97, O: 386
30, 9, 2.0 - EC: 104, O: 379
30, 9, 3.0 - EC: 106, O: 377
30, 9, 4.0 - EC: 112, O: 371
30, 9, 5.0 - EC: 107, O: 376
30, 10, -5.0 - EC: 55, O: 428
30, 10, -4.0 - EC: 61, O: 422
30, 10, -3.0 - EC: 69, O: 414
30, 10, -2.0 - EC: 79, O: 404
30, 10, -1.0 - EC: 84, O: 399
30, 10, 0.0 - EC: 89, O: 394
30, 10, 1.0 - EC: 95, O: 388
30, 10, 2.0 - EC: 102, O: 381
30, 10, 3.0 - EC: 102, O: 381
30, 10, 4.0 - EC: 106, O: 377
30, 10, 5.0 - EC: 100, O: 383
40, 5, -5.0 - EC: 63, O: 420
40, 5, -4.0 - EC: 71, O: 412
40, 5, -3.0 - EC: 74, O: 409
40, 5, -2.0 - EC: 84, O: 399
40, 5, -1.0 - EC: 90, O: 393
40, 5, 0.0 - EC: 97, O: 386
40, 5, 1.0 - EC: 100, O: 383
40, 5, 2.0 - EC: 108, O: 375
40, 5, 3.0 - EC: 114, O: 369
40, 5, 4.0 - EC: 120, O: 363
40, 5, 5.0 - EC: 119, O: 364
40, 6, -5.0 - EC: 62, O: 421
40, 6, -4.0 - EC: 70, O: 413
40, 6, -3.0 - EC: 73, O: 410
40, 6, -2.0 - EC: 82, O: 401
40, 6, -1.0 - EC: 89, O: 394
40, 6, 0.0 - EC: 95, O: 388
40, 6, 1.0 - EC: 98, O: 385
40, 6, 2.0 - EC: 106, O: 377
40, 6, 3.0 - EC: 112, O: 371
40, 6, 4.0 - EC: 119, O: 364
40, 6, 5.0 - EC: 118, O: 365
40, 7, -5.0 - EC: 57, O: 426
40, 7, -4.0 - EC: 63, O: 420
40, 7, -3.0 - EC: 68, O: 415
40, 7, -2.0 - EC: 76, O: 407
40, 7, -1.0 - EC: 84, O: 399
40, 7, 0.0 - EC: 91, O: 392
40, 7, 1.0 - EC: 95, O: 388
40, 7, 2.0 - EC: 104, O: 379
40, 7, 3.0 - EC: 110, O: 373
40, 7, 4.0 - EC: 117, O: 366
40, 7, 5.0 - EC: 115, O: 368
40, 8, -5.0 - EC: 56, O: 427
40, 8, -4.0 - EC: 62, O: 421
40, 8, -3.0 - EC: 67, O: 416
40, 8, -2.0 - EC: 75, O: 408
40, 8, -1.0 - EC: 81, O: 402
40, 8, 0.0 - EC: 87, O: 396
40, 8, 1.0 - EC: 91, O: 392
40, 8, 2.0 - EC: 100, O: 383
40, 8, 3.0 - EC: 104, O: 379
40, 8, 4.0 - EC: 111, O: 372
40, 8, 5.0 - EC: 109, O: 374
40, 9, -5.0 - EC: 56, O: 427
40, 9, -4.0 - EC: 62, O: 421
40, 9, -3.0 - EC: 66, O: 417
40, 9, -2.0 - EC: 74, O: 409
40, 9, -1.0 - EC: 78, O: 405
40, 9, 0.0 - EC: 85, O: 398
40, 9, 1.0 - EC: 89, O: 394
40, 9, 2.0 - EC: 97, O: 386
40, 9, 3.0 - EC: 100, O: 383
40, 9, 4.0 - EC: 106, O: 377
40, 9, 5.0 - EC: 101, O: 382
40, 10, -5.0 - EC: 53, O: 430
40, 10, -4.0 - EC: 59, O: 424
40, 10, -3.0 - EC: 63, O: 420
40, 10, -2.0 - EC: 71, O: 412
40, 10, -1.0 - EC: 75, O: 408
40, 10, 0.0 - EC: 82, O: 401
40, 10, 1.0 - EC: 87, O: 396
40, 10, 2.0 - EC: 95, O: 388
40, 10, 3.0 - EC: 96, O: 387
40, 10, 4.0 - EC: 100, O: 383
40, 10, 5.0 - EC: 94, O: 389
50, 5, -5.0 - EC: 57, O: 426
50, 5, -4.0 - EC: 66, O: 417
50, 5, -3.0 - EC: 70, O: 413
50, 5, -2.0 - EC: 79, O: 404
50, 5, -1.0 - EC: 85, O: 398
50, 5, 0.0 - EC: 92, O: 391
50, 5, 1.0 - EC: 95, O: 388
50, 5, 2.0 - EC: 103, O: 380
50, 5, 3.0 - EC: 107, O: 376
50, 5, 4.0 - EC: 113, O: 370
50, 5, 5.0 - EC: 111, O: 372
50, 6, -5.0 - EC: 56, O: 427
50, 6, -4.0 - EC: 65, O: 418
50, 6, -3.0 - EC: 69, O: 414
50, 6, -2.0 - EC: 77, O: 406
50, 6, -1.0 - EC: 84, O: 399
50, 6, 0.0 - EC: 90, O: 393
50, 6, 1.0 - EC: 93, O: 390
50, 6, 2.0 - EC: 101, O: 382
50, 6, 3.0 - EC: 105, O: 378
50, 6, 4.0 - EC: 112, O: 371
50, 6, 5.0 - EC: 110, O: 373
50, 7, -5.0 - EC: 51, O: 432
50, 7, -4.0 - EC: 58, O: 425
50, 7, -3.0 - EC: 64, O: 419
50, 7, -2.0 - EC: 71, O: 412
50, 7, -1.0 - EC: 79, O: 404
50, 7, 0.0 - EC: 86, O: 397
50, 7, 1.0 - EC: 90, O: 393
50, 7, 2.0 - EC: 99, O: 384
50, 7, 3.0 - EC: 103, O: 380
50, 7, 4.0 - EC: 110, O: 373
50, 7, 5.0 - EC: 107, O: 376
50, 8, -5.0 - EC: 50, O: 433
50, 8, -4.0 - EC: 57, O: 426
50, 8, -3.0 - EC: 63, O: 420
50, 8, -2.0 - EC: 70, O: 413
50, 8, -1.0 - EC: 76, O: 407
50, 8, 0.0 - EC: 82, O: 401
50, 8, 1.0 - EC: 86, O: 397
50, 8, 2.0 - EC: 95, O: 388
50, 8, 3.0 - EC: 97, O: 386
50, 8, 4.0 - EC: 104, O: 379
50, 8, 5.0 - EC: 101, O: 382
50, 9, -5.0 - EC: 50, O: 433
50, 9, -4.0 - EC: 57, O: 426
50, 9, -3.0 - EC: 62, O: 421
50, 9, -2.0 - EC: 69, O: 414
50, 9, -1.0 - EC: 73, O: 410
50, 9, 0.0 - EC: 80, O: 403
50, 9, 1.0 - EC: 84, O: 399
50, 9, 2.0 - EC: 92, O: 391
50, 9, 3.0 - EC: 93, O: 390
50, 9, 4.0 - EC: 100, O: 383
50, 9, 5.0 - EC: 95, O: 388
50, 10, -5.0 - EC: 47, O: 436
50, 10, -4.0 - EC: 54, O: 429
50, 10, -3.0 - EC: 59, O: 424
50, 10, -2.0 - EC: 66, O: 417
50, 10, -1.0 - EC: 70, O: 413
50, 10, 0.0 - EC: 77, O: 406
50, 10, 1.0 - EC: 82, O: 401
50, 10, 2.0 - EC: 90, O: 393
50, 10, 3.0 - EC: 89, O: 394
50, 10, 4.0 - EC: 95, O: 388
50, 10, 5.0 - EC: 89, O: 394
