number of genes: 16598
number of nodes: 533
Overlap: 482
10, 0, -6.0 - C: 26, E: 54, O: 402
10, 0, -5.0 - C: 34, E: 55, O: 393
10, 0, -4.0 - C: 44, E: 53, O: 385
10, 0, -3.8 - C: 45, E: 53, O: 384
10, 0, -3.6 - C: 46, E: 54, O: 382
10, 0, -3.4 - C: 48, E: 52, O: 382
10, 0, -3.2 - C: 49, E: 51, O: 382
10, 0, -3.0 - C: 48, E: 50, O: 384
10, 0, -2.0 - C: 56, E: 55, O: 371
10, 0, -1.0 - C: 59, E: 55, O: 368
10, 0, 0.0 - C: 67, E: 54, O: 361
10, 1, -6.0 - C: 26, E: 54, O: 402
10, 1, -5.0 - C: 34, E: 55, O: 393
10, 1, -4.0 - C: 44, E: 53, O: 385
10, 1, -3.8 - C: 45, E: 53, O: 384
10, 1, -3.6 - C: 46, E: 54, O: 382
10, 1, -3.4 - C: 48, E: 52, O: 382
10, 1, -3.2 - C: 49, E: 51, O: 382
10, 1, -3.0 - C: 48, E: 50, O: 384
10, 1, -2.0 - C: 56, E: 55, O: 371
10, 1, -1.0 - C: 59, E: 55, O: 368
10, 1, 0.0 - C: 67, E: 54, O: 361
10, 2, -6.0 - C: 26, E: 54, O: 402
10, 2, -5.0 - C: 34, E: 55, O: 393
10, 2, -4.0 - C: 44, E: 53, O: 385
10, 2, -3.8 - C: 45, E: 53, O: 384
10, 2, -3.6 - C: 46, E: 54, O: 382
10, 2, -3.4 - C: 48, E: 52, O: 382
10, 2, -3.2 - C: 49, E: 51, O: 382
10, 2, -3.0 - C: 48, E: 50, O: 384
10, 2, -2.0 - C: 56, E: 55, O: 371
10, 2, -1.0 - C: 59, E: 55, O: 368
10, 2, 0.0 - C: 67, E: 54, O: 361
10, 3, -6.0 - C: 25, E: 53, O: 404
10, 3, -5.0 - C: 34, E: 54, O: 394
10, 3, -4.0 - C: 44, E: 53, O: 385
10, 3, -3.8 - C: 45, E: 53, O: 384
10, 3, -3.6 - C: 46, E: 54, O: 382
10, 3, -3.4 - C: 48, E: 52, O: 382
10, 3, -3.2 - C: 49, E: 51, O: 382
10, 3, -3.0 - C: 48, E: 50, O: 384
10, 3, -2.0 - C: 56, E: 55, O: 371
10, 3, -1.0 - C: 59, E: 55, O: 368
10, 3, 0.0 - C: 67, E: 54, O: 361
10, 4, -6.0 - C: 23, E: 52, O: 407
10, 4, -5.0 - C: 33, E: 54, O: 395
10, 4, -4.0 - C: 43, E: 53, O: 386
10, 4, -3.8 - C: 44, E: 53, O: 385
10, 4, -3.6 - C: 45, E: 54, O: 383
10, 4, -3.4 - C: 47, E: 52, O: 383
10, 4, -3.2 - C: 48, E: 51, O: 383
10, 4, -3.0 - C: 48, E: 50, O: 384
10, 4, -2.0 - C: 56, E: 55, O: 371
10, 4, -1.0 - C: 59, E: 55, O: 368
10, 4, 0.0 - C: 67, E: 54, O: 361
10, 5, -6.0 - C: 19, E: 51, O: 412
10, 5, -5.0 - C: 30, E: 53, O: 399
10, 5, -4.0 - C: 40, E: 52, O: 390
10, 5, -3.8 - C: 41, E: 53, O: 388
10, 5, -3.6 - C: 42, E: 54, O: 386
10, 5, -3.4 - C: 45, E: 52, O: 385
10, 5, -3.2 - C: 46, E: 51, O: 385
10, 5, -3.0 - C: 46, E: 50, O: 386
10, 5, -2.0 - C: 55, E: 55, O: 372
10, 5, -1.0 - C: 59, E: 55, O: 368
10, 5, 0.0 - C: 67, E: 54, O: 361
10, 6, -6.0 - C: 18, E: 51, O: 413
10, 6, -5.0 - C: 29, E: 53, O: 400
10, 6, -4.0 - C: 39, E: 52, O: 391
10, 6, -3.8 - C: 40, E: 53, O: 389
10, 6, -3.6 - C: 41, E: 54, O: 387
10, 6, -3.4 - C: 44, E: 52, O: 386
10, 6, -3.2 - C: 45, E: 51, O: 386
10, 6, -3.0 - C: 45, E: 50, O: 387
10, 6, -2.0 - C: 53, E: 55, O: 374
10, 6, -1.0 - C: 58, E: 55, O: 369
10, 6, 0.0 - C: 65, E: 54, O: 363
10, 7, -6.0 - C: 16, E: 47, O: 419
10, 7, -5.0 - C: 25, E: 50, O: 407
10, 7, -4.0 - C: 34, E: 49, O: 399
10, 7, -3.8 - C: 35, E: 50, O: 397
10, 7, -3.6 - C: 36, E: 51, O: 395
10, 7, -3.4 - C: 38, E: 50, O: 394
10, 7, -3.2 - C: 40, E: 49, O: 393
10, 7, -3.0 - C: 40, E: 49, O: 393
10, 7, -2.0 - C: 48, E: 54, O: 380
10, 7, -1.0 - C: 54, E: 54, O: 374
10, 7, 0.0 - C: 61, E: 54, O: 367
10, 8, -6.0 - C: 16, E: 46, O: 420
10, 8, -5.0 - C: 24, E: 49, O: 409
10, 8, -4.0 - C: 33, E: 48, O: 401
10, 8, -3.8 - C: 34, E: 49, O: 399
10, 8, -3.6 - C: 35, E: 50, O: 397
10, 8, -3.4 - C: 37, E: 49, O: 396
10, 8, -3.2 - C: 39, E: 48, O: 395
10, 8, -3.0 - C: 39, E: 48, O: 395
10, 8, -2.0 - C: 47, E: 53, O: 382
10, 8, -1.0 - C: 52, E: 53, O: 377
10, 8, 0.0 - C: 58, E: 53, O: 371
10, 9, -6.0 - C: 16, E: 44, O: 422
10, 9, -5.0 - C: 24, E: 47, O: 411
10, 9, -4.0 - C: 33, E: 46, O: 403
10, 9, -3.8 - C: 34, E: 47, O: 401
10, 9, -3.6 - C: 35, E: 48, O: 399
10, 9, -3.4 - C: 37, E: 47, O: 398
10, 9, -3.2 - C: 39, E: 46, O: 397
10, 9, -3.0 - C: 39, E: 46, O: 397
10, 9, -2.0 - C: 47, E: 51, O: 384
10, 9, -1.0 - C: 50, E: 52, O: 380
10, 9, 0.0 - C: 56, E: 53, O: 373
10, 10, -6.0 - C: 14, E: 42, O: 426
10, 10, -5.0 - C: 22, E: 45, O: 415
10, 10, -4.0 - C: 31, E: 44, O: 407
10, 10, -3.8 - C: 32, E: 45, O: 405
10, 10, -3.6 - C: 33, E: 46, O: 403
10, 10, -3.4 - C: 35, E: 45, O: 402
10, 10, -3.2 - C: 37, E: 44, O: 401
10, 10, -3.0 - C: 37, E: 44, O: 401
10, 10, -2.0 - C: 45, E: 49, O: 388
10, 10, -1.0 - C: 48, E: 51, O: 383
10, 10, 0.0 - C: 54, E: 52, O: 376
20, 0, -6.0 - C: 26, E: 54, O: 402
20, 0, -5.0 - C: 34, E: 55, O: 393
20, 0, -4.0 - C: 44, E: 53, O: 385
20, 0, -3.8 - C: 45, E: 53, O: 384
20, 0, -3.6 - C: 46, E: 54, O: 382
20, 0, -3.4 - C: 48, E: 52, O: 382
20, 0, -3.2 - C: 49, E: 51, O: 382
20, 0, -3.0 - C: 48, E: 50, O: 384
20, 0, -2.0 - C: 56, E: 55, O: 371
20, 0, -1.0 - C: 59, E: 55, O: 368
20, 0, 0.0 - C: 67, E: 54, O: 361
20, 1, -6.0 - C: 26, E: 54, O: 402
20, 1, -5.0 - C: 34, E: 55, O: 393
20, 1, -4.0 - C: 44, E: 53, O: 385
20, 1, -3.8 - C: 45, E: 53, O: 384
20, 1, -3.6 - C: 46, E: 54, O: 382
20, 1, -3.4 - C: 48, E: 52, O: 382
20, 1, -3.2 - C: 49, E: 51, O: 382
20, 1, -3.0 - C: 48, E: 50, O: 384
20, 1, -2.0 - C: 56, E: 55, O: 371
20, 1, -1.0 - C: 59, E: 55, O: 368
20, 1, 0.0 - C: 67, E: 54, O: 361
20, 2, -6.0 - C: 26, E: 54, O: 402
20, 2, -5.0 - C: 34, E: 55, O: 393
20, 2, -4.0 - C: 44, E: 53, O: 385
20, 2, -3.8 - C: 45, E: 53, O: 384
20, 2, -3.6 - C: 46, E: 54, O: 382
20, 2, -3.4 - C: 48, E: 52, O: 382
20, 2, -3.2 - C: 49, E: 51, O: 382
20, 2, -3.0 - C: 48, E: 50, O: 384
20, 2, -2.0 - C: 56, E: 55, O: 371
20, 2, -1.0 - C: 59, E: 55, O: 368
20, 2, 0.0 - C: 67, E: 54, O: 361
20, 3, -6.0 - C: 25, E: 53, O: 404
20, 3, -5.0 - C: 34, E: 54, O: 394
20, 3, -4.0 - C: 44, E: 53, O: 385
20, 3, -3.8 - C: 45, E: 53, O: 384
20, 3, -3.6 - C: 46, E: 54, O: 382
20, 3, -3.4 - C: 48, E: 52, O: 382
20, 3, -3.2 - C: 49, E: 51, O: 382
20, 3, -3.0 - C: 48, E: 50, O: 384
20, 3, -2.0 - C: 56, E: 55, O: 371
20, 3, -1.0 - C: 59, E: 55, O: 368
20, 3, 0.0 - C: 67, E: 54, O: 361
20, 4, -6.0 - C: 23, E: 52, O: 407
20, 4, -5.0 - C: 33, E: 54, O: 395
20, 4, -4.0 - C: 43, E: 53, O: 386
20, 4, -3.8 - C: 44, E: 53, O: 385
20, 4, -3.6 - C: 45, E: 54, O: 383
20, 4, -3.4 - C: 47, E: 52, O: 383
20, 4, -3.2 - C: 48, E: 51, O: 383
20, 4, -3.0 - C: 48, E: 50, O: 384
20, 4, -2.0 - C: 56, E: 55, O: 371
20, 4, -1.0 - C: 59, E: 55, O: 368
20, 4, 0.0 - C: 67, E: 54, O: 361
20, 5, -6.0 - C: 19, E: 51, O: 412
20, 5, -5.0 - C: 30, E: 53, O: 399
20, 5, -4.0 - C: 40, E: 52, O: 390
20, 5, -3.8 - C: 41, E: 53, O: 388
20, 5, -3.6 - C: 42, E: 54, O: 386
20, 5, -3.4 - C: 45, E: 52, O: 385
20, 5, -3.2 - C: 46, E: 51, O: 385
20, 5, -3.0 - C: 46, E: 50, O: 386
20, 5, -2.0 - C: 55, E: 55, O: 372
20, 5, -1.0 - C: 59, E: 55, O: 368
20, 5, 0.0 - C: 67, E: 54, O: 361
20, 6, -6.0 - C: 18, E: 51, O: 413
20, 6, -5.0 - C: 29, E: 53, O: 400
20, 6, -4.0 - C: 39, E: 52, O: 391
20, 6, -3.8 - C: 40, E: 53, O: 389
20, 6, -3.6 - C: 41, E: 54, O: 387
20, 6, -3.4 - C: 44, E: 52, O: 386
20, 6, -3.2 - C: 45, E: 51, O: 386
20, 6, -3.0 - C: 45, E: 50, O: 387
20, 6, -2.0 - C: 53, E: 55, O: 374
20, 6, -1.0 - C: 58, E: 55, O: 369
20, 6, 0.0 - C: 65, E: 54, O: 363
20, 7, -6.0 - C: 16, E: 47, O: 419
20, 7, -5.0 - C: 25, E: 50, O: 407
20, 7, -4.0 - C: 34, E: 49, O: 399
20, 7, -3.8 - C: 35, E: 50, O: 397
20, 7, -3.6 - C: 36, E: 51, O: 395
20, 7, -3.4 - C: 38, E: 50, O: 394
20, 7, -3.2 - C: 40, E: 49, O: 393
20, 7, -3.0 - C: 40, E: 49, O: 393
20, 7, -2.0 - C: 48, E: 54, O: 380
20, 7, -1.0 - C: 54, E: 54, O: 374
20, 7, 0.0 - C: 61, E: 54, O: 367
20, 8, -6.0 - C: 16, E: 46, O: 420
20, 8, -5.0 - C: 24, E: 49, O: 409
20, 8, -4.0 - C: 33, E: 48, O: 401
20, 8, -3.8 - C: 34, E: 49, O: 399
20, 8, -3.6 - C: 35, E: 50, O: 397
20, 8, -3.4 - C: 37, E: 49, O: 396
20, 8, -3.2 - C: 39, E: 48, O: 395
20, 8, -3.0 - C: 39, E: 48, O: 395
20, 8, -2.0 - C: 47, E: 53, O: 382
20, 8, -1.0 - C: 52, E: 53, O: 377
20, 8, 0.0 - C: 58, E: 53, O: 371
20, 9, -6.0 - C: 16, E: 44, O: 422
20, 9, -5.0 - C: 24, E: 47, O: 411
20, 9, -4.0 - C: 33, E: 46, O: 403
20, 9, -3.8 - C: 34, E: 47, O: 401
20, 9, -3.6 - C: 35, E: 48, O: 399
20, 9, -3.4 - C: 37, E: 47, O: 398
20, 9, -3.2 - C: 39, E: 46, O: 397
20, 9, -3.0 - C: 39, E: 46, O: 397
20, 9, -2.0 - C: 47, E: 51, O: 384
20, 9, -1.0 - C: 50, E: 52, O: 380
20, 9, 0.0 - C: 56, E: 53, O: 373
20, 10, -6.0 - C: 14, E: 42, O: 426
20, 10, -5.0 - C: 22, E: 45, O: 415
20, 10, -4.0 - C: 31, E: 44, O: 407
20, 10, -3.8 - C: 32, E: 45, O: 405
20, 10, -3.6 - C: 33, E: 46, O: 403
20, 10, -3.4 - C: 35, E: 45, O: 402
20, 10, -3.2 - C: 37, E: 44, O: 401
20, 10, -3.0 - C: 37, E: 44, O: 401
20, 10, -2.0 - C: 45, E: 49, O: 388
20, 10, -1.0 - C: 48, E: 51, O: 383
20, 10, 0.0 - C: 54, E: 52, O: 376
30, 0, -6.0 - C: 26, E: 36, O: 420
30, 0, -5.0 - C: 34, E: 40, O: 408
30, 0, -4.0 - C: 44, E: 37, O: 401
30, 0, -3.8 - C: 45, E: 36, O: 401
30, 0, -3.6 - C: 46, E: 38, O: 398
30, 0, -3.4 - C: 48, E: 36, O: 398
30, 0, -3.2 - C: 49, E: 36, O: 397
30, 0, -3.0 - C: 48, E: 36, O: 398
30, 0, -2.0 - C: 56, E: 40, O: 386
30, 0, -1.0 - C: 59, E: 41, O: 382
30, 0, 0.0 - C: 67, E: 38, O: 377
30, 1, -6.0 - C: 26, E: 36, O: 420
30, 1, -5.0 - C: 34, E: 40, O: 408
30, 1, -4.0 - C: 44, E: 37, O: 401
30, 1, -3.8 - C: 45, E: 36, O: 401
30, 1, -3.6 - C: 46, E: 38, O: 398
30, 1, -3.4 - C: 48, E: 36, O: 398
30, 1, -3.2 - C: 49, E: 36, O: 397
30, 1, -3.0 - C: 48, E: 36, O: 398
30, 1, -2.0 - C: 56, E: 40, O: 386
30, 1, -1.0 - C: 59, E: 41, O: 382
30, 1, 0.0 - C: 67, E: 38, O: 377
30, 2, -6.0 - C: 26, E: 36, O: 420
30, 2, -5.0 - C: 34, E: 40, O: 408
30, 2, -4.0 - C: 44, E: 37, O: 401
30, 2, -3.8 - C: 45, E: 36, O: 401
30, 2, -3.6 - C: 46, E: 38, O: 398
30, 2, -3.4 - C: 48, E: 36, O: 398
30, 2, -3.2 - C: 49, E: 36, O: 397
30, 2, -3.0 - C: 48, E: 36, O: 398
30, 2, -2.0 - C: 56, E: 40, O: 386
30, 2, -1.0 - C: 59, E: 41, O: 382
30, 2, 0.0 - C: 67, E: 38, O: 377
30, 3, -6.0 - C: 25, E: 36, O: 421
30, 3, -5.0 - C: 34, E: 40, O: 408
30, 3, -4.0 - C: 44, E: 37, O: 401
30, 3, -3.8 - C: 45, E: 36, O: 401
30, 3, -3.6 - C: 46, E: 38, O: 398
30, 3, -3.4 - C: 48, E: 36, O: 398
30, 3, -3.2 - C: 49, E: 36, O: 397
30, 3, -3.0 - C: 48, E: 36, O: 398
30, 3, -2.0 - C: 56, E: 40, O: 386
30, 3, -1.0 - C: 59, E: 41, O: 382
30, 3, 0.0 - C: 67, E: 38, O: 377
30, 4, -6.0 - C: 23, E: 35, O: 424
30, 4, -5.0 - C: 33, E: 40, O: 409
30, 4, -4.0 - C: 43, E: 37, O: 402
30, 4, -3.8 - C: 44, E: 36, O: 402
30, 4, -3.6 - C: 45, E: 38, O: 399
30, 4, -3.4 - C: 47, E: 36, O: 399
30, 4, -3.2 - C: 48, E: 36, O: 398
30, 4, -3.0 - C: 48, E: 36, O: 398
30, 4, -2.0 - C: 56, E: 40, O: 386
30, 4, -1.0 - C: 59, E: 41, O: 382
30, 4, 0.0 - C: 67, E: 38, O: 377
30, 5, -6.0 - C: 19, E: 34, O: 429
30, 5, -5.0 - C: 30, E: 39, O: 413
30, 5, -4.0 - C: 40, E: 36, O: 406
30, 5, -3.8 - C: 41, E: 36, O: 405
30, 5, -3.6 - C: 42, E: 38, O: 402
30, 5, -3.4 - C: 45, E: 36, O: 401
30, 5, -3.2 - C: 46, E: 36, O: 400
30, 5, -3.0 - C: 46, E: 36, O: 400
30, 5, -2.0 - C: 55, E: 40, O: 387
30, 5, -1.0 - C: 59, E: 41, O: 382
30, 5, 0.0 - C: 67, E: 38, O: 377
30, 6, -6.0 - C: 18, E: 34, O: 430
30, 6, -5.0 - C: 29, E: 39, O: 414
30, 6, -4.0 - C: 39, E: 36, O: 407
30, 6, -3.8 - C: 40, E: 36, O: 406
30, 6, -3.6 - C: 41, E: 38, O: 403
30, 6, -3.4 - C: 44, E: 36, O: 402
30, 6, -3.2 - C: 45, E: 36, O: 401
30, 6, -3.0 - C: 45, E: 36, O: 401
30, 6, -2.0 - C: 53, E: 40, O: 389
30, 6, -1.0 - C: 58, E: 41, O: 383
30, 6, 0.0 - C: 65, E: 38, O: 379
30, 7, -6.0 - C: 16, E: 32, O: 434
30, 7, -5.0 - C: 25, E: 37, O: 420
30, 7, -4.0 - C: 34, E: 34, O: 414
30, 7, -3.8 - C: 35, E: 34, O: 413
30, 7, -3.6 - C: 36, E: 36, O: 410
30, 7, -3.4 - C: 38, E: 35, O: 409
30, 7, -3.2 - C: 40, E: 35, O: 407
30, 7, -3.0 - C: 40, E: 36, O: 406
30, 7, -2.0 - C: 48, E: 39, O: 395
30, 7, -1.0 - C: 54, E: 40, O: 388
30, 7, 0.0 - C: 61, E: 38, O: 383
30, 8, -6.0 - C: 16, E: 31, O: 435
30, 8, -5.0 - C: 24, E: 36, O: 422
30, 8, -4.0 - C: 33, E: 33, O: 416
30, 8, -3.8 - C: 34, E: 33, O: 415
30, 8, -3.6 - C: 35, E: 35, O: 412
30, 8, -3.4 - C: 37, E: 34, O: 411
30, 8, -3.2 - C: 39, E: 34, O: 409
30, 8, -3.0 - C: 39, E: 35, O: 408
30, 8, -2.0 - C: 47, E: 38, O: 397
30, 8, -1.0 - C: 52, E: 39, O: 391
30, 8, 0.0 - C: 58, E: 37, O: 387
30, 9, -6.0 - C: 16, E: 30, O: 436
30, 9, -5.0 - C: 24, E: 35, O: 423
30, 9, -4.0 - C: 33, E: 32, O: 417
30, 9, -3.8 - C: 34, E: 32, O: 416
30, 9, -3.6 - C: 35, E: 34, O: 413
30, 9, -3.4 - C: 37, E: 33, O: 412
30, 9, -3.2 - C: 39, E: 33, O: 410
30, 9, -3.0 - C: 39, E: 34, O: 409
30, 9, -2.0 - C: 47, E: 36, O: 399
30, 9, -1.0 - C: 50, E: 38, O: 394
30, 9, 0.0 - C: 56, E: 37, O: 389
30, 10, -6.0 - C: 14, E: 29, O: 439
30, 10, -5.0 - C: 22, E: 34, O: 426
30, 10, -4.0 - C: 31, E: 31, O: 420
30, 10, -3.8 - C: 32, E: 31, O: 419
30, 10, -3.6 - C: 33, E: 33, O: 416
30, 10, -3.4 - C: 35, E: 32, O: 415
30, 10, -3.2 - C: 37, E: 32, O: 413
30, 10, -3.0 - C: 37, E: 33, O: 412
30, 10, -2.0 - C: 45, E: 35, O: 402
30, 10, -1.0 - C: 48, E: 37, O: 397
30, 10, 0.0 - C: 54, E: 36, O: 392
40, 0, -6.0 - C: 26, E: 33, O: 423
40, 0, -5.0 - C: 34, E: 35, O: 413
40, 0, -4.0 - C: 44, E: 33, O: 405
40, 0, -3.8 - C: 45, E: 33, O: 404
40, 0, -3.6 - C: 46, E: 33, O: 403
40, 0, -3.4 - C: 48, E: 31, O: 403
40, 0, -3.2 - C: 49, E: 30, O: 403
40, 0, -3.0 - C: 48, E: 29, O: 405
40, 0, -2.0 - C: 56, E: 30, O: 396
40, 0, -1.0 - C: 59, E: 32, O: 391
40, 0, 0.0 - C: 67, E: 31, O: 384
40, 1, -6.0 - C: 26, E: 33, O: 423
40, 1, -5.0 - C: 34, E: 35, O: 413
40, 1, -4.0 - C: 44, E: 33, O: 405
40, 1, -3.8 - C: 45, E: 33, O: 404
40, 1, -3.6 - C: 46, E: 33, O: 403
40, 1, -3.4 - C: 48, E: 31, O: 403
40, 1, -3.2 - C: 49, E: 30, O: 403
40, 1, -3.0 - C: 48, E: 29, O: 405
40, 1, -2.0 - C: 56, E: 30, O: 396
40, 1, -1.0 - C: 59, E: 32, O: 391
40, 1, 0.0 - C: 67, E: 31, O: 384
40, 2, -6.0 - C: 26, E: 33, O: 423
40, 2, -5.0 - C: 34, E: 35, O: 413
40, 2, -4.0 - C: 44, E: 33, O: 405
40, 2, -3.8 - C: 45, E: 33, O: 404
40, 2, -3.6 - C: 46, E: 33, O: 403
40, 2, -3.4 - C: 48, E: 31, O: 403
40, 2, -3.2 - C: 49, E: 30, O: 403
40, 2, -3.0 - C: 48, E: 29, O: 405
40, 2, -2.0 - C: 56, E: 30, O: 396
40, 2, -1.0 - C: 59, E: 32, O: 391
40, 2, 0.0 - C: 67, E: 31, O: 384
40, 3, -6.0 - C: 25, E: 33, O: 424
40, 3, -5.0 - C: 34, E: 35, O: 413
40, 3, -4.0 - C: 44, E: 33, O: 405
40, 3, -3.8 - C: 45, E: 33, O: 404
40, 3, -3.6 - C: 46, E: 33, O: 403
40, 3, -3.4 - C: 48, E: 31, O: 403
40, 3, -3.2 - C: 49, E: 30, O: 403
40, 3, -3.0 - C: 48, E: 29, O: 405
40, 3, -2.0 - C: 56, E: 30, O: 396
40, 3, -1.0 - C: 59, E: 32, O: 391
40, 3, 0.0 - C: 67, E: 31, O: 384
40, 4, -6.0 - C: 23, E: 32, O: 427
40, 4, -5.0 - C: 33, E: 35, O: 414
40, 4, -4.0 - C: 43, E: 33, O: 406
40, 4, -3.8 - C: 44, E: 33, O: 405
40, 4, -3.6 - C: 45, E: 33, O: 404
40, 4, -3.4 - C: 47, E: 31, O: 404
40, 4, -3.2 - C: 48, E: 30, O: 404
40, 4, -3.0 - C: 48, E: 29, O: 405
40, 4, -2.0 - C: 56, E: 30, O: 396
40, 4, -1.0 - C: 59, E: 32, O: 391
40, 4, 0.0 - C: 67, E: 31, O: 384
40, 5, -6.0 - C: 19, E: 31, O: 432
40, 5, -5.0 - C: 30, E: 34, O: 418
40, 5, -4.0 - C: 40, E: 32, O: 410
40, 5, -3.8 - C: 41, E: 33, O: 408
40, 5, -3.6 - C: 42, E: 33, O: 407
40, 5, -3.4 - C: 45, E: 31, O: 406
40, 5, -3.2 - C: 46, E: 30, O: 406
40, 5, -3.0 - C: 46, E: 29, O: 407
40, 5, -2.0 - C: 55, E: 30, O: 397
40, 5, -1.0 - C: 59, E: 32, O: 391
40, 5, 0.0 - C: 67, E: 31, O: 384
40, 6, -6.0 - C: 18, E: 31, O: 433
40, 6, -5.0 - C: 29, E: 34, O: 419
40, 6, -4.0 - C: 39, E: 32, O: 411
40, 6, -3.8 - C: 40, E: 33, O: 409
40, 6, -3.6 - C: 41, E: 33, O: 408
40, 6, -3.4 - C: 44, E: 31, O: 407
40, 6, -3.2 - C: 45, E: 30, O: 407
40, 6, -3.0 - C: 45, E: 29, O: 408
40, 6, -2.0 - C: 53, E: 30, O: 399
40, 6, -1.0 - C: 58, E: 32, O: 392
40, 6, 0.0 - C: 65, E: 31, O: 386
40, 7, -6.0 - C: 16, E: 29, O: 437
40, 7, -5.0 - C: 25, E: 33, O: 424
40, 7, -4.0 - C: 34, E: 30, O: 418
40, 7, -3.8 - C: 35, E: 31, O: 416
40, 7, -3.6 - C: 36, E: 31, O: 415
40, 7, -3.4 - C: 38, E: 30, O: 414
40, 7, -3.2 - C: 40, E: 29, O: 413
40, 7, -3.0 - C: 40, E: 29, O: 413
40, 7, -2.0 - C: 48, E: 29, O: 405
40, 7, -1.0 - C: 54, E: 31, O: 397
40, 7, 0.0 - C: 61, E: 31, O: 390
40, 8, -6.0 - C: 16, E: 29, O: 437
40, 8, -5.0 - C: 24, E: 33, O: 425
40, 8, -4.0 - C: 33, E: 30, O: 419
40, 8, -3.8 - C: 34, E: 31, O: 417
40, 8, -3.6 - C: 35, E: 31, O: 416
40, 8, -3.4 - C: 37, E: 30, O: 415
40, 8, -3.2 - C: 39, E: 29, O: 414
40, 8, -3.0 - C: 39, E: 29, O: 414
40, 8, -2.0 - C: 47, E: 29, O: 406
40, 8, -1.0 - C: 52, E: 30, O: 400
40, 8, 0.0 - C: 58, E: 30, O: 394
40, 9, -6.0 - C: 16, E: 29, O: 437
40, 9, -5.0 - C: 24, E: 33, O: 425
40, 9, -4.0 - C: 33, E: 30, O: 419
40, 9, -3.8 - C: 34, E: 30, O: 418
40, 9, -3.6 - C: 35, E: 30, O: 417
40, 9, -3.4 - C: 37, E: 29, O: 416
40, 9, -3.2 - C: 39, E: 28, O: 415
40, 9, -3.0 - C: 39, E: 28, O: 415
40, 9, -2.0 - C: 47, E: 28, O: 407
40, 9, -1.0 - C: 50, E: 29, O: 403
40, 9, 0.0 - C: 56, E: 30, O: 396
40, 10, -6.0 - C: 14, E: 28, O: 440
40, 10, -5.0 - C: 22, E: 32, O: 428
40, 10, -4.0 - C: 31, E: 29, O: 422
40, 10, -3.8 - C: 32, E: 29, O: 421
40, 10, -3.6 - C: 33, E: 29, O: 420
40, 10, -3.4 - C: 35, E: 28, O: 419
40, 10, -3.2 - C: 37, E: 27, O: 418
40, 10, -3.0 - C: 37, E: 27, O: 418
40, 10, -2.0 - C: 45, E: 27, O: 410
40, 10, -1.0 - C: 48, E: 28, O: 406
40, 10, 0.0 - C: 54, E: 29, O: 399
50, 0, -6.0 - C: 26, E: 27, O: 429
50, 0, -5.0 - C: 34, E: 29, O: 419
50, 0, -4.0 - C: 44, E: 28, O: 410
50, 0, -3.8 - C: 45, E: 28, O: 409
50, 0, -3.6 - C: 46, E: 28, O: 408
50, 0, -3.4 - C: 48, E: 27, O: 407
50, 0, -3.2 - C: 49, E: 26, O: 407
50, 0, -3.0 - C: 48, E: 25, O: 409
50, 0, -2.0 - C: 56, E: 25, O: 401
50, 0, -1.0 - C: 59, E: 27, O: 396
50, 0, 0.0 - C: 67, E: 26, O: 389
50, 1, -6.0 - C: 26, E: 27, O: 429
50, 1, -5.0 - C: 34, E: 29, O: 419
50, 1, -4.0 - C: 44, E: 28, O: 410
50, 1, -3.8 - C: 45, E: 28, O: 409
50, 1, -3.6 - C: 46, E: 28, O: 408
50, 1, -3.4 - C: 48, E: 27, O: 407
50, 1, -3.2 - C: 49, E: 26, O: 407
50, 1, -3.0 - C: 48, E: 25, O: 409
50, 1, -2.0 - C: 56, E: 25, O: 401
50, 1, -1.0 - C: 59, E: 27, O: 396
50, 1, 0.0 - C: 67, E: 26, O: 389
50, 2, -6.0 - C: 26, E: 27, O: 429
50, 2, -5.0 - C: 34, E: 29, O: 419
50, 2, -4.0 - C: 44, E: 28, O: 410
50, 2, -3.8 - C: 45, E: 28, O: 409
50, 2, -3.6 - C: 46, E: 28, O: 408
50, 2, -3.4 - C: 48, E: 27, O: 407
50, 2, -3.2 - C: 49, E: 26, O: 407
50, 2, -3.0 - C: 48, E: 25, O: 409
50, 2, -2.0 - C: 56, E: 25, O: 401
50, 2, -1.0 - C: 59, E: 27, O: 396
50, 2, 0.0 - C: 67, E: 26, O: 389
50, 3, -6.0 - C: 25, E: 27, O: 430
50, 3, -5.0 - C: 34, E: 29, O: 419
50, 3, -4.0 - C: 44, E: 28, O: 410
50, 3, -3.8 - C: 45, E: 28, O: 409
50, 3, -3.6 - C: 46, E: 28, O: 408
50, 3, -3.4 - C: 48, E: 27, O: 407
50, 3, -3.2 - C: 49, E: 26, O: 407
50, 3, -3.0 - C: 48, E: 25, O: 409
50, 3, -2.0 - C: 56, E: 25, O: 401
50, 3, -1.0 - C: 59, E: 27, O: 396
50, 3, 0.0 - C: 67, E: 26, O: 389
50, 4, -6.0 - C: 23, E: 26, O: 433
50, 4, -5.0 - C: 33, E: 29, O: 420
50, 4, -4.0 - C: 43, E: 28, O: 411
50, 4, -3.8 - C: 44, E: 28, O: 410
50, 4, -3.6 - C: 45, E: 28, O: 409
50, 4, -3.4 - C: 47, E: 27, O: 408
50, 4, -3.2 - C: 48, E: 26, O: 408
50, 4, -3.0 - C: 48, E: 25, O: 409
50, 4, -2.0 - C: 56, E: 25, O: 401
50, 4, -1.0 - C: 59, E: 27, O: 396
50, 4, 0.0 - C: 67, E: 26, O: 389
50, 5, -6.0 - C: 19, E: 25, O: 438
50, 5, -5.0 - C: 30, E: 28, O: 424
50, 5, -4.0 - C: 40, E: 27, O: 415
50, 5, -3.8 - C: 41, E: 28, O: 413
50, 5, -3.6 - C: 42, E: 28, O: 412
50, 5, -3.4 - C: 45, E: 27, O: 410
50, 5, -3.2 - C: 46, E: 26, O: 410
50, 5, -3.0 - C: 46, E: 25, O: 411
50, 5, -2.0 - C: 55, E: 25, O: 402
50, 5, -1.0 - C: 59, E: 27, O: 396
50, 5, 0.0 - C: 67, E: 26, O: 389
50, 6, -6.0 - C: 18, E: 25, O: 439
50, 6, -5.0 - C: 29, E: 28, O: 425
50, 6, -4.0 - C: 39, E: 27, O: 416
50, 6, -3.8 - C: 40, E: 28, O: 414
50, 6, -3.6 - C: 41, E: 28, O: 413
50, 6, -3.4 - C: 44, E: 27, O: 411
50, 6, -3.2 - C: 45, E: 26, O: 411
50, 6, -3.0 - C: 45, E: 25, O: 412
50, 6, -2.0 - C: 53, E: 25, O: 404
50, 6, -1.0 - C: 58, E: 27, O: 397
50, 6, 0.0 - C: 65, E: 26, O: 391
50, 7, -6.0 - C: 16, E: 23, O: 443
50, 7, -5.0 - C: 25, E: 27, O: 430
50, 7, -4.0 - C: 34, E: 25, O: 423
50, 7, -3.8 - C: 35, E: 26, O: 421
50, 7, -3.6 - C: 36, E: 26, O: 420
50, 7, -3.4 - C: 38, E: 26, O: 418
50, 7, -3.2 - C: 40, E: 25, O: 417
50, 7, -3.0 - C: 40, E: 25, O: 417
50, 7, -2.0 - C: 48, E: 24, O: 410
50, 7, -1.0 - C: 54, E: 26, O: 402
50, 7, 0.0 - C: 61, E: 26, O: 395
50, 8, -6.0 - C: 16, E: 23, O: 443
50, 8, -5.0 - C: 24, E: 27, O: 431
50, 8, -4.0 - C: 33, E: 25, O: 424
50, 8, -3.8 - C: 34, E: 26, O: 422
50, 8, -3.6 - C: 35, E: 26, O: 421
50, 8, -3.4 - C: 37, E: 26, O: 419
50, 8, -3.2 - C: 39, E: 25, O: 418
50, 8, -3.0 - C: 39, E: 25, O: 418
50, 8, -2.0 - C: 47, E: 24, O: 411
50, 8, -1.0 - C: 52, E: 25, O: 405
50, 8, 0.0 - C: 58, E: 25, O: 399
50, 9, -6.0 - C: 16, E: 23, O: 443
50, 9, -5.0 - C: 24, E: 27, O: 431
50, 9, -4.0 - C: 33, E: 25, O: 424
50, 9, -3.8 - C: 34, E: 25, O: 423
50, 9, -3.6 - C: 35, E: 25, O: 422
50, 9, -3.4 - C: 37, E: 25, O: 420
50, 9, -3.2 - C: 39, E: 24, O: 419
50, 9, -3.0 - C: 39, E: 24, O: 419
50, 9, -2.0 - C: 47, E: 23, O: 412
50, 9, -1.0 - C: 50, E: 24, O: 408
50, 9, 0.0 - C: 56, E: 25, O: 401
50, 10, -6.0 - C: 14, E: 22, O: 446
50, 10, -5.0 - C: 22, E: 26, O: 434
50, 10, -4.0 - C: 31, E: 24, O: 427
50, 10, -3.8 - C: 32, E: 24, O: 426
50, 10, -3.6 - C: 33, E: 24, O: 425
50, 10, -3.4 - C: 35, E: 24, O: 423
50, 10, -3.2 - C: 37, E: 23, O: 422
50, 10, -3.0 - C: 37, E: 23, O: 422
50, 10, -2.0 - C: 45, E: 22, O: 415
50, 10, -1.0 - C: 48, E: 23, O: 411
50, 10, 0.0 - C: 54, E: 24, O: 404
