number of genes: 16598
number of nodes: 533
Overlap: 482
10, 0, -6.0 - C: 17, E: 29, O: 436
10, 0, -5.0 - C: 21, E: 31, O: 430
10, 0, -4.0 - C: 27, E: 35, O: 420
10, 0, -3.8 - C: 29, E: 36, O: 417
10, 0, -3.6 - C: 29, E: 37, O: 416
10, 0, -3.4 - C: 33, E: 35, O: 414
10, 0, -3.2 - C: 36, E: 33, O: 413
10, 0, -3.0 - C: 40, E: 30, O: 412
10, 0, -2.0 - C: 48, E: 26, O: 408
10, 0, -1.0 - C: 53, E: 30, O: 399
10, 0, 0.0 - C: 62, E: 32, O: 388
10, 1, -6.0 - C: 17, E: 29, O: 436
10, 1, -5.0 - C: 21, E: 31, O: 430
10, 1, -4.0 - C: 27, E: 35, O: 420
10, 1, -3.8 - C: 29, E: 36, O: 417
10, 1, -3.6 - C: 29, E: 37, O: 416
10, 1, -3.4 - C: 33, E: 35, O: 414
10, 1, -3.2 - C: 36, E: 33, O: 413
10, 1, -3.0 - C: 40, E: 30, O: 412
10, 1, -2.0 - C: 48, E: 26, O: 408
10, 1, -1.0 - C: 53, E: 30, O: 399
10, 1, 0.0 - C: 62, E: 32, O: 388
10, 2, -6.0 - C: 16, E: 29, O: 437
10, 2, -5.0 - C: 21, E: 31, O: 430
10, 2, -4.0 - C: 27, E: 35, O: 420
10, 2, -3.8 - C: 29, E: 36, O: 417
10, 2, -3.6 - C: 29, E: 37, O: 416
10, 2, -3.4 - C: 33, E: 35, O: 414
10, 2, -3.2 - C: 36, E: 33, O: 413
10, 2, -3.0 - C: 40, E: 30, O: 412
10, 2, -2.0 - C: 48, E: 26, O: 408
10, 2, -1.0 - C: 53, E: 30, O: 399
10, 2, 0.0 - C: 62, E: 32, O: 388
10, 3, -6.0 - C: 16, E: 29, O: 437
10, 3, -5.0 - C: 21, E: 31, O: 430
10, 3, -4.0 - C: 27, E: 35, O: 420
10, 3, -3.8 - C: 29, E: 36, O: 417
10, 3, -3.6 - C: 29, E: 37, O: 416
10, 3, -3.4 - C: 33, E: 35, O: 414
10, 3, -3.2 - C: 36, E: 33, O: 413
10, 3, -3.0 - C: 40, E: 30, O: 412
10, 3, -2.0 - C: 48, E: 26, O: 408
10, 3, -1.0 - C: 53, E: 30, O: 399
10, 3, 0.0 - C: 62, E: 32, O: 388
10, 4, -6.0 - C: 16, E: 29, O: 437
10, 4, -5.0 - C: 21, E: 31, O: 430
10, 4, -4.0 - C: 27, E: 35, O: 420
10, 4, -3.8 - C: 29, E: 36, O: 417
10, 4, -3.6 - C: 29, E: 37, O: 416
10, 4, -3.4 - C: 33, E: 35, O: 414
10, 4, -3.2 - C: 36, E: 33, O: 413
10, 4, -3.0 - C: 40, E: 30, O: 412
10, 4, -2.0 - C: 48, E: 26, O: 408
10, 4, -1.0 - C: 53, E: 30, O: 399
10, 4, 0.0 - C: 62, E: 32, O: 388
10, 5, -6.0 - C: 14, E: 29, O: 439
10, 5, -5.0 - C: 19, E: 31, O: 432
10, 5, -4.0 - C: 25, E: 35, O: 422
10, 5, -3.8 - C: 27, E: 36, O: 419
10, 5, -3.6 - C: 27, E: 37, O: 418
10, 5, -3.4 - C: 31, E: 35, O: 416
10, 5, -3.2 - C: 34, E: 33, O: 415
10, 5, -3.0 - C: 39, E: 30, O: 413
10, 5, -2.0 - C: 48, E: 26, O: 408
10, 5, -1.0 - C: 53, E: 30, O: 399
10, 5, 0.0 - C: 62, E: 31, O: 389
10, 6, -6.0 - C: 13, E: 27, O: 442
10, 6, -5.0 - C: 18, E: 29, O: 435
10, 6, -4.0 - C: 24, E: 33, O: 425
10, 6, -3.8 - C: 26, E: 34, O: 422
10, 6, -3.6 - C: 26, E: 35, O: 421
10, 6, -3.4 - C: 29, E: 34, O: 419
10, 6, -3.2 - C: 32, E: 32, O: 418
10, 6, -3.0 - C: 37, E: 29, O: 416
10, 6, -2.0 - C: 47, E: 26, O: 409
10, 6, -1.0 - C: 51, E: 30, O: 401
10, 6, 0.0 - C: 60, E: 31, O: 391
10, 7, -6.0 - C: 11, E: 26, O: 445
10, 7, -5.0 - C: 16, E: 28, O: 438
10, 7, -4.0 - C: 22, E: 32, O: 428
10, 7, -3.8 - C: 24, E: 33, O: 425
10, 7, -3.6 - C: 24, E: 34, O: 424
10, 7, -3.4 - C: 27, E: 33, O: 422
10, 7, -3.2 - C: 30, E: 31, O: 421
10, 7, -3.0 - C: 35, E: 28, O: 419
10, 7, -2.0 - C: 45, E: 25, O: 412
10, 7, -1.0 - C: 50, E: 29, O: 403
10, 7, 0.0 - C: 60, E: 29, O: 393
10, 8, -6.0 - C: 9, E: 21, O: 452
10, 8, -5.0 - C: 13, E: 23, O: 446
10, 8, -4.0 - C: 19, E: 27, O: 436
10, 8, -3.8 - C: 21, E: 28, O: 433
10, 8, -3.6 - C: 21, E: 29, O: 432
10, 8, -3.4 - C: 24, E: 28, O: 430
10, 8, -3.2 - C: 26, E: 27, O: 429
10, 8, -3.0 - C: 31, E: 24, O: 427
10, 8, -2.0 - C: 39, E: 22, O: 421
10, 8, -1.0 - C: 43, E: 26, O: 413
10, 8, 0.0 - C: 55, E: 26, O: 401
10, 9, -6.0 - C: 7, E: 20, O: 455
10, 9, -5.0 - C: 11, E: 22, O: 449
10, 9, -4.0 - C: 17, E: 25, O: 440
10, 9, -3.8 - C: 19, E: 26, O: 437
10, 9, -3.6 - C: 19, E: 27, O: 436
10, 9, -3.4 - C: 22, E: 26, O: 434
10, 9, -3.2 - C: 22, E: 26, O: 434
10, 9, -3.0 - C: 27, E: 23, O: 432
10, 9, -2.0 - C: 35, E: 21, O: 426
10, 9, -1.0 - C: 38, E: 24, O: 420
10, 9, 0.0 - C: 50, E: 24, O: 408
10, 10, -6.0 - C: 2, E: 19, O: 461
10, 10, -5.0 - C: 4, E: 21, O: 457
10, 10, -4.0 - C: 9, E: 24, O: 449
10, 10, -3.8 - C: 11, E: 25, O: 446
10, 10, -3.6 - C: 11, E: 26, O: 445
10, 10, -3.4 - C: 13, E: 25, O: 444
10, 10, -3.2 - C: 13, E: 25, O: 444
10, 10, -3.0 - C: 16, E: 22, O: 444
10, 10, -2.0 - C: 23, E: 20, O: 439
10, 10, -1.0 - C: 26, E: 21, O: 435
10, 10, 0.0 - C: 36, E: 22, O: 424
20, 0, -6.0 - C: 17, E: 23, O: 442
20, 0, -5.0 - C: 21, E: 25, O: 436
20, 0, -4.0 - C: 27, E: 29, O: 426
20, 0, -3.8 - C: 29, E: 30, O: 423
20, 0, -3.6 - C: 29, E: 31, O: 422
20, 0, -3.4 - C: 33, E: 29, O: 420
20, 0, -3.2 - C: 36, E: 27, O: 419
20, 0, -3.0 - C: 40, E: 24, O: 418
20, 0, -2.0 - C: 48, E: 19, O: 415
20, 0, -1.0 - C: 53, E: 24, O: 405
20, 0, 0.0 - C: 62, E: 28, O: 392
20, 1, -6.0 - C: 17, E: 23, O: 442
20, 1, -5.0 - C: 21, E: 25, O: 436
20, 1, -4.0 - C: 27, E: 29, O: 426
20, 1, -3.8 - C: 29, E: 30, O: 423
20, 1, -3.6 - C: 29, E: 31, O: 422
20, 1, -3.4 - C: 33, E: 29, O: 420
20, 1, -3.2 - C: 36, E: 27, O: 419
20, 1, -3.0 - C: 40, E: 24, O: 418
20, 1, -2.0 - C: 48, E: 19, O: 415
20, 1, -1.0 - C: 53, E: 24, O: 405
20, 1, 0.0 - C: 62, E: 28, O: 392
20, 2, -6.0 - C: 16, E: 23, O: 443
20, 2, -5.0 - C: 21, E: 25, O: 436
20, 2, -4.0 - C: 27, E: 29, O: 426
20, 2, -3.8 - C: 29, E: 30, O: 423
20, 2, -3.6 - C: 29, E: 31, O: 422
20, 2, -3.4 - C: 33, E: 29, O: 420
20, 2, -3.2 - C: 36, E: 27, O: 419
20, 2, -3.0 - C: 40, E: 24, O: 418
20, 2, -2.0 - C: 48, E: 19, O: 415
20, 2, -1.0 - C: 53, E: 24, O: 405
20, 2, 0.0 - C: 62, E: 28, O: 392
20, 3, -6.0 - C: 16, E: 23, O: 443
20, 3, -5.0 - C: 21, E: 25, O: 436
20, 3, -4.0 - C: 27, E: 29, O: 426
20, 3, -3.8 - C: 29, E: 30, O: 423
20, 3, -3.6 - C: 29, E: 31, O: 422
20, 3, -3.4 - C: 33, E: 29, O: 420
20, 3, -3.2 - C: 36, E: 27, O: 419
20, 3, -3.0 - C: 40, E: 24, O: 418
20, 3, -2.0 - C: 48, E: 19, O: 415
20, 3, -1.0 - C: 53, E: 24, O: 405
20, 3, 0.0 - C: 62, E: 28, O: 392
20, 4, -6.0 - C: 16, E: 23, O: 443
20, 4, -5.0 - C: 21, E: 25, O: 436
20, 4, -4.0 - C: 27, E: 29, O: 426
20, 4, -3.8 - C: 29, E: 30, O: 423
20, 4, -3.6 - C: 29, E: 31, O: 422
20, 4, -3.4 - C: 33, E: 29, O: 420
20, 4, -3.2 - C: 36, E: 27, O: 419
20, 4, -3.0 - C: 40, E: 24, O: 418
20, 4, -2.0 - C: 48, E: 19, O: 415
20, 4, -1.0 - C: 53, E: 24, O: 405
20, 4, 0.0 - C: 62, E: 28, O: 392
20, 5, -6.0 - C: 14, E: 23, O: 445
20, 5, -5.0 - C: 19, E: 25, O: 438
20, 5, -4.0 - C: 25, E: 29, O: 428
20, 5, -3.8 - C: 27, E: 30, O: 425
20, 5, -3.6 - C: 27, E: 31, O: 424
20, 5, -3.4 - C: 31, E: 29, O: 422
20, 5, -3.2 - C: 34, E: 27, O: 421
20, 5, -3.0 - C: 39, E: 24, O: 419
20, 5, -2.0 - C: 48, E: 19, O: 415
20, 5, -1.0 - C: 53, E: 24, O: 405
20, 5, 0.0 - C: 62, E: 27, O: 393
20, 6, -6.0 - C: 13, E: 23, O: 446
20, 6, -5.0 - C: 18, E: 24, O: 440
20, 6, -4.0 - C: 24, E: 27, O: 431
20, 6, -3.8 - C: 26, E: 28, O: 428
20, 6, -3.6 - C: 26, E: 29, O: 427
20, 6, -3.4 - C: 29, E: 28, O: 425
20, 6, -3.2 - C: 32, E: 26, O: 424
20, 6, -3.0 - C: 37, E: 23, O: 422
20, 6, -2.0 - C: 47, E: 19, O: 416
20, 6, -1.0 - C: 51, E: 24, O: 407
20, 6, 0.0 - C: 60, E: 27, O: 395
20, 7, -6.0 - C: 11, E: 22, O: 449
20, 7, -5.0 - C: 16, E: 23, O: 443
20, 7, -4.0 - C: 22, E: 26, O: 434
20, 7, -3.8 - C: 24, E: 27, O: 431
20, 7, -3.6 - C: 24, E: 28, O: 430
20, 7, -3.4 - C: 27, E: 27, O: 428
20, 7, -3.2 - C: 30, E: 25, O: 427
20, 7, -3.0 - C: 35, E: 22, O: 425
20, 7, -2.0 - C: 45, E: 18, O: 419
20, 7, -1.0 - C: 50, E: 23, O: 409
20, 7, 0.0 - C: 60, E: 25, O: 397
20, 8, -6.0 - C: 9, E: 17, O: 456
20, 8, -5.0 - C: 13, E: 19, O: 450
20, 8, -4.0 - C: 19, E: 22, O: 441
20, 8, -3.8 - C: 21, E: 23, O: 438
20, 8, -3.6 - C: 21, E: 24, O: 437
20, 8, -3.4 - C: 24, E: 23, O: 435
20, 8, -3.2 - C: 26, E: 22, O: 434
20, 8, -3.0 - C: 31, E: 19, O: 432
20, 8, -2.0 - C: 39, E: 16, O: 427
20, 8, -1.0 - C: 43, E: 20, O: 419
20, 8, 0.0 - C: 55, E: 22, O: 405
20, 9, -6.0 - C: 7, E: 16, O: 459
20, 9, -5.0 - C: 11, E: 18, O: 453
20, 9, -4.0 - C: 17, E: 20, O: 445
20, 9, -3.8 - C: 19, E: 21, O: 442
20, 9, -3.6 - C: 19, E: 22, O: 441
20, 9, -3.4 - C: 22, E: 21, O: 439
20, 9, -3.2 - C: 22, E: 21, O: 439
20, 9, -3.0 - C: 27, E: 18, O: 437
20, 9, -2.0 - C: 35, E: 15, O: 432
20, 9, -1.0 - C: 38, E: 18, O: 426
20, 9, 0.0 - C: 50, E: 20, O: 412
20, 10, -6.0 - C: 2, E: 16, O: 464
20, 10, -5.0 - C: 4, E: 18, O: 460
20, 10, -4.0 - C: 9, E: 20, O: 453
20, 10, -3.8 - C: 11, E: 21, O: 450
20, 10, -3.6 - C: 11, E: 22, O: 449
20, 10, -3.4 - C: 13, E: 21, O: 448
20, 10, -3.2 - C: 13, E: 21, O: 448
20, 10, -3.0 - C: 16, E: 18, O: 448
20, 10, -2.0 - C: 23, E: 15, O: 444
20, 10, -1.0 - C: 26, E: 16, O: 440
20, 10, 0.0 - C: 36, E: 18, O: 428
30, 0, -6.0 - C: 17, E: 16, O: 449
30, 0, -5.0 - C: 21, E: 19, O: 442
30, 0, -4.0 - C: 27, E: 24, O: 431
30, 0, -3.8 - C: 29, E: 26, O: 427
30, 0, -3.6 - C: 29, E: 28, O: 425
30, 0, -3.4 - C: 33, E: 27, O: 422
30, 0, -3.2 - C: 36, E: 25, O: 421
30, 0, -3.0 - C: 40, E: 22, O: 420
30, 0, -2.0 - C: 48, E: 18, O: 416
30, 0, -1.0 - C: 53, E: 22, O: 407
30, 0, 0.0 - C: 62, E: 23, O: 397
30, 1, -6.0 - C: 17, E: 16, O: 449
30, 1, -5.0 - C: 21, E: 19, O: 442
30, 1, -4.0 - C: 27, E: 24, O: 431
30, 1, -3.8 - C: 29, E: 26, O: 427
30, 1, -3.6 - C: 29, E: 28, O: 425
30, 1, -3.4 - C: 33, E: 27, O: 422
30, 1, -3.2 - C: 36, E: 25, O: 421
30, 1, -3.0 - C: 40, E: 22, O: 420
30, 1, -2.0 - C: 48, E: 18, O: 416
30, 1, -1.0 - C: 53, E: 22, O: 407
30, 1, 0.0 - C: 62, E: 23, O: 397
30, 2, -6.0 - C: 16, E: 16, O: 450
30, 2, -5.0 - C: 21, E: 19, O: 442
30, 2, -4.0 - C: 27, E: 24, O: 431
30, 2, -3.8 - C: 29, E: 26, O: 427
30, 2, -3.6 - C: 29, E: 28, O: 425
30, 2, -3.4 - C: 33, E: 27, O: 422
30, 2, -3.2 - C: 36, E: 25, O: 421
30, 2, -3.0 - C: 40, E: 22, O: 420
30, 2, -2.0 - C: 48, E: 18, O: 416
30, 2, -1.0 - C: 53, E: 22, O: 407
30, 2, 0.0 - C: 62, E: 23, O: 397
30, 3, -6.0 - C: 16, E: 16, O: 450
30, 3, -5.0 - C: 21, E: 19, O: 442
30, 3, -4.0 - C: 27, E: 24, O: 431
30, 3, -3.8 - C: 29, E: 26, O: 427
30, 3, -3.6 - C: 29, E: 28, O: 425
30, 3, -3.4 - C: 33, E: 27, O: 422
30, 3, -3.2 - C: 36, E: 25, O: 421
30, 3, -3.0 - C: 40, E: 22, O: 420
30, 3, -2.0 - C: 48, E: 18, O: 416
30, 3, -1.0 - C: 53, E: 22, O: 407
30, 3, 0.0 - C: 62, E: 23, O: 397
30, 4, -6.0 - C: 16, E: 16, O: 450
30, 4, -5.0 - C: 21, E: 19, O: 442
30, 4, -4.0 - C: 27, E: 24, O: 431
30, 4, -3.8 - C: 29, E: 26, O: 427
30, 4, -3.6 - C: 29, E: 28, O: 425
30, 4, -3.4 - C: 33, E: 27, O: 422
30, 4, -3.2 - C: 36, E: 25, O: 421
30, 4, -3.0 - C: 40, E: 22, O: 420
30, 4, -2.0 - C: 48, E: 18, O: 416
30, 4, -1.0 - C: 53, E: 22, O: 407
30, 4, 0.0 - C: 62, E: 23, O: 397
30, 5, -6.0 - C: 14, E: 16, O: 452
30, 5, -5.0 - C: 19, E: 19, O: 444
30, 5, -4.0 - C: 25, E: 24, O: 433
30, 5, -3.8 - C: 27, E: 26, O: 429
30, 5, -3.6 - C: 27, E: 28, O: 427
30, 5, -3.4 - C: 31, E: 27, O: 424
30, 5, -3.2 - C: 34, E: 25, O: 423
30, 5, -3.0 - C: 39, E: 22, O: 421
30, 5, -2.0 - C: 48, E: 18, O: 416
30, 5, -1.0 - C: 53, E: 22, O: 407
30, 5, 0.0 - C: 62, E: 22, O: 398
30, 6, -6.0 - C: 13, E: 16, O: 453
30, 6, -5.0 - C: 18, E: 19, O: 445
30, 6, -4.0 - C: 24, E: 24, O: 434
30, 6, -3.8 - C: 26, E: 25, O: 431
30, 6, -3.6 - C: 26, E: 27, O: 429
30, 6, -3.4 - C: 29, E: 27, O: 426
30, 6, -3.2 - C: 32, E: 25, O: 425
30, 6, -3.0 - C: 37, E: 22, O: 423
30, 6, -2.0 - C: 47, E: 18, O: 417
30, 6, -1.0 - C: 51, E: 22, O: 409
30, 6, 0.0 - C: 60, E: 22, O: 400
30, 7, -6.0 - C: 11, E: 16, O: 455
30, 7, -5.0 - C: 16, E: 18, O: 448
30, 7, -4.0 - C: 22, E: 23, O: 437
30, 7, -3.8 - C: 24, E: 24, O: 434
30, 7, -3.6 - C: 24, E: 26, O: 432
30, 7, -3.4 - C: 27, E: 26, O: 429
30, 7, -3.2 - C: 30, E: 24, O: 428
30, 7, -3.0 - C: 35, E: 21, O: 426
30, 7, -2.0 - C: 45, E: 17, O: 420
30, 7, -1.0 - C: 50, E: 21, O: 411
30, 7, 0.0 - C: 60, E: 20, O: 402
30, 8, -6.0 - C: 9, E: 14, O: 459
30, 8, -5.0 - C: 13, E: 17, O: 452
30, 8, -4.0 - C: 19, E: 20, O: 443
30, 8, -3.8 - C: 21, E: 21, O: 440
30, 8, -3.6 - C: 21, E: 23, O: 438
30, 8, -3.4 - C: 24, E: 22, O: 436
30, 8, -3.2 - C: 26, E: 21, O: 435
30, 8, -3.0 - C: 31, E: 18, O: 433
30, 8, -2.0 - C: 39, E: 15, O: 428
30, 8, -1.0 - C: 43, E: 19, O: 420
30, 8, 0.0 - C: 55, E: 18, O: 409
30, 9, -6.0 - C: 7, E: 13, O: 462
30, 9, -5.0 - C: 11, E: 16, O: 455
30, 9, -4.0 - C: 17, E: 18, O: 447
30, 9, -3.8 - C: 19, E: 19, O: 444
30, 9, -3.6 - C: 19, E: 21, O: 442
30, 9, -3.4 - C: 22, E: 20, O: 440
30, 9, -3.2 - C: 22, E: 20, O: 440
30, 9, -3.0 - C: 27, E: 17, O: 438
30, 9, -2.0 - C: 35, E: 14, O: 433
30, 9, -1.0 - C: 38, E: 17, O: 427
30, 9, 0.0 - C: 50, E: 16, O: 416
30, 10, -6.0 - C: 2, E: 13, O: 467
30, 10, -5.0 - C: 4, E: 16, O: 462
30, 10, -4.0 - C: 9, E: 18, O: 455
30, 10, -3.8 - C: 11, E: 19, O: 452
30, 10, -3.6 - C: 11, E: 21, O: 450
30, 10, -3.4 - C: 13, E: 20, O: 449
30, 10, -3.2 - C: 13, E: 20, O: 449
30, 10, -3.0 - C: 16, E: 17, O: 449
30, 10, -2.0 - C: 23, E: 14, O: 445
30, 10, -1.0 - C: 26, E: 15, O: 441
30, 10, 0.0 - C: 36, E: 15, O: 431
40, 0, -6.0 - C: 17, E: 14, O: 451
40, 0, -5.0 - C: 21, E: 16, O: 445
40, 0, -4.0 - C: 27, E: 20, O: 435
40, 0, -3.8 - C: 29, E: 21, O: 432
40, 0, -3.6 - C: 29, E: 22, O: 431
40, 0, -3.4 - C: 33, E: 21, O: 428
40, 0, -3.2 - C: 36, E: 19, O: 427
40, 0, -3.0 - C: 40, E: 17, O: 425
40, 0, -2.0 - C: 48, E: 17, O: 417
40, 0, -1.0 - C: 53, E: 19, O: 410
40, 0, 0.0 - C: 62, E: 22, O: 398
40, 1, -6.0 - C: 17, E: 14, O: 451
40, 1, -5.0 - C: 21, E: 16, O: 445
40, 1, -4.0 - C: 27, E: 20, O: 435
40, 1, -3.8 - C: 29, E: 21, O: 432
40, 1, -3.6 - C: 29, E: 22, O: 431
40, 1, -3.4 - C: 33, E: 21, O: 428
40, 1, -3.2 - C: 36, E: 19, O: 427
40, 1, -3.0 - C: 40, E: 17, O: 425
40, 1, -2.0 - C: 48, E: 17, O: 417
40, 1, -1.0 - C: 53, E: 19, O: 410
40, 1, 0.0 - C: 62, E: 22, O: 398
40, 2, -6.0 - C: 16, E: 14, O: 452
40, 2, -5.0 - C: 21, E: 16, O: 445
40, 2, -4.0 - C: 27, E: 20, O: 435
40, 2, -3.8 - C: 29, E: 21, O: 432
40, 2, -3.6 - C: 29, E: 22, O: 431
40, 2, -3.4 - C: 33, E: 21, O: 428
40, 2, -3.2 - C: 36, E: 19, O: 427
40, 2, -3.0 - C: 40, E: 17, O: 425
40, 2, -2.0 - C: 48, E: 17, O: 417
40, 2, -1.0 - C: 53, E: 19, O: 410
40, 2, 0.0 - C: 62, E: 22, O: 398
40, 3, -6.0 - C: 16, E: 14, O: 452
40, 3, -5.0 - C: 21, E: 16, O: 445
40, 3, -4.0 - C: 27, E: 20, O: 435
40, 3, -3.8 - C: 29, E: 21, O: 432
40, 3, -3.6 - C: 29, E: 22, O: 431
40, 3, -3.4 - C: 33, E: 21, O: 428
40, 3, -3.2 - C: 36, E: 19, O: 427
40, 3, -3.0 - C: 40, E: 17, O: 425
40, 3, -2.0 - C: 48, E: 17, O: 417
40, 3, -1.0 - C: 53, E: 19, O: 410
40, 3, 0.0 - C: 62, E: 22, O: 398
40, 4, -6.0 - C: 16, E: 14, O: 452
40, 4, -5.0 - C: 21, E: 16, O: 445
40, 4, -4.0 - C: 27, E: 20, O: 435
40, 4, -3.8 - C: 29, E: 21, O: 432
40, 4, -3.6 - C: 29, E: 22, O: 431
40, 4, -3.4 - C: 33, E: 21, O: 428
40, 4, -3.2 - C: 36, E: 19, O: 427
40, 4, -3.0 - C: 40, E: 17, O: 425
40, 4, -2.0 - C: 48, E: 17, O: 417
40, 4, -1.0 - C: 53, E: 19, O: 410
40, 4, 0.0 - C: 62, E: 22, O: 398
40, 5, -6.0 - C: 14, E: 14, O: 454
40, 5, -5.0 - C: 19, E: 16, O: 447
40, 5, -4.0 - C: 25, E: 20, O: 437
40, 5, -3.8 - C: 27, E: 21, O: 434
40, 5, -3.6 - C: 27, E: 22, O: 433
40, 5, -3.4 - C: 31, E: 21, O: 430
40, 5, -3.2 - C: 34, E: 19, O: 429
40, 5, -3.0 - C: 39, E: 17, O: 426
40, 5, -2.0 - C: 48, E: 17, O: 417
40, 5, -1.0 - C: 53, E: 19, O: 410
40, 5, 0.0 - C: 62, E: 21, O: 399
40, 6, -6.0 - C: 13, E: 14, O: 455
40, 6, -5.0 - C: 18, E: 16, O: 448
40, 6, -4.0 - C: 24, E: 20, O: 438
40, 6, -3.8 - C: 26, E: 21, O: 435
40, 6, -3.6 - C: 26, E: 22, O: 434
40, 6, -3.4 - C: 29, E: 21, O: 432
40, 6, -3.2 - C: 32, E: 19, O: 431
40, 6, -3.0 - C: 37, E: 17, O: 428
40, 6, -2.0 - C: 47, E: 17, O: 418
40, 6, -1.0 - C: 51, E: 19, O: 412
40, 6, 0.0 - C: 60, E: 21, O: 401
40, 7, -6.0 - C: 11, E: 14, O: 457
40, 7, -5.0 - C: 16, E: 16, O: 450
40, 7, -4.0 - C: 22, E: 20, O: 440
40, 7, -3.8 - C: 24, E: 21, O: 437
40, 7, -3.6 - C: 24, E: 22, O: 436
40, 7, -3.4 - C: 27, E: 21, O: 434
40, 7, -3.2 - C: 30, E: 19, O: 433
40, 7, -3.0 - C: 35, E: 17, O: 430
40, 7, -2.0 - C: 45, E: 16, O: 421
40, 7, -1.0 - C: 50, E: 19, O: 413
40, 7, 0.0 - C: 60, E: 19, O: 403
40, 8, -6.0 - C: 9, E: 12, O: 461
40, 8, -5.0 - C: 13, E: 15, O: 454
40, 8, -4.0 - C: 19, E: 18, O: 445
40, 8, -3.8 - C: 21, E: 19, O: 442
40, 8, -3.6 - C: 21, E: 20, O: 441
40, 8, -3.4 - C: 24, E: 19, O: 439
40, 8, -3.2 - C: 26, E: 18, O: 438
40, 8, -3.0 - C: 31, E: 15, O: 436
40, 8, -2.0 - C: 39, E: 14, O: 429
40, 8, -1.0 - C: 43, E: 18, O: 421
40, 8, 0.0 - C: 55, E: 17, O: 410
40, 9, -6.0 - C: 7, E: 11, O: 464
40, 9, -5.0 - C: 11, E: 14, O: 457
40, 9, -4.0 - C: 17, E: 16, O: 449
40, 9, -3.8 - C: 19, E: 17, O: 446
40, 9, -3.6 - C: 19, E: 18, O: 445
40, 9, -3.4 - C: 22, E: 17, O: 443
40, 9, -3.2 - C: 22, E: 17, O: 443
40, 9, -3.0 - C: 27, E: 14, O: 441
40, 9, -2.0 - C: 35, E: 13, O: 434
40, 9, -1.0 - C: 38, E: 16, O: 428
40, 9, 0.0 - C: 50, E: 15, O: 417
40, 10, -6.0 - C: 2, E: 11, O: 469
40, 10, -5.0 - C: 4, E: 14, O: 464
40, 10, -4.0 - C: 9, E: 16, O: 457
40, 10, -3.8 - C: 11, E: 17, O: 454
40, 10, -3.6 - C: 11, E: 18, O: 453
40, 10, -3.4 - C: 13, E: 17, O: 452
40, 10, -3.2 - C: 13, E: 17, O: 452
40, 10, -3.0 - C: 16, E: 14, O: 452
40, 10, -2.0 - C: 23, E: 13, O: 446
40, 10, -1.0 - C: 26, E: 15, O: 441
40, 10, 0.0 - C: 36, E: 14, O: 432
50, 0, -6.0 - C: 17, E: 13, O: 452
50, 0, -5.0 - C: 21, E: 15, O: 446
50, 0, -4.0 - C: 27, E: 19, O: 436
50, 0, -3.8 - C: 29, E: 19, O: 434
50, 0, -3.6 - C: 29, E: 19, O: 434
50, 0, -3.4 - C: 33, E: 18, O: 431
50, 0, -3.2 - C: 36, E: 17, O: 429
50, 0, -3.0 - C: 40, E: 17, O: 425
50, 0, -2.0 - C: 48, E: 15, O: 419
50, 0, -1.0 - C: 53, E: 17, O: 412
50, 0, 0.0 - C: 62, E: 18, O: 402
50, 1, -6.0 - C: 17, E: 13, O: 452
50, 1, -5.0 - C: 21, E: 15, O: 446
50, 1, -4.0 - C: 27, E: 19, O: 436
50, 1, -3.8 - C: 29, E: 19, O: 434
50, 1, -3.6 - C: 29, E: 19, O: 434
50, 1, -3.4 - C: 33, E: 18, O: 431
50, 1, -3.2 - C: 36, E: 17, O: 429
50, 1, -3.0 - C: 40, E: 17, O: 425
50, 1, -2.0 - C: 48, E: 15, O: 419
50, 1, -1.0 - C: 53, E: 17, O: 412
50, 1, 0.0 - C: 62, E: 18, O: 402
50, 2, -6.0 - C: 16, E: 13, O: 453
50, 2, -5.0 - C: 21, E: 15, O: 446
50, 2, -4.0 - C: 27, E: 19, O: 436
50, 2, -3.8 - C: 29, E: 19, O: 434
50, 2, -3.6 - C: 29, E: 19, O: 434
50, 2, -3.4 - C: 33, E: 18, O: 431
50, 2, -3.2 - C: 36, E: 17, O: 429
50, 2, -3.0 - C: 40, E: 17, O: 425
50, 2, -2.0 - C: 48, E: 15, O: 419
50, 2, -1.0 - C: 53, E: 17, O: 412
50, 2, 0.0 - C: 62, E: 18, O: 402
50, 3, -6.0 - C: 16, E: 13, O: 453
50, 3, -5.0 - C: 21, E: 15, O: 446
50, 3, -4.0 - C: 27, E: 19, O: 436
50, 3, -3.8 - C: 29, E: 19, O: 434
50, 3, -3.6 - C: 29, E: 19, O: 434
50, 3, -3.4 - C: 33, E: 18, O: 431
50, 3, -3.2 - C: 36, E: 17, O: 429
50, 3, -3.0 - C: 40, E: 17, O: 425
50, 3, -2.0 - C: 48, E: 15, O: 419
50, 3, -1.0 - C: 53, E: 17, O: 412
50, 3, 0.0 - C: 62, E: 18, O: 402
50, 4, -6.0 - C: 16, E: 13, O: 453
50, 4, -5.0 - C: 21, E: 15, O: 446
50, 4, -4.0 - C: 27, E: 19, O: 436
50, 4, -3.8 - C: 29, E: 19, O: 434
50, 4, -3.6 - C: 29, E: 19, O: 434
50, 4, -3.4 - C: 33, E: 18, O: 431
50, 4, -3.2 - C: 36, E: 17, O: 429
50, 4, -3.0 - C: 40, E: 17, O: 425
50, 4, -2.0 - C: 48, E: 15, O: 419
50, 4, -1.0 - C: 53, E: 17, O: 412
50, 4, 0.0 - C: 62, E: 18, O: 402
50, 5, -6.0 - C: 14, E: 13, O: 455
50, 5, -5.0 - C: 19, E: 15, O: 448
50, 5, -4.0 - C: 25, E: 19, O: 438
50, 5, -3.8 - C: 27, E: 19, O: 436
50, 5, -3.6 - C: 27, E: 19, O: 436
50, 5, -3.4 - C: 31, E: 18, O: 433
50, 5, -3.2 - C: 34, E: 17, O: 431
50, 5, -3.0 - C: 39, E: 17, O: 426
50, 5, -2.0 - C: 48, E: 15, O: 419
50, 5, -1.0 - C: 53, E: 17, O: 412
50, 5, 0.0 - C: 62, E: 17, O: 403
50, 6, -6.0 - C: 13, E: 13, O: 456
50, 6, -5.0 - C: 18, E: 15, O: 449
50, 6, -4.0 - C: 24, E: 19, O: 439
50, 6, -3.8 - C: 26, E: 19, O: 437
50, 6, -3.6 - C: 26, E: 19, O: 437
50, 6, -3.4 - C: 29, E: 18, O: 435
50, 6, -3.2 - C: 32, E: 17, O: 433
50, 6, -3.0 - C: 37, E: 17, O: 428
50, 6, -2.0 - C: 47, E: 15, O: 420
50, 6, -1.0 - C: 51, E: 17, O: 414
50, 6, 0.0 - C: 60, E: 17, O: 405
50, 7, -6.0 - C: 11, E: 13, O: 458
50, 7, -5.0 - C: 16, E: 15, O: 451
50, 7, -4.0 - C: 22, E: 19, O: 441
50, 7, -3.8 - C: 24, E: 19, O: 439
50, 7, -3.6 - C: 24, E: 19, O: 439
50, 7, -3.4 - C: 27, E: 18, O: 437
50, 7, -3.2 - C: 30, E: 17, O: 435
50, 7, -3.0 - C: 35, E: 17, O: 430
50, 7, -2.0 - C: 45, E: 14, O: 423
50, 7, -1.0 - C: 50, E: 17, O: 415
50, 7, 0.0 - C: 60, E: 16, O: 406
50, 8, -6.0 - C: 9, E: 11, O: 462
50, 8, -5.0 - C: 13, E: 14, O: 455
50, 8, -4.0 - C: 19, E: 18, O: 445
50, 8, -3.8 - C: 21, E: 18, O: 443
50, 8, -3.6 - C: 21, E: 18, O: 443
50, 8, -3.4 - C: 24, E: 17, O: 441
50, 8, -3.2 - C: 26, E: 16, O: 440
50, 8, -3.0 - C: 31, E: 15, O: 436
50, 8, -2.0 - C: 39, E: 13, O: 430
50, 8, -1.0 - C: 43, E: 16, O: 423
50, 8, 0.0 - C: 55, E: 15, O: 412
50, 9, -6.0 - C: 7, E: 11, O: 464
50, 9, -5.0 - C: 11, E: 13, O: 458
50, 9, -4.0 - C: 17, E: 16, O: 449
50, 9, -3.8 - C: 19, E: 16, O: 447
50, 9, -3.6 - C: 19, E: 16, O: 447
50, 9, -3.4 - C: 22, E: 15, O: 445
50, 9, -3.2 - C: 22, E: 15, O: 445
50, 9, -3.0 - C: 27, E: 14, O: 441
50, 9, -2.0 - C: 35, E: 12, O: 435
50, 9, -1.0 - C: 38, E: 15, O: 429
50, 9, 0.0 - C: 50, E: 13, O: 419
50, 10, -6.0 - C: 2, E: 11, O: 469
50, 10, -5.0 - C: 4, E: 13, O: 465
50, 10, -4.0 - C: 9, E: 16, O: 457
50, 10, -3.8 - C: 11, E: 16, O: 455
50, 10, -3.6 - C: 11, E: 16, O: 455
50, 10, -3.4 - C: 13, E: 15, O: 454
50, 10, -3.2 - C: 13, E: 15, O: 454
50, 10, -3.0 - C: 16, E: 14, O: 452
50, 10, -2.0 - C: 23, E: 12, O: 447
50, 10, -1.0 - C: 26, E: 14, O: 442
50, 10, 0.0 - C: 36, E: 12, O: 434
